{"trainKey":"s5|fitness studio|07:30|2025-11-21","linie":"S5","ziel":"Fitness Studio","plan":"07:30","actual":"07:30","dauer":"90","stops":"","date":"2025-11-21","canceled":true}
{"trainKey":"s6|höhere mathematik i|09:45|2025-11-21","linie":"S6","ziel":"Höhere Mathematik I","plan":"09:45","actual":"09:45","dauer":"90","stops":"PWR 53 - V 53.01","date":"2025-11-21","canceled":true}
{"trainKey":"s1|mittagspause|12:00|2025-11-21","linie":"S1","ziel":"Mittagspause","plan":"12:00","actual":"12:00","dauer":"60","stops":"Heute kein Mittagsschlaf.","date":"2025-11-21","canceled":false}
{"trainKey":"s7|technische mechanik i (übung)|13:00|2025-11-21","linie":"S7","ziel":"Technische Mechanik I (Übung)","plan":"13:00","actual":"14:00","dauer":220,"stops":"Einsatzort: WG\n\nDieser Termin ist zur Vorbereitung für das Faserverbundlabor vorgesehen.","date":"2025-11-21","canceled":false}
{"trainKey":"s4|unknown|18:00|2025-11-21","linie":"S4","ziel":"","plan":"18:00","actual":"18:00","dauer":"480","stops":"Kein Termin zum Ausgehen eingetragen....leider.","date":"2025-11-21","canceled":true}
{"trainKey":"s5|fitness studio|07:30|2025-11-22","linie":"S5","ziel":"Fitness Studio","plan":"07:30","actual":"07:30","dauer":90,"stops":"Anmeldung noch nicht erfolgt!","date":"2025-11-22","canceled":false}
{"trainKey":"s3|unknown|10:00|2025-11-22","linie":"S3","ziel":"","plan":"10:00","actual":"10:00","dauer":"120","stops":"","date":"2025-11-22","canceled":false}
{"trainKey":"s3|unknown|14:00|2025-11-22","linie":"S3","ziel":"","plan":"14:00","actual":"14:00","dauer":"180","stops":"","date":"2025-11-22","canceled":false}
{"trainKey":"s7|mathematik i|20:00|2025-11-22","linie":"S7","ziel":"Mathematik I","plan":"20:00","actual":"20:00","dauer":180,"stops":"","date":"2025-11-22","canceled":false}
{"trainKey":"s3|movie night prep|22:00|2025-11-22","linie":"S3","ziel":"Movie Night Prep","plan":"22:00","actual":"23:00","dauer":60,"stops":"","date":"2025-11-22","canceled":false}
{"trainKey":"s7|mathe: folgen, reihen, grenzwert|10:00|2025-11-23","linie":"S7","ziel":"Mathe: Folgen, Reihen, Grenzwert","plan":"10:00","actual":"10:00","dauer":210,"stops":"","date":"2025-11-23","canceled":true}
{"trainKey":"s7|technische mechanik (übung)|14:00|2025-11-23","linie":"S7","ziel":"Technische Mechanik (Übung)","plan":"14:00","actual":"14:00","dauer":180,"stops":"Dieser Termin ist für das Selbststudium TM1 vorgesehen.\nLiteratur: TM1","date":"2025-11-23","canceled":false}
{"trainKey":"s7|isd labor|19:00|2025-11-23","linie":"S7","ziel":"ISD Labor","plan":"19:00","actual":"19:00","dauer":240,"stops":"","date":"2025-11-23","canceled":true}
{"trainKey":"s6|isd labor|14:00|2025-11-19","linie":"S6","ziel":"ISD Labor","plan":"14:00","actual":"14:00","dauer":"180","stops":"Zur Vertiefung ausgewählter Inhalte aus der Vorlesung „Werkstoffkunde und Funktionswerk\nstoffe“ findet das Labor Werkstoffkunde am ISD statt. Der Leistungsnachweis erfolgt durch An\nwesenheit und das protokolieren der durchgeführten Versuche in kleinen Gruppen. \nFolgende Versuche und Themen werden behandelt: \n• Härteprüfung und Statistik \n• Zugversuch und die schwingende Beanspruchung \nJeder Student/in muss das Labor Werkstoffkunde (Dauer: 3 Stunden) durchgeführt haben. Die \nTeilnahme am Labor ist Voraussetzung für die Zulassung zur Prüfung! \nFür dir Teilnahme am Labor Werkstoffkunde (ISD) müssen die Studierenden einen schriftlichen \nZulassungstest (Dauer ca.: 10 min) bestehen. Dafür benötigen Sie mindestens 11 Richtige Ant\nworten aus 17 Fragen. Die dafür benötigten Unterlagen befinden sich im Ordner „Unterlagen \nWerkstoffkunde und Funktionswerkstoffe (Labor ISD) WS 2025-2026“ \nBeispiel Musterlösung Test \nFalls Sie den Test nicht bestanden haben wird das Labor abgebrochen und Sie müssen/sollten den \nTest in einer anderen Gruppe nachholen. \nDas Labor zu unterbrechen und an einem anderen Termin weiterzuführen ist nicht gestattet. \nAblauf \nFür die Teilnahme am Labor Werkstoffkunde (ISD) ist eine vorherige Anmeldung im ILIAS Uni \nStuttgart mit ST-Account und Passwort erforderlich. \nBeispiel \nIn der Datei „Anmeldetermine Werkstoffkunde und Funktionswerkstoffe (Labor ISD) WS 2025\n2026“ finden Sie alle Termine und Gruppen. Wählen Sie ein Termin aus und tragen Sie sich in die \nzugeordnete Gruppe (max.: 12 Mitglieder) ein. Ist die Gruppe voll belegt, haben Sie noch immer \ndie Möglichkeit sich in eine andere Gruppe einzutragen. \nTreffpunkt für das Labor Werkstoffkunde (ISD) ist die Eingangshalle im Gebäude Pfaffenwald\nring 27. Dort werden Sie von 2 Tutoren in Empfang genommen und zu den Laborräumen geführt. \nBitte pünktlich kommen! \nMerke! \nDie Teilnahme am Labor Werkstoffkunde (ISD) ist Voraussetzung für die schriftliche Zulassung \nzur Prüfung „Werkstoffkunde und Funktionswerkstoffe“! \nFür Fragen steht Ihnen Herr Mellinger zur Verfügung. \nTelefon: +49-711/685-63608 \nE-Mail: mellinger@isd.uni-stuttgart.de","date":"2025-11-19","canceled":false}
{"trainKey":"fex|midterm 25 start|00:00|2025-11-23","linie":"FEX","ziel":"Midterm 25 Start","plan":"00:00","actual":"00:00","dauer":"","stops":"","date":"2025-11-23","canceled":false}
{"trainKey":"s6|[prü] physik + hm1|09:00|2025-11-23","linie":"S6","ziel":"[PRÜ] Physik + HM1","plan":"09:00","actual":"10:00","dauer":120,"stops":"Qualitätsprüfung\n\nZeit: 90 Minuten\n\n Form: Multiple Choice. \n\nInhalt: Altklausur, ausgenommen sind nicht abgedeckte Themen.","date":"2025-11-23","canceled":false}
{"trainKey":"s6|[prü] technische mechanik|09:00|2025-11-22","linie":"S6","ziel":"[PRÜ] Technische Mechanik","plan":"09:00","actual":"15:00","dauer":"60","stops":"Qualitätsprüfung\n\nZeit: 90 Minuten\n\n Form: Multiple Choice. \n\nInhalt: Altklausur, ausgenommen sind nicht abgedeckte Themen.","date":"2025-11-22","canceled":false}
{"trainKey":"s6|[prü][vortrag] wk + ft |15:00|2025-11-23","linie":"S6","ziel":"[PRÜ][Vortrag] WK + FT ","plan":"15:00","actual":"15:00","dauer":"120","stops":"Qualitätsprüfung\n\nZeit: 90 Minuten\n\n Form: Multiple Choice. \n\nInhalt: Altklausur, ausgenommen sind nicht abgedeckte Themen.","date":"2025-11-23","canceled":false}
{"trainKey":"s4|alllumnifest|15:00|2025-11-22","linie":"S4","ziel":"AlllumniFest","plan":"15:00","actual":"15:00","dauer":"","stops":"","date":"2025-11-22","canceled":true}
{"trainKey":"s4|ersties treffen|18:00|2025-11-17","linie":"S4","ziel":"Ersties Treffen","plan":"18:00","actual":"18:00","dauer":100,"stops":"","date":"2025-11-17","canceled":false}
{"trainKey":"s6|[prü] softwaretechnik|09:00|2025-11-22","linie":"S6","ziel":"[PRÜ] Softwaretechnik","plan":"09:00","actual":"10:45","dauer":60,"stops":"","date":"2025-11-22","canceled":false}
{"trainKey":"s4|geburtstagsfeier???|19:00|2025-11-19","linie":"S4","ziel":"Geburtstagsfeier???","plan":"19:00","actual":"18:00","dauer":240,"stops":"","date":"2025-11-19","canceled":false}
{"trainKey":"s2|wocheneinkauf|09:00|2025-11-19","linie":"S2","ziel":"Wocheneinkauf","plan":"09:00","actual":"09:00","dauer":45,"stops":"","date":"2025-11-19","canceled":false}
{"trainKey":"s7|isd labor|10:00|2025-11-19","linie":"S7","ziel":"ISD Labor","plan":"10:00","actual":"10:00","dauer":90,"stops":"","date":"2025-11-19","canceled":false}
{"trainKey":"s7|mathematik i|22:00|2025-11-17","linie":"S7","ziel":"Mathematik I","plan":"22:00","actual":"22:00","dauer":120,"stops":"","date":"2025-11-17","canceled":false}
{"trainKey":"s7|mathematik i|08:00|2025-11-18","linie":"S7","ziel":"Mathematik I","plan":"08:00","actual":"08:00","dauer":90,"stops":"","date":"2025-11-18","canceled":false}
{"trainKey":"s2|kochen|17:45|2025-11-18","linie":"S2","ziel":"Kochen","plan":"17:45","actual":"17:45","dauer":60,"stops":"","date":"2025-11-18","canceled":false}
{"trainKey":"s5|fitness studio|17:30|2025-11-20","linie":"S5","ziel":"Fitness Studio","plan":"17:30","actual":"17:30","dauer":110,"stops":"","date":"2025-11-20","canceled":true}
{"trainKey":"s7|[zf] isd labor|14:00|2025-11-17","linie":"S7","ziel":"[ZF] ISD Labor","plan":"14:00","actual":"14:00","dauer":90,"stops":"","date":"2025-11-17","canceled":false}
{"trainKey":"fex|ausländerbehörde|07:30|2025-11-19","linie":"FEX","ziel":"Ausländerbehörde","plan":"07:30","actual":"07:30","dauer":240,"stops":"","date":"2025-11-19","canceled":true}
{"trainKey":"fex|unterlagen ausdrucken|17:30|2025-11-18","linie":"FEX","ziel":"Unterlagen ausdrucken","plan":"17:30","actual":"17:30","dauer":"","stops":"","date":"2025-11-18","canceled":false}
{"trainKey":"s7|isd labor|22:00|2025-11-18","linie":"S7","ziel":"ISD Labor","plan":"22:00","actual":"22:00","dauer":120,"stops":"","date":"2025-11-18","canceled":false}
{"trainKey":"s2|your chicken is baking|18:50|2025-11-18","linie":"S2","ziel":"Your chicken is baking","plan":"18:50","actual":"18:50","dauer":"","stops":"","date":"2025-11-18","canceled":false}
{"trainKey":"s7|[zf] mathematik i|18:27|2025-11-18","linie":"S7","ziel":"[ZF] Mathematik I","plan":"18:27","actual":"18:27","dauer":20,"stops":"","date":"2025-11-18","canceled":false}
{"trainKey":"s4|movie nighttt|18:00|2025-11-23","linie":"S4","ziel":"MOVIE NIGHTTT","plan":"18:00","actual":"18:30","dauer":360,"stops":"","date":"2025-11-23","canceled":false}
{"trainKey":"s1|everything shower|16:00|2025-11-23","linie":"S1","ziel":"EVERYTHING SHOWER","plan":"16:00","actual":"17:30","dauer":60,"stops":"","date":"2025-11-23","canceled":false}
{"trainKey":"s7|prüfungsvorbereitung: softwaretechnik|19:00|2025-11-21","linie":"S7","ziel":"Prüfungsvorbereitung: Softwaretechnik","plan":"19:00","actual":"19:30","dauer":60,"stops":"","date":"2025-11-21","canceled":false}
{"trainKey":"s9|cardigan drop today!!|00:00|2025-11-19","linie":"S9","ziel":"CARDIGAN DROP TODAY!!","plan":"00:00","actual":"00:00","dauer":1440,"stops":"","date":"2025-11-19","canceled":false}
{"trainKey":"s9|ausländerbehörde|13:00|2025-11-20","linie":"S9","ziel":"AUSLÄNDERBEHÖRDE","plan":"13:00","actual":"13:00","dauer":60,"stops":"","date":"2025-11-20","canceled":false}
{"trainKey":"s7|mathematik i|21:00|2025-11-20","linie":"S7","ziel":"Mathematik I","plan":"21:00","actual":"23:40","dauer":60,"stops":"","date":"2025-11-20","canceled":true}
{"trainKey":"s1|pause|14:50|2025-11-21","linie":"S1","ziel":"Pause","plan":"14:50","actual":"14:54","dauer":10,"stops":"","date":"2025-11-21","canceled":false}
{"trainKey":"s1|pause|16:40|2025-11-21","linie":"S1","ziel":"Pause","plan":"16:40","actual":"16:40","dauer":10,"stops":"","date":"2025-11-21","canceled":false}
{"trainKey":"s7|exphys|20:00|2025-11-21","linie":"S7","ziel":"ExPhys","plan":"20:00","actual":"20:30","dauer":220,"stops":"","date":"2025-11-21","canceled":false}
{"trainKey":"s7|technische mechanik i (übung)|07:30|2025-11-21","linie":"S7","ziel":"Technische Mechanik I (Übung)","plan":"07:30","actual":"07:30","dauer":120,"stops":"","date":"2025-11-21","canceled":false}
{"trainKey":"s1|pause|21:00|2025-11-21","linie":"S1","ziel":"Pause","plan":"21:00","actual":"21:05","dauer":10,"stops":"","date":"2025-11-21","canceled":false}
{"trainKey":"s1|pause|21:50|2025-11-21","linie":"S1","ziel":"Pause","plan":"21:50","actual":"21:50","dauer":10,"stops":"","date":"2025-11-21","canceled":false}
{"trainKey":"s1|pause|22:40|2025-11-21","linie":"S1","ziel":"Pause","plan":"22:40","actual":"22:40","dauer":15,"stops":"","date":"2025-11-21","canceled":false}
{"trainKey":"s3|movie night prep|23:40|2025-11-21","linie":"S3","ziel":"Movie Night Prep","plan":"23:40","actual":"23:40","dauer":20,"stops":"","date":"2025-11-21","canceled":true}
{"trainKey":"s7|[zf] technische mechanik i (übung)|10:30|2025-11-21","linie":"S7","ziel":"[ZF] Technische Mechanik I (Übung)","plan":"10:30","actual":"10:30","dauer":90,"stops":"","date":"2025-11-21","canceled":false}
{"trainKey":"s2|kochen|11:00|2025-11-22","linie":"S2","ziel":"Kochen","plan":"11:00","actual":"11:00","dauer":120,"stops":"","date":"2025-11-22","canceled":false}
{"trainKey":"s7|technische mechanik i (übung)|13:00|2025-11-22","linie":"S7","ziel":"Technische Mechanik I (Übung)","plan":"13:00","actual":"13:30","dauer":120,"stops":"","date":"2025-11-22","canceled":false}
{"trainKey":"s1|pause|14:00|2025-11-22","linie":"S1","ziel":"Pause","plan":"14:00","actual":"14:00","dauer":10,"stops":"","date":"2025-11-22","canceled":false}
{"trainKey":"s1|pause|14:50|2025-11-22","linie":"S1","ziel":"Pause","plan":"14:50","actual":"14:50","dauer":10,"stops":"","date":"2025-11-22","canceled":false}
{"trainKey":"s1|pause|15:40|2025-11-22","linie":"S1","ziel":"Pause","plan":"15:40","actual":"15:40","dauer":15,"stops":"","date":"2025-11-22","canceled":true}
{"trainKey":"s7|mathematik i|13:00|2025-11-22","linie":"S7","ziel":"Mathematik I","plan":"13:00","actual":"15:00","dauer":"","stops":"","date":"2025-11-22","canceled":false}
{"trainKey":"s7|wk + ft vorbereitung|13:00|2025-11-23","linie":"S7","ziel":"WK + FT Vorbereitung","plan":"13:00","actual":"13:00","dauer":120,"stops":"","date":"2025-11-23","canceled":false}
{"trainKey":"s2|mittag + wocheneinkauf|11:00|2025-11-22","linie":"S2","ziel":"Mittag + Wocheneinkauf","plan":"11:00","actual":"11:45","dauer":90,"stops":"","date":"2025-11-22","canceled":false}
{"trainKey":"s2|mittag + wocheneinkauf|11:01|2025-11-22","linie":"S2","ziel":"Mittag + Wocheneinkauf","plan":"11:01","actual":"11:00","dauer":120,"stops":"","date":"2025-11-22","canceled":false}
{"trainKey":"s1|pause|21:34|2025-11-22","linie":"S1","ziel":"Pause","plan":"21:34","actual":"21:34","dauer":10,"stops":"","date":"2025-11-22","canceled":false}
{"trainKey":"s7|technische mechanik i (übung)|13:00|2025-11-23","linie":"S7","ziel":"Technische Mechanik I (Übung)","plan":"13:00","actual":"13:00","dauer":180,"stops":"","date":"2025-11-23","canceled":false}
{"trainKey":"s6|[prü] technische mechanik i|16:00|2025-11-23","linie":"S6","ziel":"[PRÜ] Technische Mechanik I","plan":"16:00","actual":"16:00","dauer":90,"stops":"","date":"2025-11-23","canceled":true}
{"trainKey":"s2|lüften|09:55|2025-11-23","linie":"S2","ziel":"Lüften","plan":"09:55","actual":"09:55","dauer":14,"stops":"","date":"2025-11-23","canceled":false}
{"trainKey":"fex|unknown|17:00|2025-11-23","linie":"FEX","ziel":"","plan":"17:00","actual":"17:30","dauer":120,"stops":"","date":"2025-11-23","canceled":false}
{"trainKey":"fex|hallucination|17:00|2025-11-23","linie":"FEX","ziel":"Hallucination","plan":"17:00","actual":"17:30","dauer":120,"stops":"","date":"2025-11-23","canceled":true}
{"trainKey":"s1|everrrything shower|16:00|2025-11-23","linie":"S1","ziel":"EVErrRYTHING SHOWER","plan":"16:00","actual":"17:30","dauer":60,"stops":"","date":"2025-11-23","canceled":false}
{"trainKey":"s7|everything shower|16:00|2025-11-23","linie":"S7","ziel":"EVERYTHING SHOWER","plan":"16:00","actual":"17:30","dauer":60,"stops":"","date":"2025-11-23","canceled":false}
