{"trainKey":"s6|ifb faserverbundlabor |14:00|2025-11-07","linie":"S6","ziel":"IFB Faserverbundlabor ","plan":"14:00","actual":"14:00","dauer":"180","stops":"","date":"2025-11-07","canceled":false}
{"trainKey":"s2|[zf] halbwocheneinkauf|09:10|2025-11-03","linie":"S2","ziel":"[ZF] Halbwocheneinkauf","plan":"09:10","actual":"09:35","dauer":"60","stops":"[Zusatzfahrt] Halbwocheneinkauf","date":"2025-11-03","canceled":false}
{"trainKey":"s1|[zf] schlafen|10:10|2025-11-03","linie":"S1","ziel":"[ZF] Schlafen","plan":"10:10","actual":"10:35","dauer":"60","stops":"Girl u dead how are you still awake","date":"2025-11-03","canceled":false}
{"trainKey":"s2|[zf] kochen|17:45|2025-11-04","linie":"S2","ziel":"[ZF] Kochen","plan":"17:45","actual":"17:45","dauer":"100","stops":"","date":"2025-11-04","canceled":false}
{"trainKey":"s7|[zf] tz - fertig!!!!!!|22:00|2025-11-04","linie":"S7","ziel":"[ZF] TZ - Fertig!!!!!!","plan":"22:00","actual":"22:00","dauer":"240","stops":" ","date":"2025-11-04","canceled":false}
{"trainKey":"s7|[zf] tz - fertigg bitte!!!!|07:30|2025-11-05","linie":"S7","ziel":"[ZF] TZ - Fertigg bitte!!!!","plan":"07:30","actual":"07:30","dauer":"120","stops":"","date":"2025-11-05","canceled":false}
{"trainKey":"s7|[zf] tz - anfangen|13:45|2025-11-03","linie":"S7","ziel":"[ZF] TZ - Anfangen","plan":"13:45","actual":"22:00","dauer":"105","stops":"Einsatzort: Zuhause","date":"2025-11-03","canceled":false}
{"trainKey":"s7|[zf] tz - weiter|22:00|2025-11-03","linie":"S7","ziel":"[ZF] TZ - Weiter","plan":"22:00","actual":"23:59","dauer":"120","stops":"Einsatzort: Zuhause","date":"2025-11-03","canceled":false}
{"trainKey":"s1|[zf] schlafen|13:58|2025-11-03","linie":"S1","ziel":"[ZF] Schlafen","plan":"13:58","actual":"13:58","dauer":"90","stops":"","date":"2025-11-03","canceled":false}
{"trainKey":"s7|[nachholtermin] werkstoffkunde|12:00|2025-11-04","linie":"S7","ziel":"[Nachholtermin] Werkstoffkunde","plan":"12:00","actual":"12:10","dauer":"105","stops":"","date":"2025-11-04","canceled":false}
{"trainKey":"s45|flurus it|18:00|2025-11-06","linie":"S45","ziel":"FLURUS IT","plan":"18:00","actual":"18:00","dauer":"500","stops":"","date":"2025-11-06","canceled":false}
{"trainKey":"s7|[zf] mathe|14:00|2025-11-08","linie":"S7","ziel":"[ZF] Mathe","plan":"14:00","actual":"16:40","dauer":120,"stops":"","date":"2025-11-08","canceled":false}
{"trainKey":"s7|[zf] mathe|23:59|2025-11-03","linie":"S7","ziel":"[ZF] Mathe","plan":"23:59","actual":"23:59","dauer":"120","stops":"","date":"2025-11-03","canceled":false}
{"trainKey":"s7|[zf] mathematik i|10:30|2025-11-04","linie":"S7","ziel":"[ZF] Mathematik I","plan":"10:30","actual":"10:30","dauer":"90","stops":"","date":"2025-11-04","canceled":false}
{"trainKey":"s45|puffer flurus it|00:00|2025-11-07","linie":"S45","ziel":"Puffer FLURUS IT","plan":"00:00","actual":"00:00","dauer":"700","stops":"Das Fortsetzen dieses Termins führt zur Ausfall folgender nächstliegenden Termine:\nS5 - Fitness Studio\nS6 - Lehrversanstaltung: HM 1 (!)\n\nNächste Möglichkeit zum Nachholen: Freitag, 07.11.2025, 18.00 - 21.00 Uhr.\n\nEin 6 Std. Tagesschlaf zur Vorbereitung für das Faserverbundlabor um 14.00 Uhr ist in diesem Zeitfenster inbegriffen. ","date":"2025-11-07","canceled":true}
{"trainKey":"s7|[zf] bootstrap|13:00|2025-11-05","linie":"S7","ziel":"[ZF] Bootstrap","plan":"13:00","actual":"13:00","dauer":"840","stops":"","date":"2025-11-05","canceled":false}
{"trainKey":"s1|test|16:00|2025-11-05","linie":"S1","ziel":"Test","plan":"16:00","actual":"16:00","dauer":"","stops":"","date":"2025-11-05","canceled":false}
{"trainKey":"s1|frankfurt am main  ✈ flughafen fernbahnhof|19:40|2025-11-05","linie":"S1","ziel":"Frankfurt am Main  ✈ Flughafen Fernbahnhof","plan":"19:40","actual":"21:59","dauer":"500","stops":"Lorem ipsum dolor sit amet, consetetur sadipscing elitr, sed diam nonumy eirmod tempor invidunt ut labore et dolore magna aliquyam erat, sed diam voluptua. At vero eos et accusam et justo duo dolores et ea rebum. Stet clita kasd gubergren, no sea takimata sanctus est Lorem ipsum dolor sit amet. Lorem ipsum dolor sit amet, consetetur sadipscing elitr, sed diam nonumy eirmod tempor invidunt ut labore et dolore magna aliquyam erat, sed diam voluptua. At vero eos et accusam et justo duo dolores et ea rebum. Stet clita kasd gubergren, no sea takimata sanctus est Lorem ipsum dolor sit amet. Lorem ipsum dolor sit amet, consetetur sadipscing elitr, sed diam nonumy eirmod tempor invidunt ut labore et dolore magna aliquyam erat, sed diam voluptua. At vero eos et accusam et justo duo dolores et ea rebum. Stet clita kasd gubergren, no sea takimata sanctus est Lorem ipsum dolor sit amet.\nLorem ipsum dolor sit amet, consetetur sadipscing elitr, sed diam nonumy eirmod tempor invidunt ut labore et dolore magna aliquyam erat, sed diam voluptua. At vero eos et accusam et justo duo dolores et ea rebum. Stet clita kasd gubergren, no sea takimata sanctus est Lorem ipsum dolor sit amet. Lorem ipsum dolor sit amet, consetetur sadipscing elitr, sed diam nonumy eirmod tempor invidunt ut labore et dolore magna aliquyam erat, sed diam voluptua. At vero eos et accusam et justo duo dolores et ea rebum. Stet clita kasd gubergren, no sea takimata sanctus est Lorem ipsum dolor sit amet. Lorem ipsum dolor sit amet, consetetur sadipscing elitr, sed diam nonumy eirmod tempor invidunt ut labore et dolore magna aliquyam erat, sed diam voluptua. At vero eos et accusam et justo duo dolores et ea rebum. Stet clita kasd gubergren, no sea takimata sanctus est Lorem ipsum dolor sit amet.\nLorem ipsum dolor sit amet, consetetur sadipscing elitr, sed diam nonumy eirmod tempor invidunt ut labore et dolore magna aliquyam erat, sed diam voluptua. At vero eos et accusam et justo duo dolores et ea rebum. Stet clita kasd gubergren, no sea takimata sanctus est Lorem ipsum dolor sit amet. Lorem ipsum dolor sit amet, consetetur sadipscing elitr, sed diam nonumy eirmod tempor invidunt ut labore et dolore magna aliquyam erat, sed diam voluptua. At vero eos et accusam et justo duo dolores et ea rebum. Stet clita kasd gubergren, no sea takimata sanctus est Lorem ipsum dolor sit amet. Lorem ipsum dolor sit amet, consetetur sadipscing elitr, sed diam nonumy eirmod tempor invidunt ut labore et dolore magna aliquyam erat, sed diam voluptua. At vero eos et accusam et justo duo dolores et ea rebum. Stet clita kasd gubergren, no sea takimata sanctus est Lorem ipsum dolor sit amet.\n","date":"2025-11-05","canceled":false}
{"trainKey":"s4|movie night - interstellar|20:00|2025-11-06","linie":"S4","ziel":"Movie Night - Interstellar","plan":"20:00","actual":"20:00","dauer":"360","stops":"","date":"2025-11-06","canceled":false}
{"trainKey":"re 1|bremerhaven-lehe|13:30|2025-11-06","linie":"RE 1","ziel":"Bremerhaven-Lehe","plan":"13:30","actual":"13:30","dauer":"","stops":"","date":"2025-11-06","canceled":true}
{"trainKey":"s7|[zf] fertigungstechnik|19:00|2025-11-07","linie":"S7","ziel":"[ZF] Fertigungstechnik","plan":"19:00","actual":"20:20","dauer":"60","stops":"","date":"2025-11-07","canceled":true}
{"trainKey":"s7|[zf] werkstoffkunde|20:10|2025-11-07","linie":"S7","ziel":"[ZF] Werkstoffkunde","plan":"20:10","actual":"21:30","dauer":"60","stops":"","date":"2025-11-07","canceled":false}
{"trainKey":"s7|[zf] mathematik i|21:20|2025-11-07","linie":"S7","ziel":"[ZF] Mathematik I","plan":"21:20","actual":"22:30","dauer":180,"stops":"","date":"2025-11-07","canceled":false}
{"trainKey":"s7|tz fertig!!!|20:30|2025-11-09","linie":"S7","ziel":"TZ FERTIG!!!","plan":"20:30","actual":"21:20","dauer":"60","stops":"","date":"2025-11-09","canceled":false}
{"trainKey":"s2|[zf] aufräumen|17:40|2025-11-07","linie":"S2","ziel":"[ZF] Aufräumen","plan":"17:40","actual":"17:40","dauer":"75","stops":"CLEAN UR ROOM BITCH","date":"2025-11-07","canceled":false}
{"trainKey":"s2|ur meat is cooking|19:50|2025-11-07","linie":"S2","ziel":"Ur meat is cooking","plan":"19:50","actual":"19:50","dauer":"23","stops":"","date":"2025-11-07","canceled":false}
{"trainKey":"s2|mittag|12:00|2025-11-08","linie":"S2","ziel":"Mittag","plan":"12:00","actual":"14:20","dauer":"","stops":"","date":"2025-11-08","canceled":false}
{"trainKey":"s7|werkstoffkunde + fertigungstechnik|21:00|2025-11-08","linie":"S7","ziel":"Werkstoffkunde + Fertigungstechnik","plan":"21:00","actual":"22:30","dauer":60,"stops":"","date":"2025-11-08","canceled":false}
{"trainKey":"s2|duschen|18:40|2025-11-08","linie":"S2","ziel":"Duschen","plan":"18:40","actual":"18:55","dauer":20,"stops":"","date":"2025-11-08","canceled":false}
{"trainKey":"s2|abendessen|19:00|2025-11-08","linie":"S2","ziel":"Abendessen","plan":"19:00","actual":"19:00","dauer":60,"stops":"","date":"2025-11-08","canceled":false}
{"trainKey":"s1|test|08:00|2025-11-09","linie":"S1","ziel":"Test","plan":"08:00","actual":"08:00","dauer":60,"stops":"","date":"2025-11-09","canceled":false}
{"trainKey":"s2|vorbereitung|12:20|2025-11-09","linie":"S2","ziel":"Vorbereitung","plan":"12:20","actual":"12:20","dauer":15,"stops":"","date":"2025-11-09","canceled":false}
{"trainKey":"s2|mittag|12:35|2025-11-09","linie":"S2","ziel":"Mittag","plan":"12:35","actual":"12:30","dauer":90,"stops":"","date":"2025-11-09","canceled":false}
