{"trainKey":"s46|dj-verträge|23:59|2026-03-30","linie":"S46","ziel":"DJ-Verträge","plan":"23:59","actual":"23:59","dauer":"","stops":"","date":"2026-03-30","canceled":false}
{"trainKey":"fex|[prü] elektrotechnik|12:00|2026-03-31","linie":"FEX","ziel":"[PRÜ] Elektrotechnik","plan":"12:00","actual":"12:00","dauer":60,"stops":"","date":"2026-03-31","canceled":false}
{"trainKey":"s6|eagle task 2|23:59|2026-03-31","linie":"S6","ziel":"EAGLE Task 2","plan":"23:59","actual":"23:59","dauer":"","stops":"","date":"2026-03-31","canceled":false}
{"trainKey":"s5|fitness studio|20:00|2026-03-30","linie":"S5","ziel":"Fitness Studio","plan":"20:00","actual":"20:00","dauer":90,"stops":"","date":"2026-03-30","canceled":false}
{"trainKey":"s5|fitness studio|20:00|2026-03-31","linie":"S5","ziel":"Fitness Studio","plan":"20:00","actual":"20:00","dauer":90,"stops":"","date":"2026-03-31","canceled":false}
{"trainKey":"s5|fitness studio|20:00|2026-04-01","linie":"S5","ziel":"Fitness Studio","plan":"20:00","actual":"20:00","dauer":90,"stops":"","date":"2026-04-01","canceled":false}
{"trainKey":"s5|fitness studio|20:00|2026-04-02","linie":"S5","ziel":"Fitness Studio","plan":"20:00","actual":"20:00","dauer":90,"stops":"","date":"2026-04-02","canceled":false}
{"trainKey":"s5|fitness studio|20:00|2026-04-05","linie":"S5","ziel":"Fitness Studio","plan":"20:00","actual":"20:00","dauer":90,"stops":"","date":"2026-04-05","canceled":false}
{"trainKey":"s5|sleep|09:00|2026-03-30","linie":"S5","ziel":"Sleep","plan":"09:00","actual":"09:00","dauer":"","stops":"","date":"2026-03-30","canceled":false}
{"trainKey":"s5|sleep|09:00|2026-03-31","linie":"S5","ziel":"Sleep","plan":"09:00","actual":"09:00","dauer":"","stops":"","date":"2026-03-31","canceled":false}
{"trainKey":"s5|sleep|09:00|2026-04-01","linie":"S5","ziel":"Sleep","plan":"09:00","actual":"09:00","dauer":"","stops":"","date":"2026-04-01","canceled":false}
{"trainKey":"s5|sleep|09:00|2026-04-02","linie":"S5","ziel":"Sleep","plan":"09:00","actual":"09:00","dauer":"","stops":"","date":"2026-04-02","canceled":false}
{"trainKey":"s5|sleep|09:00|2026-04-03","linie":"S5","ziel":"Sleep","plan":"09:00","actual":"09:00","dauer":"","stops":"","date":"2026-04-03","canceled":false}
{"trainKey":"s5|sleep|09:00|2026-04-04","linie":"S5","ziel":"Sleep","plan":"09:00","actual":"09:00","dauer":"","stops":"","date":"2026-04-04","canceled":false}
{"trainKey":"s5|sleep|09:00|2026-04-05","linie":"S5","ziel":"Sleep","plan":"09:00","actual":"09:00","dauer":"","stops":"","date":"2026-04-05","canceled":false}
{"trainKey":"s6|sleep|09:00|2026-03-31","linie":"S6","ziel":"Sleep","plan":"09:00","actual":"09:00","dauer":"","stops":"","date":"2026-03-31","canceled":false}
{"trainKey":"s7|sleep|09:00|2026-03-30","linie":"S7","ziel":"Sleep","plan":"09:00","actual":"09:00","dauer":"","stops":"","date":"2026-03-30","canceled":false}
{"trainKey":"s7|sleep|09:00|2026-03-31","linie":"S7","ziel":"Sleep","plan":"09:00","actual":"09:00","dauer":"","stops":"","date":"2026-03-31","canceled":false}
{"trainKey":"s7|sleep|09:00|2026-04-01","linie":"S7","ziel":"Sleep","plan":"09:00","actual":"09:00","dauer":"","stops":"","date":"2026-04-01","canceled":false}
{"trainKey":"s7|sleep|09:00|2026-04-02","linie":"S7","ziel":"Sleep","plan":"09:00","actual":"09:00","dauer":"","stops":"","date":"2026-04-02","canceled":false}
{"trainKey":"s7|sleep|09:00|2026-04-03","linie":"S7","ziel":"Sleep","plan":"09:00","actual":"09:00","dauer":"","stops":"","date":"2026-04-03","canceled":false}
{"trainKey":"s7|sleep|09:00|2026-04-04","linie":"S7","ziel":"Sleep","plan":"09:00","actual":"09:00","dauer":"","stops":"","date":"2026-04-04","canceled":false}
{"trainKey":"s7|sleep|09:00|2026-04-05","linie":"S7","ziel":"Sleep","plan":"09:00","actual":"09:00","dauer":"","stops":"","date":"2026-04-05","canceled":false}
{"trainKey":"s8|sleep|09:00|2026-03-30","linie":"S8","ziel":"Sleep","plan":"09:00","actual":"09:00","dauer":120,"stops":"","date":"2026-03-30","canceled":false}
{"trainKey":"s8|sleep|09:00|2026-03-31","linie":"S8","ziel":"Sleep","plan":"09:00","actual":"09:00","dauer":120,"stops":"","date":"2026-03-31","canceled":false}
{"trainKey":"s8|sleep|09:00|2026-04-01","linie":"S8","ziel":"Sleep","plan":"09:00","actual":"09:00","dauer":120,"stops":"","date":"2026-04-01","canceled":false}
{"trainKey":"s8|sleep|09:00|2026-04-02","linie":"S8","ziel":"Sleep","plan":"09:00","actual":"09:00","dauer":120,"stops":"","date":"2026-04-02","canceled":false}
{"trainKey":"s8|sleep|09:00|2026-04-03","linie":"S8","ziel":"Sleep","plan":"09:00","actual":"09:00","dauer":120,"stops":"","date":"2026-04-03","canceled":false}
{"trainKey":"s8|sleep|09:00|2026-04-04","linie":"S8","ziel":"Sleep","plan":"09:00","actual":"09:00","dauer":120,"stops":"","date":"2026-04-04","canceled":false}
{"trainKey":"s8|sleep|09:00|2026-04-05","linie":"S8","ziel":"Sleep","plan":"09:00","actual":"09:00","dauer":120,"stops":"","date":"2026-04-05","canceled":false}
{"trainKey":"s1|eat|10:00|2026-03-30","linie":"S1","ziel":"Eat","plan":"10:00","actual":"10:00","dauer":120,"stops":"","date":"2026-03-30","canceled":false}
{"trainKey":"s1|eat|10:00|2026-03-31","linie":"S1","ziel":"Eat","plan":"10:00","actual":"10:00","dauer":120,"stops":"","date":"2026-03-31","canceled":false}
{"trainKey":"s1|eat|10:00|2026-04-01","linie":"S1","ziel":"Eat","plan":"10:00","actual":"10:00","dauer":120,"stops":"","date":"2026-04-01","canceled":false}
{"trainKey":"s1|eat|10:00|2026-04-02","linie":"S1","ziel":"Eat","plan":"10:00","actual":"10:00","dauer":120,"stops":"","date":"2026-04-02","canceled":false}
{"trainKey":"s1|eat|10:00|2026-04-03","linie":"S1","ziel":"Eat","plan":"10:00","actual":"10:00","dauer":120,"stops":"","date":"2026-04-03","canceled":false}
{"trainKey":"s1|eat|10:00|2026-04-04","linie":"S1","ziel":"Eat","plan":"10:00","actual":"10:00","dauer":120,"stops":"","date":"2026-04-04","canceled":false}
{"trainKey":"s1|eat|10:00|2026-04-05","linie":"S1","ziel":"Eat","plan":"10:00","actual":"10:00","dauer":120,"stops":"","date":"2026-04-05","canceled":false}
{"trainKey":"s2|sleep|12:12|2026-03-30","linie":"S2","ziel":"Sleep","plan":"12:12","actual":"12:12","dauer":"","stops":"","date":"2026-03-30","canceled":false}
{"trainKey":"s2|sleep|12:12|2026-03-31","linie":"S2","ziel":"Sleep","plan":"12:12","actual":"12:12","dauer":"","stops":"","date":"2026-03-31","canceled":false}
{"trainKey":"s2|sleep|12:12|2026-04-01","linie":"S2","ziel":"Sleep","plan":"12:12","actual":"12:12","dauer":"","stops":"","date":"2026-04-01","canceled":false}
{"trainKey":"s2|sleep|12:12|2026-04-02","linie":"S2","ziel":"Sleep","plan":"12:12","actual":"12:12","dauer":"","stops":"","date":"2026-04-02","canceled":false}
{"trainKey":"s2|sleep|12:12|2026-04-05","linie":"S2","ziel":"Sleep","plan":"12:12","actual":"12:12","dauer":"","stops":"","date":"2026-04-05","canceled":false}
{"trainKey":"s7|sleep|12:12|2026-03-30","linie":"S7","ziel":"Sleep","plan":"12:12","actual":"12:12","dauer":"","stops":"","date":"2026-03-30","canceled":false}
{"trainKey":"s7|sleep|12:12|2026-03-31","linie":"S7","ziel":"Sleep","plan":"12:12","actual":"12:12","dauer":"","stops":"","date":"2026-03-31","canceled":false}
{"trainKey":"s7|sleep|12:12|2026-04-01","linie":"S7","ziel":"Sleep","plan":"12:12","actual":"12:12","dauer":"","stops":"","date":"2026-04-01","canceled":false}
{"trainKey":"s7|sleep|12:12|2026-04-02","linie":"S7","ziel":"Sleep","plan":"12:12","actual":"12:12","dauer":"","stops":"","date":"2026-04-02","canceled":false}
{"trainKey":"s7|sleep|12:12|2026-04-05","linie":"S7","ziel":"Sleep","plan":"12:12","actual":"12:12","dauer":"","stops":"","date":"2026-04-05","canceled":false}
{"trainKey":"s7|sleep 1|12:12|2026-03-31","linie":"S7","ziel":"Sleep 1","plan":"12:12","actual":"12:12","dauer":"","stops":"","date":"2026-03-31","canceled":false}
{"trainKey":"s7|sleep 1|12:12|2026-03-30","linie":"S7","ziel":"Sleep 1","plan":"12:12","actual":"12:12","dauer":"","stops":"","date":"2026-03-30","canceled":false}
{"trainKey":"s62|seminar konstruktionslehre|15:45|unknown","linie":"S62","ziel":"Seminar Konstruktionslehre","plan":"15:45","actual":"15:45","dauer":90,"stops":"","date":"","canceled":false}
{"trainKey":"s7|sleep 1|12:12|unknown","linie":"S7","ziel":"Sleep 1","plan":"12:12","actual":"12:12","dauer":"","stops":"","date":"","canceled":false}
{"trainKey":"s6|konstruktionslehre|08:00|unknown","linie":"S6","ziel":"Konstruktionslehre","plan":"08:00","actual":"","dauer":90,"stops":"","date":"","canceled":false}
{"trainKey":"s7|sleep|unknown|unknown","linie":"S7","ziel":"Sleep","plan":"","actual":"","dauer":"","stops":"","date":"","canceled":false}
{"trainKey":"s1|all aboard the stem train|00:00|unknown","linie":"S1","ziel":"All aboard the stem train","plan":"00:00","actual":"00:00","dauer":"","stops":"","date":"","canceled":false}
{"trainKey":"s1|sleep now|unknown|unknown","linie":"S1","ziel":"Sleep now","plan":"","actual":"","dauer":"","stops":"","date":"","canceled":false}
{"trainKey":"t|unknown|unknown|unknown","linie":"t","ziel":"","plan":"","actual":"","dauer":"","stops":"","date":"","canceled":false}
{"trainKey":"s7|sleep|unknown|2026-04-05","linie":"S7","ziel":"Sleep","plan":"","actual":"","dauer":"","stops":"","date":"2026-04-05","canceled":false}
{"trainKey":"s1|all aboard the stem train|00:00|2026-04-05","linie":"S1","ziel":"All aboard the stem train","plan":"00:00","actual":"00:00","dauer":"","stops":"","date":"2026-04-05","canceled":false}
{"trainKey":"s95|fachschaftssitzung|17:30|2026-04-05","linie":"S95","ziel":"Fachschaftssitzung","plan":"17:30","actual":"17:30","dauer":40,"stops":"","date":"2026-04-05","canceled":false}
{"trainKey":"s95|fachschaftssitzung|17:30|unknown","linie":"S95","ziel":"Fachschaftssitzung","plan":"17:30","actual":"","dauer":40,"stops":"","date":"","canceled":false}
