{"trainKey":"s6|[prü] physik|00:00|2026-02-11","linie":"S6","ziel":"[PRÜ] Physik","plan":"00:00","actual":"00:00","dauer":"","stops":"Prüfung","date":"2026-02-11","canceled":false}
{"trainKey":"1|wuthering heights release|18:00|2026-02-13","linie":"1","ziel":"Wuthering Heights Release","plan":"18:00","actual":"18:00","dauer":"","stops":"","date":"2026-02-13","canceled":false}
{"trainKey":"s46|angebote pa-equipment|23:59|2026-02-15","linie":"S46","ziel":"Angebote PA-Equipment","plan":"23:59","actual":"23:59","dauer":"","stops":"","date":"2026-02-15","canceled":false}
{"trainKey":"s46|kostenvoranschlag|23:59|2026-02-15","linie":"S46","ziel":"Kostenvoranschlag","plan":"23:59","actual":"23:59","dauer":"","stops":"","date":"2026-02-15","canceled":false}
{"trainKey":"s6|einführung i.d. physik|07:45|2026-02-09","linie":"S6","ziel":"Einführung i.d. Physik","plan":"07:45","actual":"00:45","dauer":45,"stops":"PWR 53 - V53.01","date":"2026-02-09","canceled":false}
{"trainKey":"s7|technische mechanik i (übung)|14:00|2026-02-09","linie":"S7","ziel":"Technische Mechanik I (Übung)","plan":"14:00","actual":"14:00","dauer":90,"stops":"Einsatzort: Zuhause\n\nDieser Termin is für die folgenden Aufgaben vorgesehen\n\n- Mathe: Übungen zu Kapitel 1 bis einschließlich komplexen Zahlen. (2h)\n\n- Technische Mechanik I: Übungen bis einschließlich Kapitel 4: Schwerpunkt. (45m)","date":"2026-02-09","canceled":false}
{"trainKey":"s6|werkstoffkunde|11:30|2026-02-09","linie":"S6","ziel":"Werkstoffkunde","plan":"11:30","actual":"11:30","dauer":"90","stops":"PWR 07 - V 7.02","date":"2026-02-09","canceled":false}
{"trainKey":"s1|mittagspause|13:00|2026-02-09","linie":"S1","ziel":"Mittagspause","plan":"13:00","actual":"13:00","dauer":45,"stops":"","date":"2026-02-09","canceled":false}
{"trainKey":"s62|tm1 tutorium|09:45|2026-02-09","linie":"S62","ziel":"TM1 Tutorium","plan":"09:45","actual":"09:45","dauer":"90","stops":"PWR 06H - V 6.02 (PF06HEGV 6.02)","date":"2026-02-09","canceled":false}
{"trainKey":"s60|technische mechanik|15:45|2026-02-09","linie":"S60","ziel":"Technische Mechanik","plan":"15:45","actual":"15:45","dauer":90,"stops":"PWR 57 - V57.03\n\nDieser Termin ist als Vortragsübung angeboten.","date":"2026-02-09","canceled":false}
{"trainKey":"s45|flurus fachschaftssitzung|17:30|2026-02-09","linie":"S45","ziel":"FLURUS Fachschaftssitzung","plan":"17:30","actual":"17:30","dauer":30,"stops":"PWR 27 - V27.03\n\nDer Termin findet ab nächste Woche (W44) statt.","date":"2026-02-09","canceled":false}
{"trainKey":"s5|volleyball|20:00|2026-02-09","linie":"S5","ziel":"Volleyball","plan":"20:00","actual":"20:00","dauer":"90","stops":"","date":"2026-02-09","canceled":false}
{"trainKey":"s3|room decor|22:00|2026-02-09","linie":"S3","ziel":"Room Decor","plan":"22:00","actual":"20:02","dauer":"120","stops":"","date":"2026-02-09","canceled":false}
{"trainKey":"s60|seminar zur softwaretechnik|08:00|2026-02-10","linie":"S60","ziel":"Seminar zur Softwaretechnik","plan":"08:00","actual":"08:00","dauer":90,"stops":"","date":"2026-02-10","canceled":false}
{"trainKey":"s7|tz aufgabe 2 anfangen|09:45|2026-02-10","linie":"S7","ziel":"TZ Aufgabe 2 Anfangen","plan":"09:45","actual":"09:45","dauer":105,"stops":"","date":"2026-02-10","canceled":false}
{"trainKey":"s1|mittagspause|13:00|2026-02-10","linie":"S1","ziel":"Mittagspause","plan":"13:00","actual":"13:00","dauer":60,"stops":"","date":"2026-02-10","canceled":false}
{"trainKey":"s62|hm1 - gruppenübung|14:00|2026-02-10","linie":"S62","ziel":"HM1 - Gruppenübung","plan":"14:00","actual":"14:00","dauer":"90","stops":"PWR 09 - V 0.208 (PF09EGV 0.208)\n\nGruppe: Gruppe 43\nLehrveranstaltung: 010500104 Gruppenübung D zu Höhere Mathematik 1 für Ingenieurstudiengänge (2SSt UE, WS 2025/26)\nStudium: 1590 82 057 1 Luft- und Raumfahrttechnik\nStudienplankontext: Keine Zuordnung\n\n\nFÄLLT DIESE WOCHE AUS. ÜBERLAPPUNG MIT CAD KURS:","date":"2026-02-10","canceled":false}
{"trainKey":"s6|darstellungstechnik|15:45|2026-02-10","linie":"S6","ziel":"Darstellungstechnik","plan":"15:45","actual":"15:45","dauer":"90","stops":"PWR 47 - V47. 01","date":"2026-02-10","canceled":false}
{"trainKey":"s5|fitness studio|17:45|2026-02-10","linie":"S5","ziel":"Fitness Studio","plan":"17:45","actual":"17:45","dauer":"90","stops":"Achtung: Anmeldung noch nicht erfolgt.","date":"2026-02-10","canceled":true}
{"trainKey":"s7|mathematik i|20:00|2026-02-10","linie":"S7","ziel":"Mathematik I","plan":"20:00","actual":"20:00","dauer":180,"stops":"","date":"2026-02-10","canceled":false}
{"trainKey":"s3|room decor|22:00|2026-02-10","linie":"S3","ziel":"Room Decor","plan":"22:00","actual":"23:22","dauer":50,"stops":"","date":"2026-02-10","canceled":false}
{"trainKey":"s5|fitness studio|17:00|2026-02-11","linie":"S5","ziel":"Fitness Studio","plan":"17:00","actual":"11:00","dauer":"90","stops":"Achtung: Anmeldung noch nicht abgeschlossen!\n\nAb diese Woche um 17 Uhr, falls [HM1] Vortragsübung stattfindet, sonst als [Zusatzfahrt] um 7:30 Uhr angeboten. Dieser Termin fällt demzufolge aus.","date":"2026-02-11","canceled":false}
{"trainKey":"s60|hm1 vortragsübung|08:00|2026-02-11","linie":"S60","ziel":"HM1 Vortragsübung","plan":"08:00","actual":"08:00","dauer":"90","stops":"Vortragsübung zu Höhere Mathematik 1 für bewe, geod, lrt, mach, verk ZV, Standardgruppe\n\nPWR 53 - V 53.01 (PF5301V 53.01)","date":"2026-02-11","canceled":false}
{"trainKey":"s6|höhere mathematik i|09:45|2026-02-11","linie":"S6","ziel":"Höhere Mathematik I","plan":"09:45","actual":"09:20","dauer":"90","stops":"PWR 53 - V 53.01","date":"2026-02-11","canceled":false}
{"trainKey":"s1|mittagspause/sprechstunde tz|11:30|2026-02-11","linie":"S1","ziel":"Mittagspause/Sprechstunde TZ","plan":"11:30","actual":"10:40","dauer":"60","stops":"","date":"2026-02-11","canceled":false}
{"trainKey":"s3|room decor|22:00|2026-02-11","linie":"S3","ziel":"Room Decor","plan":"22:00","actual":"12:00","dauer":120,"stops":"","date":"2026-02-11","canceled":false}
{"trainKey":"s6|einführung i.d. physik|08:00|2026-02-12","linie":"S6","ziel":"Einführung i.d. Physik","plan":"08:00","actual":"08:00","dauer":"90","stops":"PWR 53 - V 53.01","date":"2026-02-12","canceled":false}
{"trainKey":"s6|softwarewerkzeuge|09:45|2026-02-12","linie":"S6","ziel":"Softwarewerkzeuge","plan":"09:45","actual":"09:45","dauer":"90","stops":"PWR 57 - V 57.03","date":"2026-02-12","canceled":false}
{"trainKey":"s6|fertigungstechnik|11:30|2026-02-12","linie":"S6","ziel":"Fertigungstechnik","plan":"11:30","actual":"11:30","dauer":"90","stops":"PWR 47 - V 47.02","date":"2026-02-12","canceled":false}
{"trainKey":"s1|mittagspause|13:00|2026-02-12","linie":"S1","ziel":"Mittagspause","plan":"13:00","actual":"13:15","dauer":45,"stops":"","date":"2026-02-12","canceled":false}
{"trainKey":"s7|unknown|14:00|2026-02-12","linie":"S7","ziel":"","plan":"14:00","actual":"14:00","dauer":"90","stops":"Mengen, Gruppe, Ringe und Körper\n\nKomplexe Zahlen","date":"2026-02-12","canceled":true}
{"trainKey":"s6|technische mechanik i|15:45|2026-02-12","linie":"S6","ziel":"Technische Mechanik I","plan":"15:45","actual":"15:45","dauer":"90","stops":"PWR 07 - V 07.02","date":"2026-02-12","canceled":false}
{"trainKey":"s7|tm1 - hörsaaltest|20:00|2026-02-12","linie":"S7","ziel":"TM1 - Hörsaaltest","plan":"20:00","actual":"20:00","dauer":120,"stops":"","date":"2026-02-12","canceled":true}
{"trainKey":"s3|movie night prep|22:00|2026-02-12","linie":"S3","ziel":"Movie Night Prep","plan":"22:00","actual":"21:10","dauer":180,"stops":"","date":"2026-02-12","canceled":true}
{"trainKey":"s5|fitness studio|07:30|2026-02-13","linie":"S5","ziel":"Fitness Studio","plan":"07:30","actual":"07:30","dauer":"90","stops":"","date":"2026-02-13","canceled":false}
{"trainKey":"s6|höhere mathematik i|09:45|2026-02-13","linie":"S6","ziel":"Höhere Mathematik I","plan":"09:45","actual":"09:45","dauer":"90","stops":"PWR 53 - V 53.01","date":"2026-02-13","canceled":false}
{"trainKey":"s1|usb mitbringen - cad kurs|12:00|2026-02-13","linie":"S1","ziel":"USB MITBRINGEN - CAD KURS","plan":"12:00","actual":"12:45","dauer":45,"stops":"Heute kein Mittagsschlaf.","date":"2026-02-13","canceled":false}
{"trainKey":"s7|technische mechanik i (übung)|13:00|2026-02-13","linie":"S7","ziel":"Technische Mechanik I (Übung)","plan":"13:00","actual":"13:00","dauer":220,"stops":"Einsatzort: WG\n\nDieser Termin ist zur Vorbereitung für das Faserverbundlabor vorgesehen.","date":"2026-02-13","canceled":true}
{"trainKey":"s4|girls night out|18:00|2026-02-13","linie":"S4","ziel":"Girls Night Out","plan":"18:00","actual":"18:00","dauer":"480","stops":"Kein Termin zum Ausgehen eingetragen....leider.","date":"2026-02-13","canceled":true}
{"trainKey":"s5|fitness studio|07:30|2026-02-14","linie":"S5","ziel":"Fitness Studio","plan":"07:30","actual":"07:30","dauer":90,"stops":"Anmeldung noch nicht erfolgt!","date":"2026-02-14","canceled":false}
{"trainKey":"s3|exphys - rotation|10:00|2026-02-14","linie":"S3","ziel":"ExPhys - Rotation","plan":"10:00","actual":"10:00","dauer":"120","stops":"","date":"2026-02-14","canceled":true}
{"trainKey":"s3|exphys - rotation|14:00|2026-02-14","linie":"S3","ziel":"ExPhys - Rotation","plan":"14:00","actual":"14:00","dauer":"180","stops":"","date":"2026-02-14","canceled":false}
{"trainKey":"s7|unknown|20:00|2026-02-14","linie":"S7","ziel":"","plan":"20:00","actual":"20:00","dauer":180,"stops":"","date":"2026-02-14","canceled":false}
{"trainKey":"s3|kreativität|22:00|2026-02-14","linie":"S3","ziel":"Kreativität","plan":"22:00","actual":"23:00","dauer":60,"stops":"","date":"2026-02-14","canceled":false}
{"trainKey":"s5|test|23:56|2026-02-09","linie":"S5","ziel":"Test","plan":"23:56","actual":"00:22","dauer":"","stops":"","date":"2026-02-09","canceled":false}
{"trainKey":"s7|mathematik i|10:00|2026-02-15","linie":"S7","ziel":"Mathematik I","plan":"10:00","actual":"08:00","dauer":210,"stops":"","date":"2026-02-15","canceled":false}
{"trainKey":"s7|technische mechanik i (übung)|14:00|2026-02-15","linie":"S7","ziel":"Technische Mechanik I (Übung)","plan":"14:00","actual":"14:00","dauer":180,"stops":"Dieser Termin ist für das Selbststudium TM1 vorgesehen.\nLiteratur: TM1","date":"2026-02-15","canceled":false}
{"trainKey":"s7|mathematik i|19:00|2026-02-15","linie":"S7","ziel":"Mathematik I","plan":"19:00","actual":"19:00","dauer":240,"stops":"","date":"2026-02-15","canceled":false}
{"trainKey":"s75|hildesheim hbf|00:00|2026-02-09","linie":"S75","ziel":"Hildesheim Hbf","plan":"00:00","actual":"00:24","dauer":"","stops":"","date":"2026-02-09","canceled":false}
{"trainKey":"10|ahlem|00:30|2026-02-09","linie":"10","ziel":"Ahlem","plan":"00:30","actual":"00:30","dauer":"","stops":"","date":"2026-02-09","canceled":false}
