{"trainKey":"s6|ergebnis hm1|00:00|2026-04-08","linie":"S6","ziel":"Ergebnis HM1","plan":"00:00","actual":"00:00","dauer":"","stops":"","date":"2026-04-08","canceled":false}
{"trainKey":"s6|elektrotechnik |08:00|2026-04-08","linie":"S6","ziel":"Elektrotechnik ","plan":"08:00","actual":"08:00","dauer":90,"stops":"","date":"2026-04-08","canceled":false}
{"trainKey":"s6|konstruktionslehre|08:00|2026-04-07","linie":"S6","ziel":"Konstruktionslehre","plan":"08:00","actual":"08:00","dauer":90,"stops":"","date":"2026-04-07","canceled":false}
{"trainKey":"s62|seminar konstruktionslehre|15:45|2026-04-08","linie":"S62","ziel":"Seminar Konstruktionslehre","plan":"15:45","actual":"15:45","dauer":90,"stops":"","date":"2026-04-08","canceled":false}
{"trainKey":"s60|übung konstruktionslehre|08:00|2026-04-07","linie":"S60","ziel":"Übung Konstruktionslehre","plan":"08:00","actual":"08:00","dauer":90,"stops":"","date":"2026-04-07","canceled":false}
{"trainKey":"s6|softwaretechnik|08:00|2026-04-09","linie":"S6","ziel":"Softwaretechnik","plan":"08:00","actual":"08:00","dauer":90,"stops":"","date":"2026-04-09","canceled":false}
{"trainKey":"s62|seminar softwaretechnik|09:45|2026-04-09","linie":"S62","ziel":"Seminar Softwaretechnik","plan":"09:45","actual":"09:45","dauer":90,"stops":"","date":"2026-04-09","canceled":false}
{"trainKey":"s6|technische mechanik ii|11:30|2026-04-07","linie":"S6","ziel":"Technische Mechanik II","plan":"11:30","actual":"11:30","dauer":90,"stops":"","date":"2026-04-07","canceled":false}
{"trainKey":"s62|vortragsübung technische mechanik ii|14:00|2026-04-10","linie":"S62","ziel":"Vortragsübung Technische Mechanik II","plan":"14:00","actual":"14:00","dauer":90,"stops":"","date":"2026-04-10","canceled":false}
{"trainKey":"s60|gruppenübung technische mechanik ii|17:30|2026-04-07","linie":"S60","ziel":"Gruppenübung Technische Mechanik II","plan":"17:30","actual":"17:30","dauer":90,"stops":"","date":"2026-04-07","canceled":false}
{"trainKey":"s6|höhere mathematik ii|15:45|2026-04-07","linie":"S6","ziel":"Höhere Mathematik II","plan":"15:45","actual":"15:45","dauer":90,"stops":"","date":"2026-04-07","canceled":false}
{"trainKey":"s5|fitness studio|20:00|2026-04-06","linie":"S5","ziel":"Fitness Studio","plan":"20:00","actual":"20:00","dauer":90,"stops":"","date":"2026-04-06","canceled":false}
{"trainKey":"s5|fitness studio|20:00|2026-04-07","linie":"S5","ziel":"Fitness Studio","plan":"20:00","actual":"20:00","dauer":90,"stops":"","date":"2026-04-07","canceled":false}
{"trainKey":"s5|fitness studio|20:00|2026-04-08","linie":"S5","ziel":"Fitness Studio","plan":"20:00","actual":"20:00","dauer":90,"stops":"","date":"2026-04-08","canceled":false}
{"trainKey":"s5|fitness studio|20:00|2026-04-09","linie":"S5","ziel":"Fitness Studio","plan":"20:00","actual":"20:00","dauer":90,"stops":"","date":"2026-04-09","canceled":false}
{"trainKey":"s5|fitness studio|20:00|2026-04-12","linie":"S5","ziel":"Fitness Studio","plan":"20:00","actual":"20:00","dauer":90,"stops":"","date":"2026-04-12","canceled":false}
{"trainKey":"s6|konstruktionslehre|08:00|2026-04-06","linie":"S6","ziel":"Konstruktionslehre","plan":"08:00","actual":"08:00","dauer":90,"stops":"","date":"2026-04-06","canceled":false}
{"trainKey":"s6|konstruktionslehre|08:00|2026-04-08","linie":"S6","ziel":"Konstruktionslehre","plan":"08:00","actual":"11:30","dauer":90,"stops":"","date":"2026-04-08","canceled":false}
{"trainKey":"s6|konstruktionslehre|08:00|2026-04-09","linie":"S6","ziel":"Konstruktionslehre","plan":"08:00","actual":"08:00","dauer":90,"stops":"","date":"2026-04-09","canceled":false}
{"trainKey":"s6|konstruktionslehre|08:00|2026-04-12","linie":"S6","ziel":"Konstruktionslehre","plan":"08:00","actual":"08:00","dauer":90,"stops":"","date":"2026-04-12","canceled":false}
{"trainKey":"s60|übung konstruktionslehre|08:00|2026-04-06","linie":"S60","ziel":"Übung Konstruktionslehre","plan":"08:00","actual":"08:00","dauer":90,"stops":"","date":"2026-04-06","canceled":false}
{"trainKey":"s60|übung konstruktionslehre|08:00|2026-04-08","linie":"S60","ziel":"Übung Konstruktionslehre","plan":"08:00","actual":"08:00","dauer":90,"stops":"","date":"2026-04-08","canceled":false}
{"trainKey":"s60|übung konstruktionslehre|08:00|2026-04-09","linie":"S60","ziel":"Übung Konstruktionslehre","plan":"08:00","actual":"08:00","dauer":90,"stops":"","date":"2026-04-09","canceled":false}
{"trainKey":"s60|übung konstruktionslehre|08:00|2026-04-10","linie":"S60","ziel":"Übung Konstruktionslehre","plan":"08:00","actual":"08:00","dauer":90,"stops":"","date":"2026-04-10","canceled":false}
{"trainKey":"s60|übung konstruktionslehre|08:00|2026-04-11","linie":"S60","ziel":"Übung Konstruktionslehre","plan":"08:00","actual":"08:00","dauer":90,"stops":"","date":"2026-04-11","canceled":false}
{"trainKey":"s60|übung konstruktionslehre|08:00|2026-04-12","linie":"S60","ziel":"Übung Konstruktionslehre","plan":"08:00","actual":"08:00","dauer":90,"stops":"","date":"2026-04-12","canceled":false}
{"trainKey":"s5|sleep|09:00|2026-04-06","linie":"S5","ziel":"Sleep","plan":"09:00","actual":"09:00","dauer":"","stops":"","date":"2026-04-06","canceled":false}
{"trainKey":"s5|sleep|09:00|2026-04-07","linie":"S5","ziel":"Sleep","plan":"09:00","actual":"09:00","dauer":"","stops":"","date":"2026-04-07","canceled":false}
{"trainKey":"s5|sleep|09:00|2026-04-08","linie":"S5","ziel":"Sleep","plan":"09:00","actual":"09:00","dauer":"","stops":"","date":"2026-04-08","canceled":false}
{"trainKey":"s5|sleep|09:00|2026-04-09","linie":"S5","ziel":"Sleep","plan":"09:00","actual":"09:00","dauer":"","stops":"","date":"2026-04-09","canceled":false}
{"trainKey":"s5|sleep|09:00|2026-04-10","linie":"S5","ziel":"Sleep","plan":"09:00","actual":"09:00","dauer":"","stops":"","date":"2026-04-10","canceled":false}
{"trainKey":"s5|sleep|09:00|2026-04-11","linie":"S5","ziel":"Sleep","plan":"09:00","actual":"09:00","dauer":"","stops":"","date":"2026-04-11","canceled":false}
{"trainKey":"s5|sleep|09:00|2026-04-12","linie":"S5","ziel":"Sleep","plan":"09:00","actual":"09:00","dauer":"","stops":"","date":"2026-04-12","canceled":false}
{"trainKey":"s6|sleep|09:00|2026-04-07","linie":"S6","ziel":"Sleep","plan":"09:00","actual":"09:00","dauer":"","stops":"","date":"2026-04-07","canceled":false}
{"trainKey":"s62|seminar konstruktionslehre|15:45|2026-04-07","linie":"S62","ziel":"Seminar Konstruktionslehre","plan":"15:45","actual":"15:45","dauer":90,"stops":"","date":"2026-04-07","canceled":false}
{"trainKey":"s7|sleep|09:00|2026-04-06","linie":"S7","ziel":"Sleep","plan":"09:00","actual":"09:00","dauer":"","stops":"","date":"2026-04-06","canceled":false}
{"trainKey":"s7|sleep|09:00|2026-04-07","linie":"S7","ziel":"Sleep","plan":"09:00","actual":"09:00","dauer":"","stops":"","date":"2026-04-07","canceled":false}
{"trainKey":"s7|sleep|09:00|2026-04-08","linie":"S7","ziel":"Sleep","plan":"09:00","actual":"09:00","dauer":"","stops":"","date":"2026-04-08","canceled":false}
{"trainKey":"s7|sleep|09:00|2026-04-09","linie":"S7","ziel":"Sleep","plan":"09:00","actual":"09:00","dauer":"","stops":"","date":"2026-04-09","canceled":false}
{"trainKey":"s7|sleep|09:00|2026-04-10","linie":"S7","ziel":"Sleep","plan":"09:00","actual":"09:00","dauer":"","stops":"","date":"2026-04-10","canceled":false}
{"trainKey":"s7|sleep|09:00|2026-04-11","linie":"S7","ziel":"Sleep","plan":"09:00","actual":"09:00","dauer":"","stops":"","date":"2026-04-11","canceled":false}
{"trainKey":"s7|sleep|09:00|2026-04-12","linie":"S7","ziel":"Sleep","plan":"09:00","actual":"09:00","dauer":"","stops":"","date":"2026-04-12","canceled":false}
{"trainKey":"s8|sleep|09:00|2026-04-06","linie":"S8","ziel":"Sleep","plan":"09:00","actual":"09:00","dauer":120,"stops":"","date":"2026-04-06","canceled":false}
{"trainKey":"s8|sleep|09:00|2026-04-07","linie":"S8","ziel":"Sleep","plan":"09:00","actual":"09:00","dauer":120,"stops":"","date":"2026-04-07","canceled":false}
{"trainKey":"s8|sleep|09:00|2026-04-08","linie":"S8","ziel":"Sleep","plan":"09:00","actual":"09:00","dauer":120,"stops":"","date":"2026-04-08","canceled":false}
{"trainKey":"s8|sleep|09:00|2026-04-09","linie":"S8","ziel":"Sleep","plan":"09:00","actual":"09:00","dauer":120,"stops":"","date":"2026-04-09","canceled":false}
{"trainKey":"s8|sleep|09:00|2026-04-10","linie":"S8","ziel":"Sleep","plan":"09:00","actual":"09:00","dauer":120,"stops":"","date":"2026-04-10","canceled":false}
{"trainKey":"s8|sleep|09:00|2026-04-11","linie":"S8","ziel":"Sleep","plan":"09:00","actual":"09:00","dauer":120,"stops":"","date":"2026-04-11","canceled":false}
{"trainKey":"s8|sleep|09:00|2026-04-12","linie":"S8","ziel":"Sleep","plan":"09:00","actual":"09:00","dauer":120,"stops":"","date":"2026-04-12","canceled":false}
{"trainKey":"s1|eat|10:00|2026-04-06","linie":"S1","ziel":"Eat","plan":"10:00","actual":"10:00","dauer":120,"stops":"","date":"2026-04-06","canceled":false}
{"trainKey":"s1|eat|10:00|2026-04-07","linie":"S1","ziel":"Eat","plan":"10:00","actual":"10:00","dauer":120,"stops":"","date":"2026-04-07","canceled":false}
{"trainKey":"s1|eat|10:00|2026-04-08","linie":"S1","ziel":"Eat","plan":"10:00","actual":"10:00","dauer":120,"stops":"","date":"2026-04-08","canceled":false}
{"trainKey":"s1|eat|10:00|2026-04-09","linie":"S1","ziel":"Eat","plan":"10:00","actual":"10:00","dauer":120,"stops":"","date":"2026-04-09","canceled":false}
{"trainKey":"s1|eat|10:00|2026-04-10","linie":"S1","ziel":"Eat","plan":"10:00","actual":"10:00","dauer":120,"stops":"","date":"2026-04-10","canceled":false}
{"trainKey":"s1|eat|10:00|2026-04-11","linie":"S1","ziel":"Eat","plan":"10:00","actual":"10:00","dauer":120,"stops":"","date":"2026-04-11","canceled":false}
{"trainKey":"s1|eat|10:00|2026-04-12","linie":"S1","ziel":"Eat","plan":"10:00","actual":"10:00","dauer":120,"stops":"","date":"2026-04-12","canceled":false}
{"trainKey":"s2|sleep|12:12|2026-04-06","linie":"S2","ziel":"Sleep","plan":"12:12","actual":"12:12","dauer":"","stops":"","date":"2026-04-06","canceled":false}
{"trainKey":"s2|sleep|12:12|2026-04-07","linie":"S2","ziel":"Sleep","plan":"12:12","actual":"12:12","dauer":"","stops":"","date":"2026-04-07","canceled":false}
{"trainKey":"s2|sleep|12:12|2026-04-08","linie":"S2","ziel":"Sleep","plan":"12:12","actual":"12:12","dauer":"","stops":"","date":"2026-04-08","canceled":false}
{"trainKey":"s2|sleep|12:12|2026-04-09","linie":"S2","ziel":"Sleep","plan":"12:12","actual":"12:12","dauer":"","stops":"","date":"2026-04-09","canceled":false}
{"trainKey":"s2|sleep|12:12|2026-04-12","linie":"S2","ziel":"Sleep","plan":"12:12","actual":"12:12","dauer":"","stops":"","date":"2026-04-12","canceled":false}
{"trainKey":"s7|sleep|12:12|2026-04-06","linie":"S7","ziel":"Sleep","plan":"12:12","actual":"12:12","dauer":"","stops":"","date":"2026-04-06","canceled":false}
{"trainKey":"s7|sleep|12:12|2026-04-07","linie":"S7","ziel":"Sleep","plan":"12:12","actual":"12:12","dauer":"","stops":"","date":"2026-04-07","canceled":false}
{"trainKey":"s7|sleep|12:12|2026-04-08","linie":"S7","ziel":"Sleep","plan":"12:12","actual":"12:12","dauer":"","stops":"","date":"2026-04-08","canceled":false}
{"trainKey":"s7|sleep|12:12|2026-04-09","linie":"S7","ziel":"Sleep","plan":"12:12","actual":"12:12","dauer":"","stops":"","date":"2026-04-09","canceled":false}
{"trainKey":"s7|sleep|12:12|2026-04-12","linie":"S7","ziel":"Sleep","plan":"12:12","actual":"12:12","dauer":"","stops":"","date":"2026-04-12","canceled":false}
{"trainKey":"s7|sleep 1|12:12|2026-04-07","linie":"S7","ziel":"Sleep 1","plan":"12:12","actual":"12:12","dauer":"","stops":"","date":"2026-04-07","canceled":false}
{"trainKey":"s7|sleep 1|12:12|2026-04-06","linie":"S7","ziel":"Sleep 1","plan":"12:12","actual":"12:12","dauer":"","stops":"","date":"2026-04-06","canceled":false}
{"trainKey":"s62|seminar konstruktionslehre|15:45|2026-04-09","linie":"S62","ziel":"Seminar Konstruktionslehre","plan":"15:45","actual":"15:45","dauer":90,"stops":"","date":"2026-04-09","canceled":false}
{"trainKey":"s62|seminar konstruktionslehre|15:45|2026-04-10","linie":"S62","ziel":"Seminar Konstruktionslehre","plan":"15:45","actual":"15:45","dauer":90,"stops":"","date":"2026-04-10","canceled":false}
{"trainKey":"s7|sleep 1|12:12|2026-04-08","linie":"S7","ziel":"Sleep 1","plan":"12:12","actual":"12:12","dauer":"","stops":"","date":"2026-04-08","canceled":false}
{"trainKey":"s6|konstruktionslehre|08:00|2026-04-10","linie":"S6","ziel":"Konstruktionslehre","plan":"08:00","actual":"08:00","dauer":90,"stops":"","date":"2026-04-10","canceled":false}
{"trainKey":"s6|konstruktionslehre|08:00|2026-04-11","linie":"S6","ziel":"Konstruktionslehre","plan":"08:00","actual":"08:00","dauer":90,"stops":"","date":"2026-04-11","canceled":false}
{"trainKey":"s7|sleep|unknown|2026-04-06","linie":"S7","ziel":"Sleep","plan":"","actual":"","dauer":"","stops":"","date":"2026-04-06","canceled":false}
{"trainKey":"s7|sleep|unknown|2026-04-07","linie":"S7","ziel":"Sleep","plan":"","actual":"","dauer":"","stops":"","date":"2026-04-07","canceled":false}
{"trainKey":"s7|sleep|unknown|2026-04-08","linie":"S7","ziel":"Sleep","plan":"","actual":"","dauer":"","stops":"","date":"2026-04-08","canceled":false}
{"trainKey":"s7|sleep|unknown|2026-04-09","linie":"S7","ziel":"Sleep","plan":"","actual":"","dauer":"","stops":"","date":"2026-04-09","canceled":false}
{"trainKey":"s7|sleep|unknown|2026-04-10","linie":"S7","ziel":"Sleep","plan":"","actual":"","dauer":"","stops":"","date":"2026-04-10","canceled":false}
{"trainKey":"s7|sleep|unknown|2026-04-11","linie":"S7","ziel":"Sleep","plan":"","actual":"","dauer":"","stops":"","date":"2026-04-11","canceled":false}
{"trainKey":"s7|sleep|unknown|2026-04-12","linie":"S7","ziel":"Sleep","plan":"","actual":"","dauer":"","stops":"","date":"2026-04-12","canceled":false}
{"trainKey":"s1|all aboard the stem train|00:00|2026-04-06","linie":"S1","ziel":"All aboard the stem train","plan":"00:00","actual":"03:10","dauer":90,"stops":"","date":"2026-04-06","canceled":true}
{"trainKey":"s1|all aboard the stem train|00:00|2026-04-07","linie":"S1","ziel":"All aboard the stem train","plan":"00:00","actual":"00:00","dauer":"","stops":"","date":"2026-04-07","canceled":false}
{"trainKey":"s1|all aboard the stem train|00:00|2026-04-08","linie":"S1","ziel":"All aboard the stem train","plan":"00:00","actual":"00:00","dauer":"","stops":"","date":"2026-04-08","canceled":false}
{"trainKey":"s1|all aboard the stem train|00:00|2026-04-09","linie":"S1","ziel":"All aboard the stem train","plan":"00:00","actual":"00:00","dauer":"","stops":"","date":"2026-04-09","canceled":false}
{"trainKey":"s1|all aboard the stem train|00:00|2026-04-10","linie":"S1","ziel":"All aboard the stem train","plan":"00:00","actual":"00:00","dauer":"","stops":"","date":"2026-04-10","canceled":false}
{"trainKey":"s1|all aboard the stem train|00:00|2026-04-11","linie":"S1","ziel":"All aboard the stem train","plan":"00:00","actual":"00:00","dauer":"","stops":"","date":"2026-04-11","canceled":false}
{"trainKey":"s1|all aboard the stem train|00:00|2026-04-12","linie":"S1","ziel":"All aboard the stem train","plan":"00:00","actual":"00:00","dauer":"","stops":"","date":"2026-04-12","canceled":false}
{"trainKey":"s95|fachschaftssitzung|17:30|2026-04-06","linie":"S95","ziel":"Fachschaftssitzung","plan":"17:30","actual":"17:30","dauer":40,"stops":"","date":"2026-04-06","canceled":false}
{"trainKey":"s95|fachschaftssitzung|17:30|2026-04-07","linie":"S95","ziel":"Fachschaftssitzung","plan":"17:30","actual":"17:30","dauer":40,"stops":"","date":"2026-04-07","canceled":true}
{"trainKey":"s95|fachschaftssitzung|17:30|2026-04-08","linie":"S95","ziel":"Fachschaftssitzung","plan":"17:30","actual":"17:30","dauer":40,"stops":"","date":"2026-04-08","canceled":false}
{"trainKey":"s95|fachschaftssitzung|17:30|2026-04-09","linie":"S95","ziel":"Fachschaftssitzung","plan":"17:30","actual":"17:30","dauer":40,"stops":"","date":"2026-04-09","canceled":false}
{"trainKey":"s95|fachschaftssitzung|17:30|2026-04-10","linie":"S95","ziel":"Fachschaftssitzung","plan":"17:30","actual":"17:30","dauer":40,"stops":"","date":"2026-04-10","canceled":false}
{"trainKey":"s95|fachschaftssitzung|17:30|2026-04-11","linie":"S95","ziel":"Fachschaftssitzung","plan":"17:30","actual":"17:30","dauer":40,"stops":"","date":"2026-04-11","canceled":false}
{"trainKey":"s95|fachschaftssitzung|17:30|2026-04-12","linie":"S95","ziel":"Fachschaftssitzung","plan":"17:30","actual":"17:30","dauer":40,"stops":"","date":"2026-04-12","canceled":false}
{"trainKey":"s7|a study session|09:00|2026-04-07","linie":"S7","ziel":"A study session","plan":"09:00","actual":"09:00","dauer":"","stops":"","date":"2026-04-07","canceled":false}
{"trainKey":"s62|seminar konstruktionslehre|15:45|unknown","linie":"S62","ziel":"Seminar Konstruktionslehre","plan":"15:45","actual":"15:45","dauer":90,"stops":"","date":"","canceled":false}
{"trainKey":"s7|sleep 1|12:12|unknown","linie":"S7","ziel":"Sleep 1","plan":"12:12","actual":"12:12","dauer":"","stops":"","date":"","canceled":false}
{"trainKey":"s6|konstruktionslehre|08:00|unknown","linie":"S6","ziel":"Konstruktionslehre","plan":"08:00","actual":"","dauer":90,"stops":"","date":"","canceled":false}
{"trainKey":"s7|sleep|unknown|unknown","linie":"S7","ziel":"Sleep","plan":"","actual":"","dauer":"","stops":"","date":"","canceled":false}
{"trainKey":"s1|all aboard the stem train|00:00|unknown","linie":"S1","ziel":"All aboard the stem train","plan":"00:00","actual":"00:00","dauer":"","stops":"","date":"","canceled":false}
{"trainKey":"s95|fachschaftssitzung|17:30|unknown","linie":"S95","ziel":"Fachschaftssitzung","plan":"17:30","actual":"","dauer":40,"stops":"","date":"","canceled":false}
{"trainKey":"s1|sleep now|unknown|unknown","linie":"S1","ziel":"Sleep now","plan":"","actual":"","dauer":"","stops":"","date":"","canceled":false}
{"trainKey":"t|unknown|unknown|unknown","linie":"t","ziel":"","plan":"","actual":"","dauer":"","stops":"","date":"","canceled":false}
{"trainKey":"s2|all aboard the stem train|00:00|2026-04-07","linie":"S2","ziel":"All aboard the stem train","plan":"00:00","actual":"00:00","dauer":90,"stops":"","date":"2026-04-07","canceled":true}
{"trainKey":"s7|a study session|09:45|2026-04-07","linie":"S7","ziel":"A study session","plan":"09:45","actual":"09:45","dauer":90,"stops":"","date":"2026-04-07","canceled":false}
{"trainKey":"s2|all aboard the stem train|00:00|2026-04-06","linie":"S2","ziel":"All aboard the stem train","plan":"00:00","actual":"00:00","dauer":90,"stops":"","date":"2026-04-06","canceled":false}
{"trainKey":"s25|all aboard the stem train|00:00|2026-04-06","linie":"S25","ziel":"All aboard the stem train","plan":"00:00","actual":"00:00","dauer":90,"stops":"","date":"2026-04-06","canceled":false}
{"trainKey":"s3|all aboard the stem train|00:00|2026-04-06","linie":"S3","ziel":"All aboard the stem train","plan":"00:00","actual":"00:00","dauer":90,"stops":"","date":"2026-04-06","canceled":false}
{"trainKey":"s4|all aboard the stem train|00:00|2026-04-06","linie":"S4","ziel":"All aboard the stem train","plan":"00:00","actual":"00:00","dauer":90,"stops":"","date":"2026-04-06","canceled":false}
{"trainKey":"s5|all aboard the stem train|00:00|2026-04-06","linie":"S5","ziel":"All aboard the stem train","plan":"00:00","actual":"00:00","dauer":90,"stops":"","date":"2026-04-06","canceled":false}
{"trainKey":"s6|all aboard the stem train|00:00|2026-04-06","linie":"S6","ziel":"All aboard the stem train","plan":"00:00","actual":"00:00","dauer":90,"stops":"","date":"2026-04-06","canceled":false}
{"trainKey":"s7|all aboard the stem train|00:00|2026-04-06","linie":"S7","ziel":"All aboard the stem train","plan":"00:00","actual":"00:00","dauer":90,"stops":"","date":"2026-04-06","canceled":false}
{"trainKey":"s75|all aboard the stem train|00:00|2026-04-06","linie":"S75","ziel":"All aboard the stem train","plan":"00:00","actual":"00:00","dauer":900,"stops":"","date":"2026-04-06","canceled":true}
{"trainKey":"s95|all aboard the stem train|00:00|2026-04-06","linie":"S95","ziel":"All aboard the stem train","plan":"00:00","actual":"00:00","dauer":90,"stops":"","date":"2026-04-06","canceled":false}
{"trainKey":"s8|all aboard the stem train|00:00|2026-04-06","linie":"S8","ziel":"All aboard the stem train","plan":"00:00","actual":"00:00","dauer":90,"stops":"","date":"2026-04-06","canceled":false}
{"trainKey":"s85|all aboard the stem train|00:00|2026-04-06","linie":"S85","ziel":"All aboard the stem train","plan":"00:00","actual":"00:00","dauer":90,"stops":"","date":"2026-04-06","canceled":false}
{"trainKey":"s5|fitness studio|06:00|2026-04-07","linie":"S5","ziel":"Fitness Studio","plan":"06:00","actual":"06:00","dauer":120,"stops":"","date":"2026-04-07","canceled":false}
{"trainKey":"s7|another study session|14:00|2026-04-07","linie":"S7","ziel":"Another study session","plan":"14:00","actual":"14:00","dauer":90,"stops":"","date":"2026-04-07","canceled":false}
{"trainKey":"s1|lunch break|13:00|2026-04-07","linie":"S1","ziel":"Lunch break","plan":"13:00","actual":"13:00","dauer":60,"stops":"","date":"2026-04-07","canceled":true}
{"trainKey":"s7|last study session|20:00|2026-04-07","linie":"S7","ziel":"Last study session","plan":"20:00","actual":"21:00","dauer":180,"stops":"","date":"2026-04-07","canceled":false}
{"trainKey":"s75|hahaha|01:35|2026-04-06","linie":"S75","ziel":"HAHAHA","plan":"01:35","actual":"01:35","dauer":999,"stops":"","date":"2026-04-06","canceled":true}
{"trainKey":"s5|hahaha|01:35|2026-04-06","linie":"S5","ziel":"HAHAHA","plan":"01:35","actual":"01:35","dauer":300,"stops":"","date":"2026-04-06","canceled":false}
{"trainKey":"s1|hahaha|01:35|2026-04-06","linie":"S1","ziel":"HAHAHA","plan":"01:35","actual":"01:35","dauer":300,"stops":"","date":"2026-04-06","canceled":false}
{"trainKey":"s7|study session 1|12:12|2026-04-08","linie":"S7","ziel":"Study session 1","plan":"12:12","actual":"14:00","dauer":90,"stops":"","date":"2026-04-08","canceled":false}
{"trainKey":"fex|all aboard the stem train|00:00|2026-04-06","linie":"FEX","ziel":"All aboard the stem train","plan":"00:00","actual":"00:00","dauer":900,"stops":"","date":"2026-04-06","canceled":false}
{"trainKey":"fex|konstruktionslehre|08:00|2026-04-07","linie":"fex","ziel":"Konstruktionslehre","plan":"08:00","actual":"08:00","dauer":90,"stops":"","date":"2026-04-07","canceled":false}
