{"trainKey":"s6|[prü] tz-aufgabe 2|14:00|2025-12-11","linie":"S6","ziel":"[PRÜ] TZ-Aufgabe 2","plan":"14:00","actual":"14:00","dauer":"90","stops":"V31.51","date":"2025-12-11","canceled":false}
{"trainKey":"s6|scheinklausur hm i |09:00|2025-12-13","linie":"S6","ziel":"Scheinklausur HM I ","plan":"09:00","actual":"09:00","dauer":"120","stops":"Die Scheinklausuren finden statt am Samstag, den 13. Dezember 2025 und am Samstag, den 31. Januar 2026, jeweils um 9:00 Uhr.\nZugelassene Hilfsmittel sind auch hier zwei eigenhändig handbeschriebene Seiten DIN A4. Elektronische Hilfsmittel sind nicht zugelassen. Darunter fallen jegliche Arten von Taschenrechnern, Organizern, Laptops, Mobiltelefonen und ähnliches.\nDie Teilnahme an der Scheinklausur ist notwendig zum Erwerb eines Übungsscheins, Ausweichtermine wird es nur in begründeten Ausnahmen (Krankheit) geben.","date":"2025-12-13","canceled":false}
{"trainKey":"s6|[prü] physik|09:00|2025-12-13","linie":"S6","ziel":"[PRÜ] Physik","plan":"09:00","actual":"15:00","dauer":"90","stops":"Qualitätsprüfung\n\nZeit: 90 Minuten\n\n Form: Multiple Choice. \n\nInhalt: Altklausur, ausgenommen sind nicht abgedeckte Themen.","date":"2025-12-13","canceled":false}
{"trainKey":"fex|final 25 start|00:00|2025-12-13","linie":"FEX","ziel":"Final 25 Start","plan":"00:00","actual":"00:00","dauer":"","stops":"","date":"2025-12-13","canceled":false}
{"trainKey":"13|eras tour documentary|00:00|2025-12-13","linie":"13","ziel":"Eras Tour Documentary","plan":"00:00","actual":"00:00","dauer":"","stops":"","date":"2025-12-13","canceled":false}
{"trainKey":"fex|[prü] tz-aufgabe 2|14:00|2025-12-11","linie":"FEX","ziel":"[PRÜ] TZ-Aufgabe 2","plan":"14:00","actual":"14:00","dauer":"90","stops":"V31.51","date":"2025-12-11","canceled":false}
{"trainKey":"fex|supply mission 20.01.2026 - einkauf|00:00|2025-12-13","linie":"FEX","ziel":"Supply Mission 20.01.2026 - Einkauf","plan":"00:00","actual":"00:00","dauer":"","stops":"","date":"2025-12-13","canceled":false}
{"trainKey":"s6|[prü] physik abschlusstest|00:00|2025-12-08","linie":"S6","ziel":"[PRÜ] Physik Abschlusstest","plan":"00:00","actual":"00:00","dauer":"","stops":"","date":"2025-12-08","canceled":false}
{"trainKey":"s6|einführung i.d. physik|07:45|2025-12-08","linie":"S6","ziel":"Einführung i.d. Physik","plan":"07:45","actual":"07:45","dauer":45,"stops":"PWR 53 - V53.01","date":"2025-12-08","canceled":false}
{"trainKey":"s7|technische mechanik i (übung)|14:00|2025-12-08","linie":"S7","ziel":"Technische Mechanik I (Übung)","plan":"14:00","actual":"14:00","dauer":90,"stops":"Einsatzort: Zuhause\n\nDieser Termin is für die folgenden Aufgaben vorgesehen\n\n- Mathe: Übungen zu Kapitel 1 bis einschließlich komplexen Zahlen. (2h)\n\n- Technische Mechanik I: Übungen bis einschließlich Kapitel 4: Schwerpunkt. (45m)","date":"2025-12-08","canceled":false}
{"trainKey":"s6|werkstoffkunde|11:30|2025-12-08","linie":"S6","ziel":"Werkstoffkunde","plan":"11:30","actual":"11:30","dauer":"90","stops":"PWR 07 - V 7.02","date":"2025-12-08","canceled":false}
{"trainKey":"s1|mittagspause|13:00|2025-12-08","linie":"S1","ziel":"Mittagspause","plan":"13:00","actual":"13:00","dauer":45,"stops":"","date":"2025-12-08","canceled":false}
{"trainKey":"s62|tm1 tutorium|09:45|2025-12-08","linie":"S62","ziel":"TM1 Tutorium","plan":"09:45","actual":"09:45","dauer":"90","stops":"PWR 06H - V 6.02 (PF06HEGV 6.02)","date":"2025-12-08","canceled":false}
{"trainKey":"s60|technische mechanik|15:45|2025-12-08","linie":"S60","ziel":"Technische Mechanik","plan":"15:45","actual":"15:45","dauer":90,"stops":"PWR 57 - V57.03\n\nDieser Termin ist als Vortragsübung angeboten.","date":"2025-12-08","canceled":false}
{"trainKey":"s45|flurus fachschaftssitzung|17:30|2025-12-08","linie":"S45","ziel":"FLURUS Fachschaftssitzung","plan":"17:30","actual":"17:30","dauer":30,"stops":"PWR 27 - V27.03\n\nDer Termin findet ab nächste Woche (W44) statt.","date":"2025-12-08","canceled":false}
{"trainKey":"s5|volleyball|20:00|2025-12-08","linie":"S5","ziel":"Volleyball","plan":"20:00","actual":"20:00","dauer":"90","stops":"","date":"2025-12-08","canceled":false}
{"trainKey":"s3|room decor|22:00|2025-12-08","linie":"S3","ziel":"Room Decor","plan":"22:00","actual":"19:57","dauer":"120","stops":"","date":"2025-12-08","canceled":false}
{"trainKey":"1|cheap ahh to do list|07:00|2025-12-09","linie":"1","ziel":"Cheap ahh To Do List","plan":"07:00","actual":"07:00","dauer":500,"stops":"1. Rundfunkbeitrag\n\n4. Dein Ladekabel liegt (hoffentlich) noch in der Fachschaft\n\n6. Viết thư cho Ngọc\n\n\nEdit nur in Legacy-App möglich :3","date":"2025-12-09","canceled":false}
{"trainKey":"1|cheap ahh to do list|unknown|2025-12-09","linie":"1","ziel":"Cheap ahh To Do List","plan":"","actual":"","dauer":100,"stops":"1. Rundfunkbeitrag\n\n4. Dein Ladekabel liegt (hoffentlich) noch in der Fachschaft\n\n6. Viết thư cho Ngọc\n\n\nEdit nur in Legacy-App möglich :3","date":"2025-12-09","canceled":false}
{"trainKey":"1|cheap ahh to do listsersergserg|unknown|2025-12-09","linie":"1","ziel":"Cheap ahh To Do Listsersergserg","plan":"","actual":"","dauer":100,"stops":"1. Rundfunkbeitrag\n\n4. Dein Ladekabel liegt (hoffentlich) noch in der Fachschaft\n\n6. Viết thư cho Ngọc\n\n\nEdit nur in Legacy-App möglich :3","date":"2025-12-09","canceled":false}
{"trainKey":"1|cheap ahh to do listrtrt|unknown|2025-12-09","linie":"1","ziel":"Cheap ahh To Do Listrtrt","plan":"","actual":"","dauer":100,"stops":"1. Rundfunkbeitrag\n\n4. Dein Ladekabel liegt (hoffentlich) noch in der Fachschaft\n\n6. Viết thư cho Ngọc\n\n\nEdit nur in Legacy-App möglich :3","date":"2025-12-09","canceled":false}
{"trainKey":"s60|seminar zur softwaretechnik|08:00|2025-12-09","linie":"S60","ziel":"Seminar zur Softwaretechnik","plan":"08:00","actual":"08:00","dauer":90,"stops":"","date":"2025-12-09","canceled":false}
{"trainKey":"s7|tz aufgabe 2 anfangen|09:45|2025-12-09","linie":"S7","ziel":"TZ Aufgabe 2 Anfangen","plan":"09:45","actual":"09:45","dauer":105,"stops":"","date":"2025-12-09","canceled":false}
{"trainKey":"s1|mittagspause|13:00|2025-12-09","linie":"S1","ziel":"Mittagspause","plan":"13:00","actual":"13:00","dauer":60,"stops":"","date":"2025-12-09","canceled":false}
{"trainKey":"s62|hm1 - gruppenübung|14:00|2025-12-09","linie":"S62","ziel":"HM1 - Gruppenübung","plan":"14:00","actual":"14:00","dauer":"90","stops":"PWR 09 - V 0.208 (PF09EGV 0.208)\n\nGruppe: Gruppe 43\nLehrveranstaltung: 010500104 Gruppenübung D zu Höhere Mathematik 1 für Ingenieurstudiengänge (2SSt UE, WS 2025/26)\nStudium: 1590 82 057 1 Luft- und Raumfahrttechnik\nStudienplankontext: Keine Zuordnung\n\n\nFÄLLT DIESE WOCHE AUS. ÜBERLAPPUNG MIT CAD KURS:","date":"2025-12-09","canceled":false}
{"trainKey":"s6|darstellungstechnik|15:45|2025-12-09","linie":"S6","ziel":"Darstellungstechnik","plan":"15:45","actual":"15:45","dauer":"90","stops":"PWR 47 - V47. 01","date":"2025-12-09","canceled":false}
{"trainKey":"s5|fitness studio|17:45|2025-12-09","linie":"S5","ziel":"Fitness Studio","plan":"17:45","actual":"17:45","dauer":"90","stops":"Achtung: Anmeldung noch nicht erfolgt.","date":"2025-12-09","canceled":false}
{"trainKey":"s7|mathematik i|20:00|2025-12-09","linie":"S7","ziel":"Mathematik I","plan":"20:00","actual":"20:00","dauer":180,"stops":"","date":"2025-12-09","canceled":false}
{"trainKey":"s3|room decor|22:00|2025-12-09","linie":"S3","ziel":"Room Decor","plan":"22:00","actual":"23:22","dauer":50,"stops":"","date":"2025-12-09","canceled":false}
