{"trainKey":"s6|[prü] wk + ft|00:00|2026-03-11","linie":"S6","ziel":"[PRÜ] WK + FT","plan":"00:00","actual":"00:00","dauer":"","stops":"Prüfung","date":"2026-03-11","canceled":false}
{"trainKey":"s46|technikbedarf bars|23:59|2026-03-15","linie":"S46","ziel":"Technikbedarf Bars","plan":"23:59","actual":"23:59","dauer":"","stops":"","date":"2026-03-15","canceled":false}
{"trainKey":"s46|helferausrüstung planen|23:59|2026-03-15","linie":"S46","ziel":"Helferausrüstung planen","plan":"23:59","actual":"23:59","dauer":"","stops":"","date":"2026-03-15","canceled":false}
{"trainKey":"fex|[prü] wk + ft|00:00|2026-03-11","linie":"FEX","ziel":"[PRÜ] WK + FT","plan":"00:00","actual":"00:00","dauer":"","stops":"Prüfung","date":"2026-03-11","canceled":false}
{"trainKey":"s5|fitness studio|20:00|2026-03-09","linie":"S5","ziel":"Fitness Studio","plan":"20:00","actual":"20:00","dauer":90,"stops":"","date":"2026-03-09","canceled":false}
{"trainKey":"s5|fitness studio|20:00|2026-03-10","linie":"S5","ziel":"Fitness Studio","plan":"20:00","actual":"20:00","dauer":90,"stops":"","date":"2026-03-10","canceled":false}
{"trainKey":"s5|fitness studio|20:00|2026-03-11","linie":"S5","ziel":"Fitness Studio","plan":"20:00","actual":"20:00","dauer":90,"stops":"","date":"2026-03-11","canceled":false}
{"trainKey":"s5|fitness studio|20:00|2026-03-12","linie":"S5","ziel":"Fitness Studio","plan":"20:00","actual":"20:00","dauer":90,"stops":"","date":"2026-03-12","canceled":false}
{"trainKey":"s5|fitness studio|20:00|2026-03-15","linie":"S5","ziel":"Fitness Studio","plan":"20:00","actual":"20:00","dauer":90,"stops":"","date":"2026-03-15","canceled":false}
{"trainKey":"s5|sleep|09:00|2026-03-09","linie":"S5","ziel":"Sleep","plan":"09:00","actual":"09:00","dauer":"","stops":"","date":"2026-03-09","canceled":false}
{"trainKey":"s5|sleep|09:00|2026-03-10","linie":"S5","ziel":"Sleep","plan":"09:00","actual":"09:00","dauer":"","stops":"","date":"2026-03-10","canceled":false}
{"trainKey":"s5|sleep|09:00|2026-03-11","linie":"S5","ziel":"Sleep","plan":"09:00","actual":"09:00","dauer":"","stops":"","date":"2026-03-11","canceled":false}
{"trainKey":"s5|sleep|09:00|2026-03-12","linie":"S5","ziel":"Sleep","plan":"09:00","actual":"09:00","dauer":"","stops":"","date":"2026-03-12","canceled":false}
{"trainKey":"s5|sleep|09:00|2026-03-13","linie":"S5","ziel":"Sleep","plan":"09:00","actual":"09:00","dauer":"","stops":"","date":"2026-03-13","canceled":false}
{"trainKey":"s5|sleep|09:00|2026-03-14","linie":"S5","ziel":"Sleep","plan":"09:00","actual":"09:00","dauer":"","stops":"","date":"2026-03-14","canceled":false}
{"trainKey":"s5|sleep|09:00|2026-03-15","linie":"S5","ziel":"Sleep","plan":"09:00","actual":"09:00","dauer":"","stops":"","date":"2026-03-15","canceled":false}
{"trainKey":"s6|sleep|09:00|2026-03-10","linie":"S6","ziel":"Sleep","plan":"09:00","actual":"09:00","dauer":"","stops":"","date":"2026-03-10","canceled":false}
{"trainKey":"s7|sleep|09:00|2026-03-09","linie":"S7","ziel":"Sleep","plan":"09:00","actual":"09:00","dauer":"","stops":"","date":"2026-03-09","canceled":false}
{"trainKey":"s7|sleep|09:00|2026-03-10","linie":"S7","ziel":"Sleep","plan":"09:00","actual":"09:00","dauer":"","stops":"","date":"2026-03-10","canceled":false}
{"trainKey":"s7|sleep|09:00|2026-03-11","linie":"S7","ziel":"Sleep","plan":"09:00","actual":"09:00","dauer":"","stops":"","date":"2026-03-11","canceled":false}
{"trainKey":"s7|sleep|09:00|2026-03-12","linie":"S7","ziel":"Sleep","plan":"09:00","actual":"09:00","dauer":"","stops":"","date":"2026-03-12","canceled":false}
{"trainKey":"s7|sleep|09:00|2026-03-13","linie":"S7","ziel":"Sleep","plan":"09:00","actual":"09:00","dauer":"","stops":"","date":"2026-03-13","canceled":false}
{"trainKey":"s7|sleep|09:00|2026-03-14","linie":"S7","ziel":"Sleep","plan":"09:00","actual":"09:00","dauer":"","stops":"","date":"2026-03-14","canceled":false}
{"trainKey":"s7|sleep|09:00|2026-03-15","linie":"S7","ziel":"Sleep","plan":"09:00","actual":"09:00","dauer":"","stops":"","date":"2026-03-15","canceled":false}
{"trainKey":"s8|sleep|09:00|2026-03-09","linie":"S8","ziel":"Sleep","plan":"09:00","actual":"09:00","dauer":120,"stops":"","date":"2026-03-09","canceled":false}
{"trainKey":"s8|sleep|09:00|2026-03-10","linie":"S8","ziel":"Sleep","plan":"09:00","actual":"09:00","dauer":120,"stops":"","date":"2026-03-10","canceled":false}
{"trainKey":"s8|sleep|09:00|2026-03-11","linie":"S8","ziel":"Sleep","plan":"09:00","actual":"09:00","dauer":120,"stops":"","date":"2026-03-11","canceled":false}
{"trainKey":"s8|sleep|09:00|2026-03-12","linie":"S8","ziel":"Sleep","plan":"09:00","actual":"09:00","dauer":120,"stops":"","date":"2026-03-12","canceled":false}
{"trainKey":"s8|sleep|09:00|2026-03-13","linie":"S8","ziel":"Sleep","plan":"09:00","actual":"09:00","dauer":120,"stops":"","date":"2026-03-13","canceled":false}
{"trainKey":"s8|sleep|09:00|2026-03-14","linie":"S8","ziel":"Sleep","plan":"09:00","actual":"09:00","dauer":120,"stops":"","date":"2026-03-14","canceled":false}
{"trainKey":"s8|sleep|09:00|2026-03-15","linie":"S8","ziel":"Sleep","plan":"09:00","actual":"09:00","dauer":120,"stops":"","date":"2026-03-15","canceled":false}
{"trainKey":"s1|eat|10:00|2026-03-09","linie":"S1","ziel":"Eat","plan":"10:00","actual":"10:00","dauer":120,"stops":"","date":"2026-03-09","canceled":false}
{"trainKey":"s1|eat|10:00|2026-03-10","linie":"S1","ziel":"Eat","plan":"10:00","actual":"10:00","dauer":120,"stops":"","date":"2026-03-10","canceled":false}
{"trainKey":"s1|eat|10:00|2026-03-11","linie":"S1","ziel":"Eat","plan":"10:00","actual":"10:00","dauer":120,"stops":"","date":"2026-03-11","canceled":false}
{"trainKey":"s1|eat|10:00|2026-03-12","linie":"S1","ziel":"Eat","plan":"10:00","actual":"10:00","dauer":120,"stops":"","date":"2026-03-12","canceled":false}
{"trainKey":"s1|eat|10:00|2026-03-13","linie":"S1","ziel":"Eat","plan":"10:00","actual":"10:00","dauer":120,"stops":"","date":"2026-03-13","canceled":false}
{"trainKey":"s1|eat|10:00|2026-03-14","linie":"S1","ziel":"Eat","plan":"10:00","actual":"10:00","dauer":120,"stops":"","date":"2026-03-14","canceled":false}
{"trainKey":"s1|eat|10:00|2026-03-15","linie":"S1","ziel":"Eat","plan":"10:00","actual":"10:00","dauer":120,"stops":"","date":"2026-03-15","canceled":false}
{"trainKey":"s2|sleep|12:12|2026-03-09","linie":"S2","ziel":"Sleep","plan":"12:12","actual":"12:12","dauer":"","stops":"","date":"2026-03-09","canceled":false}
{"trainKey":"s2|sleep|12:12|2026-03-10","linie":"S2","ziel":"Sleep","plan":"12:12","actual":"12:12","dauer":"","stops":"","date":"2026-03-10","canceled":false}
{"trainKey":"s2|sleep|12:12|2026-03-11","linie":"S2","ziel":"Sleep","plan":"12:12","actual":"12:12","dauer":"","stops":"","date":"2026-03-11","canceled":false}
{"trainKey":"s2|sleep|12:12|2026-03-12","linie":"S2","ziel":"Sleep","plan":"12:12","actual":"12:12","dauer":"","stops":"","date":"2026-03-12","canceled":false}
{"trainKey":"s2|sleep|12:12|2026-03-15","linie":"S2","ziel":"Sleep","plan":"12:12","actual":"12:12","dauer":"","stops":"","date":"2026-03-15","canceled":false}
{"trainKey":"s7|sleep|12:12|2026-03-09","linie":"S7","ziel":"Sleep","plan":"12:12","actual":"12:12","dauer":"","stops":"","date":"2026-03-09","canceled":false}
{"trainKey":"s7|sleep|12:12|2026-03-10","linie":"S7","ziel":"Sleep","plan":"12:12","actual":"12:12","dauer":"","stops":"","date":"2026-03-10","canceled":false}
{"trainKey":"s7|sleep|12:12|2026-03-11","linie":"S7","ziel":"Sleep","plan":"12:12","actual":"12:12","dauer":"","stops":"","date":"2026-03-11","canceled":false}
{"trainKey":"s7|sleep|12:12|2026-03-12","linie":"S7","ziel":"Sleep","plan":"12:12","actual":"12:12","dauer":"","stops":"","date":"2026-03-12","canceled":false}
{"trainKey":"s7|sleep|12:12|2026-03-15","linie":"S7","ziel":"Sleep","plan":"12:12","actual":"12:12","dauer":"","stops":"","date":"2026-03-15","canceled":false}
{"trainKey":"s7|sleep 1|12:12|2026-03-10","linie":"S7","ziel":"Sleep 1","plan":"12:12","actual":"12:12","dauer":"","stops":"","date":"2026-03-10","canceled":false}
{"trainKey":"s5|fatima|10:00|2026-03-09","linie":"S5","ziel":"Fatima","plan":"10:00","actual":"10:00","dauer":"","stops":"","date":"2026-03-09","canceled":false}
