{"trainKey":"s6|einführung i.d. physik|07:45|2025-11-24","linie":"S6","ziel":"Einführung i.d. Physik","plan":"07:45","actual":"07:45","dauer":45,"stops":"PWR 53 - V53.01","date":"2025-11-24","canceled":false}
{"trainKey":"s7|mathematik i|09:00|2025-11-24","linie":"S7","ziel":"Mathematik I","plan":"09:00","actual":"09:00","dauer":135,"stops":"Einsatzort: Zuhause\n\nDieser Termin is für die folgenden Aufgaben vorgesehen\n\n- Mathe: Übungen zu Kapitel 1 bis einschließlich komplexen Zahlen. (2h)\n\n- Technische Mechanik I: Übungen bis einschließlich Kapitel 4: Schwerpunkt. (45m)","date":"2025-11-24","canceled":false}
{"trainKey":"s6|werkstoffkunde|11:30|2025-11-24","linie":"S6","ziel":"Werkstoffkunde","plan":"11:30","actual":"11:30","dauer":"90","stops":"PWR 07 - V 7.02","date":"2025-11-24","canceled":false}
{"trainKey":"s1|mittagspause|13:00|2025-11-24","linie":"S1","ziel":"Mittagspause","plan":"13:00","actual":"13:00","dauer":45,"stops":"","date":"2025-11-24","canceled":false}
{"trainKey":"s62|tm1 tutorium |14:00|2025-11-24","linie":"S62","ziel":"TM1 Tutorium ","plan":"14:00","actual":"14:00","dauer":"90","stops":"PWR 47 - V47.02","date":"2025-11-24","canceled":false}
{"trainKey":"s60|technische mechanik|15:45|2025-11-24","linie":"S60","ziel":"Technische Mechanik","plan":"15:45","actual":"15:45","dauer":90,"stops":"PWR 57 - V57.03\n\nDieser Termin ist als Vortragsübung angeboten.","date":"2025-11-24","canceled":false}
{"trainKey":"s45|flurus fachschaftssitzung|17:30|2025-11-24","linie":"S45","ziel":"FLURUS Fachschaftssitzung","plan":"17:30","actual":"17:30","dauer":30,"stops":"PWR 27 - V27.03\n\nDer Termin findet ab nächste Woche (W44) statt.","date":"2025-11-24","canceled":false}
{"trainKey":"s5|volleyball|20:00|2025-11-24","linie":"S5","ziel":"Volleyball","plan":"20:00","actual":"20:00","dauer":"90","stops":"","date":"2025-11-24","canceled":false}
{"trainKey":"s3|room decor|22:00|2025-11-24","linie":"S3","ziel":"Room Decor","plan":"22:00","actual":"11:45","dauer":"120","stops":"","date":"2025-11-24","canceled":false}
{"trainKey":"s60|seminar zur softwaretechnik|08:00|2025-11-25","linie":"S60","ziel":"Seminar zur Softwaretechnik","plan":"08:00","actual":"08:00","dauer":90,"stops":"","date":"2025-11-25","canceled":false}
{"trainKey":"s7|tz aufgabe 2 anfangen|09:45|2025-11-25","linie":"S7","ziel":"TZ Aufgabe 2 Anfangen","plan":"09:45","actual":"09:45","dauer":180,"stops":"","date":"2025-11-25","canceled":false}
{"trainKey":"s1|mittagspause|13:00|2025-11-25","linie":"S1","ziel":"Mittagspause","plan":"13:00","actual":"13:00","dauer":30,"stops":"","date":"2025-11-25","canceled":false}
{"trainKey":"s62|hm1 - gruppenübung|14:00|2025-11-25","linie":"S62","ziel":"HM1 - Gruppenübung","plan":"14:00","actual":"12:00","dauer":"90","stops":"PWR 09 - V 0.208 (PF09EGV 0.208)\n\nGruppe: Gruppe 43\nLehrveranstaltung: 010500104 Gruppenübung D zu Höhere Mathematik 1 für Ingenieurstudiengänge (2SSt UE, WS 2025/26)\nStudium: 1590 82 057 1 Luft- und Raumfahrttechnik\nStudienplankontext: Keine Zuordnung\n\n\nFÄLLT DIESE WOCHE AUS. ÜBERLAPPUNG MIT CAD KURS:","date":"2025-11-25","canceled":true}
{"trainKey":"s6|darstellungstechnik|15:45|2025-11-25","linie":"S6","ziel":"Darstellungstechnik","plan":"15:45","actual":"17:05","dauer":"90","stops":"PWR 47 - V47. 01","date":"2025-11-25","canceled":false}
{"trainKey":"s5|fitness studio|17:45|2025-11-25","linie":"S5","ziel":"Fitness Studio","plan":"17:45","actual":"17:45","dauer":"90","stops":"Achtung: Anmeldung noch nicht erfolgt.","date":"2025-11-25","canceled":false}
{"trainKey":"s7|mathematik i|20:00|2025-11-25","linie":"S7","ziel":"Mathematik I","plan":"20:00","actual":"20:00","dauer":"120","stops":"","date":"2025-11-25","canceled":false}
{"trainKey":"s3|room decor|22:00|2025-11-25","linie":"S3","ziel":"Room Decor","plan":"22:00","actual":"23:00","dauer":50,"stops":"","date":"2025-11-25","canceled":false}
{"trainKey":"s5|fitness studio|17:00|2025-11-26","linie":"S5","ziel":"Fitness Studio","plan":"17:00","actual":"17:00","dauer":"90","stops":"Achtung: Anmeldung noch nicht abgeschlossen!\n\nAb diese Woche um 17 Uhr, falls [HM1] Vortragsübung stattfindet, sonst als [Zusatzfahrt] um 7:30 Uhr angeboten. Dieser Termin fällt demzufolge aus.","date":"2025-11-26","canceled":true}
{"trainKey":"s60|hm1 vortragsübung|08:00|2025-11-26","linie":"S60","ziel":"HM1 Vortragsübung","plan":"08:00","actual":"08:00","dauer":"90","stops":"Vortragsübung zu Höhere Mathematik 1 für bewe, geod, lrt, mach, verk ZV, Standardgruppe\n\nPWR 53 - V 53.01 (PF5301V 53.01)","date":"2025-11-26","canceled":false}
{"trainKey":"s6|höhere mathematik i|09:45|2025-11-26","linie":"S6","ziel":"Höhere Mathematik I","plan":"09:45","actual":"09:45","dauer":"90","stops":"PWR 53 - V 53.01","date":"2025-11-26","canceled":false}
{"trainKey":"s1|mittagspause|11:30|2025-11-26","linie":"S1","ziel":"Mittagspause","plan":"11:30","actual":"11:30","dauer":"60","stops":"","date":"2025-11-26","canceled":false}
{"trainKey":"s7|isd labor|13:00|2025-11-26","linie":"S7","ziel":"ISD Labor","plan":"13:00","actual":"13:00","dauer":150,"stops":"Einsatzort: Zuhause\n\nAufgaben:\n- Mathe: Übungsblatt (circa 2 Stunden)\n- Faserverbundlabor: Notizen vervollständigen\n- Physik: Skript für die nächste Vorlesung lesen\n\nHeute um 30 Minuten verlängert.","date":"2025-11-26","canceled":false}
{"trainKey":"s7|unknown|20:00|2025-11-26","linie":"S7","ziel":"","plan":"20:00","actual":"20:00","dauer":150,"stops":"","date":"2025-11-26","canceled":true}
{"trainKey":"s3|room decor|22:00|2025-11-26","linie":"S3","ziel":"Room Decor","plan":"22:00","actual":"22:00","dauer":"120","stops":"","date":"2025-11-26","canceled":true}
{"trainKey":"s6|einführung i.d. physik|08:00|2025-11-27","linie":"S6","ziel":"Einführung i.d. Physik","plan":"08:00","actual":"08:00","dauer":"90","stops":"PWR 53 - V 53.01","date":"2025-11-27","canceled":false}
{"trainKey":"s6|softwarewerkzeuge|09:45|2025-11-27","linie":"S6","ziel":"Softwarewerkzeuge","plan":"09:45","actual":"09:45","dauer":"90","stops":"PWR 57 - V 57.03","date":"2025-11-27","canceled":false}
{"trainKey":"s6|fertigungstechnik|11:30|2025-11-27","linie":"S6","ziel":"Fertigungstechnik","plan":"11:30","actual":"11:30","dauer":"90","stops":"PWR 47 - V 47.02","date":"2025-11-27","canceled":false}
{"trainKey":"s1|mittagspause|13:00|2025-11-27","linie":"S1","ziel":"Mittagspause","plan":"13:00","actual":"13:00","dauer":30,"stops":"","date":"2025-11-27","canceled":false}
{"trainKey":"s7|mathematik i|14:00|2025-11-27","linie":"S7","ziel":"Mathematik I","plan":"14:00","actual":"14:00","dauer":"90","stops":"Mengen, Gruppe, Ringe und Körper\n\nKomplexe Zahlen","date":"2025-11-27","canceled":true}
{"trainKey":"s6|technische mechanik i|15:45|2025-11-27","linie":"S6","ziel":"Technische Mechanik I","plan":"15:45","actual":"15:45","dauer":"90","stops":"PWR 07 - V 07.02","date":"2025-11-27","canceled":false}
{"trainKey":"s7|technische mechanik i (übung)|20:00|2025-11-27","linie":"S7","ziel":"Technische Mechanik I (Übung)","plan":"20:00","actual":"20:00","dauer":120,"stops":"","date":"2025-11-27","canceled":false}
{"trainKey":"s3|movie night prep|22:00|2025-11-27","linie":"S3","ziel":"Movie Night Prep","plan":"22:00","actual":"23:00","dauer":60,"stops":"","date":"2025-11-27","canceled":true}
{"trainKey":"s6|cad crashkurs|13:30|2025-11-25","linie":"S6","ziel":"CAD Crashkurs","plan":"13:30","actual":"13:30","dauer":135,"stops":"","date":"2025-11-25","canceled":false}
{"trainKey":"s6|cad crashkurs|13:30|2025-11-26","linie":"S6","ziel":"CAD Crashkurs","plan":"13:30","actual":"13:30","dauer":180,"stops":"","date":"2025-11-26","canceled":false}
{"trainKey":"s6|cad crashkurs|13:30|2025-11-27","linie":"S6","ziel":"CAD Crashkurs","plan":"13:30","actual":"13:30","dauer":135,"stops":"","date":"2025-11-27","canceled":false}
{"trainKey":"s6|cad crashkurs|13:30|2025-11-28","linie":"S6","ziel":"CAD Crashkurs","plan":"13:30","actual":"13:30","dauer":180,"stops":"","date":"2025-11-28","canceled":false}
{"trainKey":"s7|tz - cad anfangen|20:30|2025-11-25","linie":"S7","ziel":"TZ - CAD Anfangen","plan":"20:30","actual":"20:30","dauer":"","stops":"","date":"2025-11-25","canceled":false}
{"trainKey":"s6|tm1 hörsaaltest|00:00|2025-11-25","linie":"S6","ziel":"TM1 Hörsaaltest","plan":"00:00","actual":"00:00","dauer":"","stops":"","date":"2025-11-25","canceled":false}
{"trainKey":"s6|exphys test|00:00|2025-11-25","linie":"S6","ziel":"ExPhys Test","plan":"00:00","actual":"00:00","dauer":"","stops":"","date":"2025-11-25","canceled":false}
{"trainKey":"s4|uschi party|18:00|2025-11-26","linie":"S4","ziel":"USCHI Party","plan":"18:00","actual":"18:00","dauer":360,"stops":"","date":"2025-11-26","canceled":false}
{"trainKey":"s5|fitness studio|07:30|2025-11-28","linie":"S5","ziel":"Fitness Studio","plan":"07:30","actual":"07:30","dauer":"90","stops":"","date":"2025-11-28","canceled":false}
{"trainKey":"s6|höhere mathematik i|09:45|2025-11-28","linie":"S6","ziel":"Höhere Mathematik I","plan":"09:45","actual":"09:45","dauer":"90","stops":"PWR 53 - V 53.01","date":"2025-11-28","canceled":false}
{"trainKey":"s1|mittagspause|12:00|2025-11-28","linie":"S1","ziel":"Mittagspause","plan":"12:00","actual":"12:00","dauer":"60","stops":"Heute kein Mittagsschlaf.","date":"2025-11-28","canceled":false}
{"trainKey":"s7|technische mechanik i (übung)|13:00|2025-11-28","linie":"S7","ziel":"Technische Mechanik I (Übung)","plan":"13:00","actual":"13:00","dauer":220,"stops":"Einsatzort: WG\n\nDieser Termin ist zur Vorbereitung für das Faserverbundlabor vorgesehen.","date":"2025-11-28","canceled":true}
{"trainKey":"s4|unknown|18:00|2025-11-28","linie":"S4","ziel":"","plan":"18:00","actual":"18:00","dauer":"480","stops":"Kein Termin zum Ausgehen eingetragen....leider.","date":"2025-11-28","canceled":false}
{"trainKey":"s7|technische mechanik i (übung)|09:00|2025-11-24","linie":"S7","ziel":"Technische Mechanik I (Übung)","plan":"09:00","actual":"09:40","dauer":60,"stops":"Einsatzort: Zuhause\n\nDieser Termin is für die folgenden Aufgaben vorgesehen\n\n- Mathe: Übungen zu Kapitel 1 bis einschließlich komplexen Zahlen. (2h)\n\n- Technische Mechanik I: Übungen bis einschließlich Kapitel 4: Schwerpunkt. (45m)","date":"2025-11-24","canceled":false}
{"trainKey":"s4|girls night out|18:00|2025-11-28","linie":"S4","ziel":"Girls Night Out","plan":"18:00","actual":"18:00","dauer":"480","stops":"Kein Termin zum Ausgehen eingetragen....leider.","date":"2025-11-28","canceled":true}
{"trainKey":"s5|fitness studio|07:30|2025-11-29","linie":"S5","ziel":"Fitness Studio","plan":"07:30","actual":"07:30","dauer":90,"stops":"Anmeldung noch nicht erfolgt!","date":"2025-11-29","canceled":false}
{"trainKey":"s3|unknown|10:00|2025-11-29","linie":"S3","ziel":"","plan":"10:00","actual":"10:00","dauer":"120","stops":"","date":"2025-11-29","canceled":false}
{"trainKey":"s3|unknown|14:00|2025-11-29","linie":"S3","ziel":"","plan":"14:00","actual":"14:00","dauer":"180","stops":"","date":"2025-11-29","canceled":false}
{"trainKey":"s7|mathematik i|20:00|2025-11-29","linie":"S7","ziel":"Mathematik I","plan":"20:00","actual":"20:00","dauer":180,"stops":"","date":"2025-11-29","canceled":false}
{"trainKey":"s3|movie night prep|22:00|2025-11-29","linie":"S3","ziel":"Movie Night Prep","plan":"22:00","actual":"23:00","dauer":60,"stops":"","date":"2025-11-29","canceled":false}
{"trainKey":"s62|tm1 tutorium hahahaha|14:00|2025-11-24","linie":"S62","ziel":"TM1 Tutorium hahahaha","plan":"14:00","actual":"14:00","dauer":"90","stops":"PWR 47 - V47.02","date":"2025-11-24","canceled":false}
{"trainKey":"s62|tm1 tutorium|14:00|2025-11-24","linie":"S62","ziel":"TM1 Tutorium","plan":"14:00","actual":"14:00","dauer":"90","stops":"PWR 47 - V47.02","date":"2025-11-24","canceled":true}
{"trainKey":"s7|technische mechanik i (übungen)|09:00|2025-11-24","linie":"S7","ziel":"Technische Mechanik I (Übungen)","plan":"09:00","actual":"09:00","dauer":135,"stops":"Einsatzort: Zuhause\n\nDieser Termin is für die folgenden Aufgaben vorgesehen\n\n- Mathe: Übungen zu Kapitel 1 bis einschließlich komplexen Zahlen. (2h)\n\n- Technische Mechanik I: Übungen bis einschließlich Kapitel 4: Schwerpunkt. (45m)","date":"2025-11-24","canceled":false}
{"trainKey":"s6|exphys test|00:00|2025-11-24","linie":"S6","ziel":"ExPhys Test","plan":"00:00","actual":"00:00","dauer":"","stops":"","date":"2025-11-24","canceled":false}
{"trainKey":"s1|hi|unknown|2025-11-24","linie":"S1","ziel":"Hi","plan":"","actual":"","dauer":"","stops":"","date":"2025-11-24","canceled":false}
{"trainKey":"s1|hi|20:42|2025-11-24","linie":"S1","ziel":"Hi","plan":"20:42","actual":"20:42","dauer":"","stops":"","date":"2025-11-24","canceled":false}
{"trainKey":"s1|movie nighttt|18:00|2025-11-24","linie":"S1","ziel":"MOVIE NIGHTTT","plan":"18:00","actual":"18:30","dauer":360,"stops":"","date":"2025-11-24","canceled":false}
{"trainKey":"s7|unknown|13:00|2025-11-26","linie":"S7","ziel":"","plan":"13:00","actual":"13:00","dauer":150,"stops":"Einsatzort: Zuhause\n\nAufgaben:\n- Mathe: Übungsblatt (circa 2 Stunden)\n- Faserverbundlabor: Notizen vervollständigen\n- Physik: Skript für die nächste Vorlesung lesen\n\nHeute um 30 Minuten verlängert.","date":"2025-11-26","canceled":true}
{"trainKey":"s7|mathe: folgen, reihen, grenzwert|10:00|2025-11-30","linie":"S7","ziel":"Mathe: Folgen, Reihen, Grenzwert","plan":"10:00","actual":"08:00","dauer":210,"stops":"","date":"2025-11-30","canceled":false}
{"trainKey":"s7|technische mechanik (übung)|14:00|2025-11-30","linie":"S7","ziel":"Technische Mechanik (Übung)","plan":"14:00","actual":"14:00","dauer":180,"stops":"Dieser Termin ist für das Selbststudium TM1 vorgesehen.\nLiteratur: TM1","date":"2025-11-30","canceled":false}
{"trainKey":"s7|isd labor|19:00|2025-11-30","linie":"S7","ziel":"ISD Labor","plan":"19:00","actual":"19:00","dauer":240,"stops":"","date":"2025-11-30","canceled":false}
{"trainKey":"s7|physik abschlusstest|22:00|2025-11-25","linie":"S7","ziel":"Physik Abschlusstest","plan":"22:00","actual":"22:00","dauer":60,"stops":"","date":"2025-11-25","canceled":false}
{"trainKey":"s2|kochen|17:00|2025-11-28","linie":"S2","ziel":"Kochen","plan":"17:00","actual":"17:00","dauer":90,"stops":"","date":"2025-11-28","canceled":false}
{"trainKey":"s7|unknown|unknown|unknown","linie":"S7","ziel":"","plan":"","actual":"","dauer":"","stops":"","date":"","canceled":false}
{"trainKey":"s7|unknown|19:00|unknown","linie":"S7","ziel":"","plan":"19:00","actual":"19:00","dauer":300,"stops":"","date":"","canceled":false}
{"trainKey":"s7|unknown|19:00|2025-11-28","linie":"S7","ziel":"","plan":"19:00","actual":"19:00","dauer":150,"stops":"","date":"2025-11-28","canceled":false}
{"trainKey":"s3|unknown|22:00|2025-11-29","linie":"S3","ziel":"","plan":"22:00","actual":"23:00","dauer":60,"stops":"","date":"2025-11-29","canceled":true}
{"trainKey":"s7|unknown|20:00|2025-11-29","linie":"S7","ziel":"","plan":"20:00","actual":"20:00","dauer":180,"stops":"","date":"2025-11-29","canceled":false}
{"trainKey":"s7|mathematik i|10:00|2025-11-30","linie":"S7","ziel":"Mathematik I","plan":"10:00","actual":"08:00","dauer":210,"stops":"","date":"2025-11-30","canceled":false}
{"trainKey":"s7|mathematik i|19:00|2025-11-30","linie":"S7","ziel":"Mathematik I","plan":"19:00","actual":"19:00","dauer":240,"stops":"","date":"2025-11-30","canceled":false}
{"trainKey":"s7|technische mechanik i (übung)|14:00|2025-11-30","linie":"S7","ziel":"Technische Mechanik I (Übung)","plan":"14:00","actual":"14:00","dauer":180,"stops":"Dieser Termin ist für das Selbststudium TM1 vorgesehen.\nLiteratur: TM1","date":"2025-11-30","canceled":false}
{"trainKey":"s46|unknown|unknown|2025-11-24","linie":"S46","ziel":"","plan":"","actual":"","dauer":"","stops":"","date":"2025-11-24","canceled":false}
{"trainKey":"s46|unknown|unknown|2025-11-28","linie":"S46","ziel":"","plan":"","actual":"","dauer":"","stops":"","date":"2025-11-28","canceled":false}
{"trainKey":"s46|unknown|22:00|2025-11-28","linie":"S46","ziel":"","plan":"22:00","actual":"22:00","dauer":60,"stops":"","date":"2025-11-28","canceled":false}
{"trainKey":"s46|unknown|22:00|2025-11-25","linie":"S46","ziel":"","plan":"22:00","actual":"22:00","dauer":60,"stops":"","date":"2025-11-25","canceled":false}
{"trainKey":"s46|unknown|22:00|2025-11-29","linie":"S46","ziel":"","plan":"22:00","actual":"22:00","dauer":60,"stops":"","date":"2025-11-29","canceled":false}
{"trainKey":"s46|unknown|23:00|2025-11-29","linie":"S46","ziel":"","plan":"23:00","actual":"23:00","dauer":60,"stops":"","date":"2025-11-29","canceled":false}
{"trainKey":"s7|technische mechanik i (übung)|14:00|2025-11-24","linie":"S7","ziel":"Technische Mechanik I (Übung)","plan":"14:00","actual":"14:00","dauer":90,"stops":"","date":"2025-11-24","canceled":true}
{"trainKey":"s4|unknown|unknown|2025-11-24","linie":"S4","ziel":"","plan":"","actual":"","dauer":"","stops":"","date":"2025-11-24","canceled":false}
{"trainKey":"s4|minecraft night|unknown|2025-11-24","linie":"S4","ziel":"Minecraft Night","plan":"","actual":"","dauer":"","stops":"","date":"2025-11-24","canceled":false}
{"trainKey":"s45|unknown|unknown|2025-11-24","linie":"S45","ziel":"","plan":"","actual":"","dauer":"","stops":"","date":"2025-11-24","canceled":false}
{"trainKey":"s45|unknown|unknown|unknown","linie":"S45","ziel":"","plan":"","actual":"","dauer":"","stops":"","date":"","canceled":false}
{"trainKey":"s1|mittagspause/sprechstunde tz|11:30|2025-11-26","linie":"S1","ziel":"Mittagspause/Sprechstunde TZ","plan":"11:30","actual":"11:30","dauer":"60","stops":"","date":"2025-11-26","canceled":false}
{"trainKey":"s1|unknown|unknown|2025-11-24","linie":"S1","ziel":"","plan":"","actual":"","dauer":"","stops":"","date":"2025-11-24","canceled":false}
{"trainKey":"s1|mittag|unknown|2025-11-24","linie":"S1","ziel":"Mittag","plan":"","actual":"","dauer":"","stops":"","date":"2025-11-24","canceled":false}
{"trainKey":"s1|mittag|14:41|2025-11-24","linie":"S1","ziel":"Mittag","plan":"14:41","actual":"14:41","dauer":60,"stops":"","date":"2025-11-24","canceled":false}
{"trainKey":"fex|unknown|unknown|2025-11-24","linie":"FEX","ziel":"","plan":"","actual":"","dauer":"","stops":"","date":"2025-11-24","canceled":false}
{"trainKey":"s62|tm1 tutorium|09:45|2025-11-24","linie":"S62","ziel":"TM1 Tutorium","plan":"09:45","actual":"09:45","dauer":"90","stops":"PWR 06H - V 6.02 (PF06HEGV 6.02)","date":"2025-11-24","canceled":false}
{"trainKey":"s2|kochen|19:15|2025-11-25","linie":"S2","ziel":"Kochen","plan":"19:15","actual":"19:15","dauer":45,"stops":"","date":"2025-11-25","canceled":false}
{"trainKey":"s7|tz - cad anfangen|19:00|2025-11-28","linie":"S7","ziel":"TZ - CAD Anfangen","plan":"19:00","actual":"19:00","dauer":120,"stops":"","date":"2025-11-28","canceled":false}
{"trainKey":"s7|tm1 - hörsaaltest|21:10|2025-11-28","linie":"S7","ziel":"TM1 - Hörsaaltest","plan":"21:10","actual":"21:10","dauer":180,"stops":"","date":"2025-11-28","canceled":false}
{"trainKey":"s7|tm1 - hörsaaltest|22:10|2025-11-27","linie":"S7","ziel":"TM1 - Hörsaaltest","plan":"22:10","actual":"22:10","dauer":120,"stops":"","date":"2025-11-27","canceled":false}
{"trainKey":"s62|unknown|unknown|2025-11-24","linie":"S62","ziel":"","plan":"","actual":"","dauer":"","stops":"","date":"2025-11-24","canceled":false}
{"trainKey":"s46|mama|unknown|2025-11-24","linie":"S46","ziel":"Mama","plan":"","actual":"","dauer":"","stops":"","date":"2025-11-24","canceled":false}
{"trainKey":"s46|mama|19:43|2025-11-24","linie":"S46","ziel":"Mama","plan":"19:43","actual":"19:43","dauer":1000,"stops":"","date":"2025-11-24","canceled":false}
{"trainKey":"fex|tm1 hörsaaltest|00:00|2025-11-25","linie":"FEX","ziel":"TM1 Hörsaaltest","plan":"00:00","actual":"00:00","dauer":"","stops":"","date":"2025-11-25","canceled":false}
{"trainKey":"s4|tm1 hörsaaltest|00:00|2025-11-25","linie":"S4","ziel":"TM1 Hörsaaltest","plan":"00:00","actual":"00:00","dauer":"","stops":"","date":"2025-11-25","canceled":false}
{"trainKey":"s45|unknown|23:00|2025-11-29","linie":"S45","ziel":"","plan":"23:00","actual":"23:00","dauer":60,"stops":"","date":"2025-11-29","canceled":false}
{"trainKey":"fex|hi|unknown|2025-11-24","linie":"FEX","ziel":"Hi","plan":"","actual":"","dauer":"","stops":"","date":"2025-11-24","canceled":false}
{"trainKey":"fex|hi|19:46|2025-11-24","linie":"FEX","ziel":"Hi","plan":"19:46","actual":"22:46","dauer":100,"stops":"","date":"2025-11-24","canceled":false}
{"trainKey":"s2|hi|19:46|2025-11-24","linie":"S2","ziel":"Hi","plan":"19:46","actual":"22:56","dauer":100,"stops":"","date":"2025-11-24","canceled":false}
{"trainKey":"s6|höhere mathematik i|09:04|2025-11-26","linie":"S6","ziel":"Höhere Mathematik I","plan":"09:04","actual":"09:45","dauer":"90","stops":"PWR 53 - V 53.01","date":"2025-11-26","canceled":false}
