{"trainKey":"s5|fitness studio|20:00|2026-04-20","linie":"S5","ziel":"Fitness Studio","plan":"20:00","actual":"20:00","dauer":90,"stops":"","date":"2026-04-20","canceled":false}
{"trainKey":"s5|fitness studio|20:00|2026-04-21","linie":"S5","ziel":"Fitness Studio","plan":"20:00","actual":"20:00","dauer":90,"stops":"","date":"2026-04-21","canceled":false}
{"trainKey":"s5|fitness studio|20:00|2026-04-22","linie":"S5","ziel":"Fitness Studio","plan":"20:00","actual":"20:00","dauer":90,"stops":"","date":"2026-04-22","canceled":false}
{"trainKey":"s5|fitness studio|20:00|2026-04-23","linie":"S5","ziel":"Fitness Studio","plan":"20:00","actual":"20:00","dauer":90,"stops":"","date":"2026-04-23","canceled":false}
{"trainKey":"s6|konstruktionslehre|08:00|2026-04-20","linie":"S6","ziel":"Konstruktionslehre","plan":"08:00","actual":"08:00","dauer":90,"stops":"","date":"2026-04-20","canceled":false}
{"trainKey":"s6|konstruktionslehre|08:00|2026-04-21","linie":"S6","ziel":"Konstruktionslehre","plan":"08:00","actual":"08:00","dauer":90,"stops":"","date":"2026-04-21","canceled":false}
{"trainKey":"s6|konstruktionslehre|08:00|2026-04-22","linie":"S6","ziel":"Konstruktionslehre","plan":"08:00","actual":"08:00","dauer":90,"stops":"","date":"2026-04-22","canceled":false}
{"trainKey":"s6|konstruktionslehre|08:00|2026-04-23","linie":"S6","ziel":"Konstruktionslehre","plan":"08:00","actual":"08:00","dauer":90,"stops":"","date":"2026-04-23","canceled":false}
{"trainKey":"s60|übung konstruktionslehre|08:00|2026-04-20","linie":"S60","ziel":"Übung Konstruktionslehre","plan":"08:00","actual":"08:00","dauer":90,"stops":"","date":"2026-04-20","canceled":false}
{"trainKey":"s60|übung konstruktionslehre|08:00|2026-04-21","linie":"S60","ziel":"Übung Konstruktionslehre","plan":"08:00","actual":"08:00","dauer":90,"stops":"","date":"2026-04-21","canceled":false}
{"trainKey":"s60|übung konstruktionslehre|08:00|2026-04-22","linie":"S60","ziel":"Übung Konstruktionslehre","plan":"08:00","actual":"08:00","dauer":90,"stops":"","date":"2026-04-22","canceled":false}
{"trainKey":"s60|übung konstruktionslehre|08:00|2026-04-23","linie":"S60","ziel":"Übung Konstruktionslehre","plan":"08:00","actual":"08:00","dauer":90,"stops":"","date":"2026-04-23","canceled":false}
{"trainKey":"s60|übung konstruktionslehre|08:00|2026-04-24","linie":"S60","ziel":"Übung Konstruktionslehre","plan":"08:00","actual":"08:00","dauer":90,"stops":"","date":"2026-04-24","canceled":false}
{"trainKey":"s5|sleep|09:00|2026-04-20","linie":"S5","ziel":"Sleep","plan":"09:00","actual":"09:00","dauer":"","stops":"","date":"2026-04-20","canceled":false}
{"trainKey":"s5|sleep|09:00|2026-04-21","linie":"S5","ziel":"Sleep","plan":"09:00","actual":"09:00","dauer":"","stops":"","date":"2026-04-21","canceled":false}
{"trainKey":"s5|sleep|09:00|2026-04-22","linie":"S5","ziel":"Sleep","plan":"09:00","actual":"09:00","dauer":"","stops":"","date":"2026-04-22","canceled":false}
{"trainKey":"s5|sleep|09:00|2026-04-23","linie":"S5","ziel":"Sleep","plan":"09:00","actual":"09:00","dauer":"","stops":"","date":"2026-04-23","canceled":false}
{"trainKey":"s5|sleep|09:00|2026-04-24","linie":"S5","ziel":"Sleep","plan":"09:00","actual":"09:00","dauer":"","stops":"","date":"2026-04-24","canceled":false}
{"trainKey":"s6|sleep|09:00|2026-04-21","linie":"S6","ziel":"Sleep","plan":"09:00","actual":"09:00","dauer":"","stops":"","date":"2026-04-21","canceled":false}
{"trainKey":"s62|seminar konstruktionslehre|15:45|2026-04-21","linie":"S62","ziel":"Seminar Konstruktionslehre","plan":"15:45","actual":"15:45","dauer":90,"stops":"","date":"2026-04-21","canceled":false}
{"trainKey":"s7|sleep|09:00|2026-04-20","linie":"S7","ziel":"Sleep","plan":"09:00","actual":"09:00","dauer":"","stops":"","date":"2026-04-20","canceled":false}
{"trainKey":"s7|sleep|09:00|2026-04-21","linie":"S7","ziel":"Sleep","plan":"09:00","actual":"09:00","dauer":"","stops":"","date":"2026-04-21","canceled":false}
{"trainKey":"s7|sleep|09:00|2026-04-22","linie":"S7","ziel":"Sleep","plan":"09:00","actual":"09:00","dauer":"","stops":"","date":"2026-04-22","canceled":false}
{"trainKey":"s7|sleep|09:00|2026-04-23","linie":"S7","ziel":"Sleep","plan":"09:00","actual":"09:00","dauer":"","stops":"","date":"2026-04-23","canceled":false}
{"trainKey":"s7|sleep|09:00|2026-04-24","linie":"S7","ziel":"Sleep","plan":"09:00","actual":"09:00","dauer":"","stops":"","date":"2026-04-24","canceled":false}
{"trainKey":"s8|sleep|09:00|2026-04-20","linie":"S8","ziel":"Sleep","plan":"09:00","actual":"09:00","dauer":120,"stops":"","date":"2026-04-20","canceled":false}
{"trainKey":"s8|sleep|09:00|2026-04-21","linie":"S8","ziel":"Sleep","plan":"09:00","actual":"09:00","dauer":120,"stops":"","date":"2026-04-21","canceled":false}
{"trainKey":"s8|sleep|09:00|2026-04-22","linie":"S8","ziel":"Sleep","plan":"09:00","actual":"09:00","dauer":120,"stops":"","date":"2026-04-22","canceled":false}
{"trainKey":"s8|sleep|09:00|2026-04-23","linie":"S8","ziel":"Sleep","plan":"09:00","actual":"09:00","dauer":120,"stops":"","date":"2026-04-23","canceled":false}
{"trainKey":"s8|sleep|09:00|2026-04-24","linie":"S8","ziel":"Sleep","plan":"09:00","actual":"09:00","dauer":120,"stops":"","date":"2026-04-24","canceled":false}
{"trainKey":"s1|eat|10:00|2026-04-20","linie":"S1","ziel":"Eat","plan":"10:00","actual":"10:00","dauer":120,"stops":"","date":"2026-04-20","canceled":false}
{"trainKey":"s1|eat|10:00|2026-04-21","linie":"S1","ziel":"Eat","plan":"10:00","actual":"10:00","dauer":120,"stops":"","date":"2026-04-21","canceled":false}
{"trainKey":"s1|eat|10:00|2026-04-22","linie":"S1","ziel":"Eat","plan":"10:00","actual":"10:00","dauer":120,"stops":"","date":"2026-04-22","canceled":false}
{"trainKey":"s1|eat|10:00|2026-04-23","linie":"S1","ziel":"Eat","plan":"10:00","actual":"10:00","dauer":120,"stops":"","date":"2026-04-23","canceled":false}
{"trainKey":"s1|eat|10:00|2026-04-24","linie":"S1","ziel":"Eat","plan":"10:00","actual":"10:00","dauer":120,"stops":"","date":"2026-04-24","canceled":false}
{"trainKey":"s2|sleep|12:12|2026-04-20","linie":"S2","ziel":"Sleep","plan":"12:12","actual":"12:12","dauer":"","stops":"","date":"2026-04-20","canceled":false}
{"trainKey":"s2|sleep|12:12|2026-04-21","linie":"S2","ziel":"Sleep","plan":"12:12","actual":"12:12","dauer":"","stops":"","date":"2026-04-21","canceled":false}
{"trainKey":"s2|sleep|12:12|2026-04-22","linie":"S2","ziel":"Sleep","plan":"12:12","actual":"12:12","dauer":"","stops":"","date":"2026-04-22","canceled":false}
{"trainKey":"s2|sleep|12:12|2026-04-23","linie":"S2","ziel":"Sleep","plan":"12:12","actual":"12:12","dauer":"","stops":"","date":"2026-04-23","canceled":false}
{"trainKey":"s7|sleep|12:12|2026-04-20","linie":"S7","ziel":"Sleep","plan":"12:12","actual":"12:12","dauer":"","stops":"","date":"2026-04-20","canceled":false}
{"trainKey":"s7|sleep|12:12|2026-04-21","linie":"S7","ziel":"Sleep","plan":"12:12","actual":"12:12","dauer":"","stops":"","date":"2026-04-21","canceled":false}
{"trainKey":"s7|sleep|12:12|2026-04-22","linie":"S7","ziel":"Sleep","plan":"12:12","actual":"12:12","dauer":"","stops":"","date":"2026-04-22","canceled":false}
{"trainKey":"s7|sleep|12:12|2026-04-23","linie":"S7","ziel":"Sleep","plan":"12:12","actual":"12:12","dauer":"","stops":"","date":"2026-04-23","canceled":false}
{"trainKey":"s7|sleep 1|12:12|2026-04-21","linie":"S7","ziel":"Sleep 1","plan":"12:12","actual":"12:12","dauer":"","stops":"","date":"2026-04-21","canceled":false}
{"trainKey":"s7|sleep 1|12:12|2026-04-20","linie":"S7","ziel":"Sleep 1","plan":"12:12","actual":"12:12","dauer":"","stops":"","date":"2026-04-20","canceled":false}
