{"trainKey":"s5|fitness studio|20:00|2026-03-16","linie":"S5","ziel":"Fitness Studio","plan":"20:00","actual":"20:00","dauer":90,"stops":"","date":"2026-03-16","canceled":false}
{"trainKey":"s5|fitness studio|20:00|2026-03-17","linie":"S5","ziel":"Fitness Studio","plan":"20:00","actual":"20:00","dauer":90,"stops":"","date":"2026-03-17","canceled":false}
{"trainKey":"s5|fitness studio|20:00|2026-03-18","linie":"S5","ziel":"Fitness Studio","plan":"20:00","actual":"20:00","dauer":90,"stops":"","date":"2026-03-18","canceled":false}
{"trainKey":"s5|fitness studio|20:00|2026-03-19","linie":"S5","ziel":"Fitness Studio","plan":"20:00","actual":"20:00","dauer":90,"stops":"","date":"2026-03-19","canceled":false}
{"trainKey":"s5|fitness studio|20:00|2026-03-22","linie":"S5","ziel":"Fitness Studio","plan":"20:00","actual":"20:00","dauer":90,"stops":"","date":"2026-03-22","canceled":false}
{"trainKey":"s5|sleep|09:00|2026-03-16","linie":"S5","ziel":"Sleep","plan":"09:00","actual":"09:00","dauer":"","stops":"","date":"2026-03-16","canceled":false}
{"trainKey":"s5|sleep|09:00|2026-03-17","linie":"S5","ziel":"Sleep","plan":"09:00","actual":"09:00","dauer":"","stops":"","date":"2026-03-17","canceled":false}
{"trainKey":"s5|sleep|09:00|2026-03-18","linie":"S5","ziel":"Sleep","plan":"09:00","actual":"09:00","dauer":"","stops":"","date":"2026-03-18","canceled":false}
{"trainKey":"s5|sleep|09:00|2026-03-19","linie":"S5","ziel":"Sleep","plan":"09:00","actual":"09:00","dauer":"","stops":"","date":"2026-03-19","canceled":false}
{"trainKey":"s5|sleep|09:00|2026-03-20","linie":"S5","ziel":"Sleep","plan":"09:00","actual":"09:00","dauer":"","stops":"","date":"2026-03-20","canceled":false}
{"trainKey":"s5|sleep|09:00|2026-03-21","linie":"S5","ziel":"Sleep","plan":"09:00","actual":"09:00","dauer":"","stops":"","date":"2026-03-21","canceled":false}
{"trainKey":"s5|sleep|09:00|2026-03-22","linie":"S5","ziel":"Sleep","plan":"09:00","actual":"09:00","dauer":"","stops":"","date":"2026-03-22","canceled":false}
{"trainKey":"s6|sleep|09:00|2026-03-17","linie":"S6","ziel":"Sleep","plan":"09:00","actual":"09:00","dauer":"","stops":"","date":"2026-03-17","canceled":false}
{"trainKey":"s7|sleep|09:00|2026-03-16","linie":"S7","ziel":"Sleep","plan":"09:00","actual":"09:00","dauer":"","stops":"","date":"2026-03-16","canceled":false}
{"trainKey":"s7|sleep|09:00|2026-03-17","linie":"S7","ziel":"Sleep","plan":"09:00","actual":"09:00","dauer":"","stops":"","date":"2026-03-17","canceled":false}
{"trainKey":"s7|sleep|09:00|2026-03-18","linie":"S7","ziel":"Sleep","plan":"09:00","actual":"09:00","dauer":"","stops":"","date":"2026-03-18","canceled":false}
{"trainKey":"s7|sleep|09:00|2026-03-19","linie":"S7","ziel":"Sleep","plan":"09:00","actual":"09:00","dauer":"","stops":"","date":"2026-03-19","canceled":false}
{"trainKey":"s7|sleep|09:00|2026-03-20","linie":"S7","ziel":"Sleep","plan":"09:00","actual":"09:00","dauer":"","stops":"","date":"2026-03-20","canceled":false}
{"trainKey":"s7|sleep|09:00|2026-03-21","linie":"S7","ziel":"Sleep","plan":"09:00","actual":"09:00","dauer":"","stops":"","date":"2026-03-21","canceled":false}
{"trainKey":"s7|sleep|09:00|2026-03-22","linie":"S7","ziel":"Sleep","plan":"09:00","actual":"09:00","dauer":"","stops":"","date":"2026-03-22","canceled":false}
{"trainKey":"s8|sleep|09:00|2026-03-16","linie":"S8","ziel":"Sleep","plan":"09:00","actual":"09:00","dauer":120,"stops":"","date":"2026-03-16","canceled":false}
{"trainKey":"s8|sleep|09:00|2026-03-17","linie":"S8","ziel":"Sleep","plan":"09:00","actual":"09:00","dauer":120,"stops":"","date":"2026-03-17","canceled":false}
{"trainKey":"s8|sleep|09:00|2026-03-18","linie":"S8","ziel":"Sleep","plan":"09:00","actual":"09:00","dauer":120,"stops":"","date":"2026-03-18","canceled":false}
{"trainKey":"s8|sleep|09:00|2026-03-19","linie":"S8","ziel":"Sleep","plan":"09:00","actual":"09:00","dauer":120,"stops":"","date":"2026-03-19","canceled":false}
{"trainKey":"s8|sleep|09:00|2026-03-20","linie":"S8","ziel":"Sleep","plan":"09:00","actual":"09:00","dauer":120,"stops":"","date":"2026-03-20","canceled":false}
{"trainKey":"s8|sleep|09:00|2026-03-21","linie":"S8","ziel":"Sleep","plan":"09:00","actual":"09:00","dauer":120,"stops":"","date":"2026-03-21","canceled":false}
{"trainKey":"s8|sleep|09:00|2026-03-22","linie":"S8","ziel":"Sleep","plan":"09:00","actual":"09:00","dauer":120,"stops":"","date":"2026-03-22","canceled":false}
{"trainKey":"s1|eat|10:00|2026-03-16","linie":"S1","ziel":"Eat","plan":"10:00","actual":"10:00","dauer":120,"stops":"","date":"2026-03-16","canceled":false}
{"trainKey":"s1|eat|10:00|2026-03-17","linie":"S1","ziel":"Eat","plan":"10:00","actual":"10:00","dauer":120,"stops":"","date":"2026-03-17","canceled":false}
{"trainKey":"s1|eat|10:00|2026-03-18","linie":"S1","ziel":"Eat","plan":"10:00","actual":"10:00","dauer":120,"stops":"","date":"2026-03-18","canceled":false}
{"trainKey":"s1|eat|10:00|2026-03-19","linie":"S1","ziel":"Eat","plan":"10:00","actual":"10:00","dauer":120,"stops":"","date":"2026-03-19","canceled":false}
{"trainKey":"s1|eat|10:00|2026-03-20","linie":"S1","ziel":"Eat","plan":"10:00","actual":"10:00","dauer":120,"stops":"","date":"2026-03-20","canceled":false}
{"trainKey":"s1|eat|10:00|2026-03-21","linie":"S1","ziel":"Eat","plan":"10:00","actual":"10:00","dauer":120,"stops":"","date":"2026-03-21","canceled":false}
{"trainKey":"s1|eat|10:00|2026-03-22","linie":"S1","ziel":"Eat","plan":"10:00","actual":"10:00","dauer":120,"stops":"","date":"2026-03-22","canceled":false}
{"trainKey":"s2|sleep|12:12|2026-03-16","linie":"S2","ziel":"Sleep","plan":"12:12","actual":"12:12","dauer":"","stops":"","date":"2026-03-16","canceled":false}
{"trainKey":"s2|sleep|12:12|2026-03-17","linie":"S2","ziel":"Sleep","plan":"12:12","actual":"12:12","dauer":"","stops":"","date":"2026-03-17","canceled":false}
{"trainKey":"s2|sleep|12:12|2026-03-18","linie":"S2","ziel":"Sleep","plan":"12:12","actual":"12:12","dauer":"","stops":"","date":"2026-03-18","canceled":false}
{"trainKey":"s2|sleep|12:12|2026-03-19","linie":"S2","ziel":"Sleep","plan":"12:12","actual":"12:12","dauer":"","stops":"","date":"2026-03-19","canceled":false}
{"trainKey":"s2|sleep|12:12|2026-03-22","linie":"S2","ziel":"Sleep","plan":"12:12","actual":"12:12","dauer":"","stops":"","date":"2026-03-22","canceled":false}
{"trainKey":"s7|sleep|12:12|2026-03-16","linie":"S7","ziel":"Sleep","plan":"12:12","actual":"12:12","dauer":"","stops":"","date":"2026-03-16","canceled":false}
{"trainKey":"s7|sleep|12:12|2026-03-17","linie":"S7","ziel":"Sleep","plan":"12:12","actual":"12:12","dauer":"","stops":"","date":"2026-03-17","canceled":false}
{"trainKey":"s7|sleep|12:12|2026-03-18","linie":"S7","ziel":"Sleep","plan":"12:12","actual":"12:12","dauer":"","stops":"","date":"2026-03-18","canceled":false}
{"trainKey":"s7|sleep|12:12|2026-03-19","linie":"S7","ziel":"Sleep","plan":"12:12","actual":"12:12","dauer":"","stops":"","date":"2026-03-19","canceled":false}
{"trainKey":"s7|sleep|12:12|2026-03-22","linie":"S7","ziel":"Sleep","plan":"12:12","actual":"12:12","dauer":"","stops":"","date":"2026-03-22","canceled":false}
{"trainKey":"s7|sleep223rerg|12:12|2026-03-16","linie":"S7","ziel":"Sleep223rerg","plan":"12:12","actual":"12:12","dauer":"","stops":"","date":"2026-03-16","canceled":false}
{"trainKey":"s7|sleep 1|12:12|2026-03-17","linie":"S7","ziel":"Sleep 1","plan":"12:12","actual":"12:12","dauer":"","stops":"","date":"2026-03-17","canceled":false}
{"trainKey":"s7|sleep 1|12:12|2026-03-16","linie":"S7","ziel":"Sleep 1","plan":"12:12","actual":"12:12","dauer":"","stops":"","date":"2026-03-16","canceled":false}
