{"trainKey":"s6|einführung i.d. physik|07:45|2025-12-01","linie":"S6","ziel":"Einführung i.d. Physik","plan":"07:45","actual":"07:45","dauer":45,"stops":"PWR 53 - V53.01","date":"2025-12-01","canceled":false}
{"trainKey":"s7|technische mechanik i (übung)|14:00|2025-12-01","linie":"S7","ziel":"Technische Mechanik I (Übung)","plan":"14:00","actual":"14:00","dauer":90,"stops":"Einsatzort: Zuhause\n\nDieser Termin is für die folgenden Aufgaben vorgesehen\n\n- Mathe: Übungen zu Kapitel 1 bis einschließlich komplexen Zahlen. (2h)\n\n- Technische Mechanik I: Übungen bis einschließlich Kapitel 4: Schwerpunkt. (45m)","date":"2025-12-01","canceled":false}
{"trainKey":"s6|werkstoffkunde|11:30|2025-12-01","linie":"S6","ziel":"Werkstoffkunde","plan":"11:30","actual":"11:30","dauer":"90","stops":"PWR 07 - V 7.02","date":"2025-12-01","canceled":false}
{"trainKey":"s1|mittagspause|13:00|2025-12-01","linie":"S1","ziel":"Mittagspause","plan":"13:00","actual":"13:00","dauer":45,"stops":"","date":"2025-12-01","canceled":false}
{"trainKey":"s62|tm1 tutorium|09:45|2025-12-01","linie":"S62","ziel":"TM1 Tutorium","plan":"09:45","actual":"09:45","dauer":"90","stops":"PWR 06H - V 6.02 (PF06HEGV 6.02)","date":"2025-12-01","canceled":false}
{"trainKey":"s60|technische mechanik|15:45|2025-12-01","linie":"S60","ziel":"Technische Mechanik","plan":"15:45","actual":"15:45","dauer":90,"stops":"PWR 57 - V57.03\n\nDieser Termin ist als Vortragsübung angeboten.","date":"2025-12-01","canceled":false}
{"trainKey":"s45|flurus fachschaftssitzung|17:30|2025-12-01","linie":"S45","ziel":"FLURUS Fachschaftssitzung","plan":"17:30","actual":"17:30","dauer":30,"stops":"PWR 27 - V27.03\n\nDer Termin findet ab nächste Woche (W44) statt.","date":"2025-12-01","canceled":false}
{"trainKey":"s5|volleyball|20:00|2025-12-01","linie":"S5","ziel":"Volleyball","plan":"20:00","actual":"20:00","dauer":"90","stops":"","date":"2025-12-01","canceled":false}
{"trainKey":"s3|room decor|22:00|2025-12-01","linie":"S3","ziel":"Room Decor","plan":"22:00","actual":"19:57","dauer":"120","stops":"","date":"2025-12-01","canceled":false}
{"trainKey":"s60|seminar zur softwaretechnik|08:00|2025-12-02","linie":"S60","ziel":"Seminar zur Softwaretechnik","plan":"08:00","actual":"08:00","dauer":90,"stops":"","date":"2025-12-02","canceled":false}
{"trainKey":"s7|tz aufgabe 2 anfangen|09:45|2025-12-02","linie":"S7","ziel":"TZ Aufgabe 2 Anfangen","plan":"09:45","actual":"09:45","dauer":105,"stops":"","date":"2025-12-02","canceled":false}
{"trainKey":"s1|mittagspause|13:00|2025-12-02","linie":"S1","ziel":"Mittagspause","plan":"13:00","actual":"13:00","dauer":60,"stops":"","date":"2025-12-02","canceled":false}
{"trainKey":"s62|hm1 - gruppenübung|14:00|2025-12-02","linie":"S62","ziel":"HM1 - Gruppenübung","plan":"14:00","actual":"14:00","dauer":"90","stops":"PWR 09 - V 0.208 (PF09EGV 0.208)\n\nGruppe: Gruppe 43\nLehrveranstaltung: 010500104 Gruppenübung D zu Höhere Mathematik 1 für Ingenieurstudiengänge (2SSt UE, WS 2025/26)\nStudium: 1590 82 057 1 Luft- und Raumfahrttechnik\nStudienplankontext: Keine Zuordnung\n\n\nFÄLLT DIESE WOCHE AUS. ÜBERLAPPUNG MIT CAD KURS:","date":"2025-12-02","canceled":false}
{"trainKey":"s6|darstellungstechnik|15:45|2025-12-02","linie":"S6","ziel":"Darstellungstechnik","plan":"15:45","actual":"15:45","dauer":"90","stops":"PWR 47 - V47. 01","date":"2025-12-02","canceled":false}
{"trainKey":"s5|fitness studio|17:45|2025-12-02","linie":"S5","ziel":"Fitness Studio","plan":"17:45","actual":"17:45","dauer":"90","stops":"Achtung: Anmeldung noch nicht erfolgt.","date":"2025-12-02","canceled":false}
{"trainKey":"s7|mathematik i|20:00|2025-12-02","linie":"S7","ziel":"Mathematik I","plan":"20:00","actual":"20:00","dauer":180,"stops":"","date":"2025-12-02","canceled":false}
{"trainKey":"s3|room decor|22:00|2025-12-02","linie":"S3","ziel":"Room Decor","plan":"22:00","actual":"23:22","dauer":50,"stops":"","date":"2025-12-02","canceled":false}
{"trainKey":"s5|fitness studio|17:00|2025-12-03","linie":"S5","ziel":"Fitness Studio","plan":"17:00","actual":"11:00","dauer":"90","stops":"Achtung: Anmeldung noch nicht abgeschlossen!\n\nAb diese Woche um 17 Uhr, falls [HM1] Vortragsübung stattfindet, sonst als [Zusatzfahrt] um 7:30 Uhr angeboten. Dieser Termin fällt demzufolge aus.","date":"2025-12-03","canceled":false}
{"trainKey":"s60|hm1 vortragsübung|08:00|2025-12-03","linie":"S60","ziel":"HM1 Vortragsübung","plan":"08:00","actual":"08:00","dauer":"90","stops":"Vortragsübung zu Höhere Mathematik 1 für bewe, geod, lrt, mach, verk ZV, Standardgruppe\n\nPWR 53 - V 53.01 (PF5301V 53.01)","date":"2025-12-03","canceled":false}
{"trainKey":"s6|höhere mathematik i|09:45|2025-12-03","linie":"S6","ziel":"Höhere Mathematik I","plan":"09:45","actual":"09:20","dauer":"90","stops":"PWR 53 - V 53.01","date":"2025-12-03","canceled":false}
{"trainKey":"s1|mittagspause/sprechstunde tz|11:30|2025-12-03","linie":"S1","ziel":"Mittagspause/Sprechstunde TZ","plan":"11:30","actual":"10:40","dauer":"60","stops":"","date":"2025-12-03","canceled":false}
{"trainKey":"s7|unknown|13:00|2025-12-03","linie":"S7","ziel":"","plan":"13:00","actual":"13:00","dauer":150,"stops":"Einsatzort: Zuhause\n\nAufgaben:\n- Mathe: Übungsblatt (circa 2 Stunden)\n- Faserverbundlabor: Notizen vervollständigen\n- Physik: Skript für die nächste Vorlesung lesen\n\nHeute um 30 Minuten verlängert.","date":"2025-12-03","canceled":false}
{"trainKey":"s7|unknown|20:00|2025-12-03","linie":"S7","ziel":"","plan":"20:00","actual":"19:30","dauer":150,"stops":"","date":"2025-12-03","canceled":false}
{"trainKey":"s3|room decor|22:00|2025-12-03","linie":"S3","ziel":"Room Decor","plan":"22:00","actual":"12:00","dauer":120,"stops":"","date":"2025-12-03","canceled":false}
{"trainKey":"s6|einführung i.d. physik|08:00|2025-12-04","linie":"S6","ziel":"Einführung i.d. Physik","plan":"08:00","actual":"08:00","dauer":"90","stops":"PWR 53 - V 53.01","date":"2025-12-04","canceled":false}
{"trainKey":"s6|softwarewerkzeuge|09:45|2025-12-04","linie":"S6","ziel":"Softwarewerkzeuge","plan":"09:45","actual":"09:45","dauer":"90","stops":"PWR 57 - V 57.03","date":"2025-12-04","canceled":false}
{"trainKey":"s6|fertigungstechnik|11:30|2025-12-04","linie":"S6","ziel":"Fertigungstechnik","plan":"11:30","actual":"11:30","dauer":"90","stops":"PWR 47 - V 47.02","date":"2025-12-04","canceled":false}
{"trainKey":"s1|mittagspause|13:00|2025-12-04","linie":"S1","ziel":"Mittagspause","plan":"13:00","actual":"13:15","dauer":45,"stops":"","date":"2025-12-04","canceled":false}
{"trainKey":"s7|mathematik i|14:00|2025-12-04","linie":"S7","ziel":"Mathematik I","plan":"14:00","actual":"14:00","dauer":"90","stops":"Mengen, Gruppe, Ringe und Körper\n\nKomplexe Zahlen","date":"2025-12-04","canceled":false}
{"trainKey":"s6|technische mechanik i|15:45|2025-12-04","linie":"S6","ziel":"Technische Mechanik I","plan":"15:45","actual":"15:45","dauer":"90","stops":"PWR 07 - V 07.02","date":"2025-12-04","canceled":false}
{"trainKey":"s7|tm1 - hörsaaltest|20:00|2025-12-04","linie":"S7","ziel":"TM1 - Hörsaaltest","plan":"20:00","actual":"20:00","dauer":120,"stops":"","date":"2025-12-04","canceled":true}
{"trainKey":"s3|movie night prep|22:00|2025-12-04","linie":"S3","ziel":"Movie Night Prep","plan":"22:00","actual":"21:10","dauer":180,"stops":"","date":"2025-12-04","canceled":true}
{"trainKey":"s45|flurus it|17:30|2025-12-04","linie":"S45","ziel":"FLURUS IT","plan":"17:30","actual":"17:30","dauer":180,"stops":"","date":"2025-12-04","canceled":false}
{"trainKey":"s5|fitness studio|07:30|2025-12-05","linie":"S5","ziel":"Fitness Studio","plan":"07:30","actual":"07:30","dauer":"90","stops":"","date":"2025-12-05","canceled":false}
{"trainKey":"s6|höhere mathematik i|09:45|2025-12-05","linie":"S6","ziel":"Höhere Mathematik I","plan":"09:45","actual":"09:45","dauer":"90","stops":"PWR 53 - V 53.01","date":"2025-12-05","canceled":false}
{"trainKey":"s1|usb mitbringen - cad kurs|12:00|2025-12-05","linie":"S1","ziel":"USB MITBRINGEN - CAD KURS","plan":"12:00","actual":"12:45","dauer":45,"stops":"Heute kein Mittagsschlaf.","date":"2025-12-05","canceled":false}
{"trainKey":"s7|technische mechanik i (übung)|13:00|2025-12-05","linie":"S7","ziel":"Technische Mechanik I (Übung)","plan":"13:00","actual":"13:00","dauer":220,"stops":"Einsatzort: WG\n\nDieser Termin ist zur Vorbereitung für das Faserverbundlabor vorgesehen.","date":"2025-12-05","canceled":true}
{"trainKey":"s4|girls night out|18:00|2025-12-05","linie":"S4","ziel":"Girls Night Out","plan":"18:00","actual":"18:00","dauer":"480","stops":"Kein Termin zum Ausgehen eingetragen....leider.","date":"2025-12-05","canceled":true}
{"trainKey":"s5|fitness studio|07:30|2025-12-06","linie":"S5","ziel":"Fitness Studio","plan":"07:30","actual":"07:30","dauer":90,"stops":"Anmeldung noch nicht erfolgt!","date":"2025-12-06","canceled":false}
{"trainKey":"s3|exphys - rotation|10:00|2025-12-06","linie":"S3","ziel":"ExPhys - Rotation","plan":"10:00","actual":"10:00","dauer":"120","stops":"","date":"2025-12-06","canceled":true}
{"trainKey":"s3|exphys - rotation|14:00|2025-12-06","linie":"S3","ziel":"ExPhys - Rotation","plan":"14:00","actual":"14:00","dauer":"180","stops":"","date":"2025-12-06","canceled":false}
{"trainKey":"s7|mathematik i|20:00|2025-12-06","linie":"S7","ziel":"Mathematik I","plan":"20:00","actual":"20:00","dauer":180,"stops":"","date":"2025-12-06","canceled":false}
{"trainKey":"s3|unknown|22:00|2025-12-06","linie":"S3","ziel":"","plan":"22:00","actual":"23:00","dauer":60,"stops":"","date":"2025-12-06","canceled":true}
{"trainKey":"s7|mathematik i|10:00|2025-12-07","linie":"S7","ziel":"Mathematik I","plan":"10:00","actual":"08:00","dauer":210,"stops":"","date":"2025-12-07","canceled":false}
{"trainKey":"s7|technische mechanik i (übung)|14:00|2025-12-07","linie":"S7","ziel":"Technische Mechanik I (Übung)","plan":"14:00","actual":"14:00","dauer":180,"stops":"Dieser Termin ist für das Selbststudium TM1 vorgesehen.\nLiteratur: TM1","date":"2025-12-07","canceled":false}
{"trainKey":"s7|mathematik i|19:00|2025-12-07","linie":"S7","ziel":"Mathematik I","plan":"19:00","actual":"19:00","dauer":240,"stops":"","date":"2025-12-07","canceled":false}
{"trainKey":"s1|test|21:58|2025-12-01","linie":"S1","ziel":"Test","plan":"21:58","actual":"21:58","dauer":2,"stops":"","date":"2025-12-01","canceled":false}
{"trainKey":"s1|s|22:00|2025-12-01","linie":"S1","ziel":"S","plan":"22:00","actual":"22:00","dauer":1,"stops":"","date":"2025-12-01","canceled":false}
{"trainKey":"s1|test|22:00|2025-12-01","linie":"S1","ziel":"TeST","plan":"22:00","actual":"22:00","dauer":1,"stops":"","date":"2025-12-01","canceled":false}
{"trainKey":"s2|kaufliste|04:30|2025-12-03","linie":"S2","ziel":"Kaufliste","plan":"04:30","actual":"04:30","dauer":100,"stops":"","date":"2025-12-03","canceled":false}
{"trainKey":"s2|kaufliste|unknown|2025-12-03","linie":"S2","ziel":"Kaufliste","plan":"","actual":"","dauer":100,"stops":"","date":"2025-12-03","canceled":false}
{"trainKey":"s2|test|unknown|2025-12-02","linie":"S2","ziel":"Test","plan":"","actual":"","dauer":100,"stops":"","date":"2025-12-02","canceled":false}
{"trainKey":"1|cheap ahh to do list|13:00|2025-12-03","linie":"1","ziel":"Cheap ahh To Do List","plan":"13:00","actual":"13:00","dauer":100,"stops":"1. Rundfunkbeitrag\n\n4. Dein Ladekabel liegt (hoffentlich) noch in der Fachschaft\n\n6. Viết thư cho Ngọc\n\n\nEdit nur in Legacy-App möglich :3","date":"2025-12-03","canceled":false}
{"trainKey":"1|cheap ahh to do list|unknown|2025-12-03","linie":"1","ziel":"Cheap ahh To Do List","plan":"","actual":"","dauer":100,"stops":"1. Rundfunkbeitrag\n\n4. Dein Ladekabel liegt (hoffentlich) noch in der Fachschaft\n\n6. Viết thư cho Ngọc\n\n\nEdit nur in Legacy-App möglich :3","date":"2025-12-03","canceled":false}
{"trainKey":"1|cheap ahh to do list|12:00|2025-12-06","linie":"1","ziel":"Cheap ahh To Do List","plan":"12:00","actual":"12:00","dauer":100,"stops":"1. Rundfunkbeitrag\n\n4. Dein Ladekabel liegt (hoffentlich) noch in der Fachschaft\n\n6. Viết thư cho Ngọc\n\n\nEdit nur in Legacy-App möglich :3","date":"2025-12-06","canceled":false}
{"trainKey":"1|cheap ahh to do list|unknown|2025-12-06","linie":"1","ziel":"Cheap ahh To Do List","plan":"","actual":"","dauer":100,"stops":"1. Rundfunkbeitrag\n\n4. Dein Ladekabel liegt (hoffentlich) noch in der Fachschaft\n\n6. Viết thư cho Ngọc\n\n\nEdit nur in Legacy-App möglich :3","date":"2025-12-06","canceled":false}
{"trainKey":"1|cheap ahh to do listrtrt|17:00|2025-12-06","linie":"1","ziel":"Cheap ahh To Do Listrtrt","plan":"17:00","actual":"17:00","dauer":100,"stops":"1. Rundfunkbeitrag\n\n4. Dein Ladekabel liegt (hoffentlich) noch in der Fachschaft\n\n6. Viết thư cho Ngọc\n\n\nEdit nur in Legacy-App möglich :3","date":"2025-12-06","canceled":false}
{"trainKey":"1|cheap ahh to do listrtrt|unknown|2025-12-06","linie":"1","ziel":"Cheap ahh To Do Listrtrt","plan":"","actual":"","dauer":100,"stops":"1. Rundfunkbeitrag\n\n4. Dein Ladekabel liegt (hoffentlich) noch in der Fachschaft\n\n6. Viết thư cho Ngọc\n\n\nEdit nur in Legacy-App möglich :3","date":"2025-12-06","canceled":false}
{"trainKey":"1|cheap ahh to do list|14:00|2025-12-03","linie":"1","ziel":"Cheap ahh To Do List","plan":"14:00","actual":"14:00","dauer":100,"stops":"1. Rundfunkbeitrag\n\n4. Dein Ladekabel liegt (hoffentlich) noch in der Fachschaft\n\n6. Viết thư cho Ngọc\n\n\nEdit nur in Legacy-App möglich :3","date":"2025-12-03","canceled":false}
{"trainKey":"s1|drugs|unknown|2025-12-03","linie":"S1","ziel":"Drugs","plan":"","actual":"","dauer":60,"stops":"","date":"2025-12-03","canceled":false}
{"trainKey":"s1|drugs|07:00|2025-12-03","linie":"S1","ziel":"Drugs","plan":"07:00","actual":"07:00","dauer":60,"stops":"","date":"2025-12-03","canceled":false}
{"trainKey":"1|cheap ahh to do list|19:00|2025-12-03","linie":"1","ziel":"Cheap ahh To Do List","plan":"19:00","actual":"19:00","dauer":100,"stops":"1. Rundfunkbeitrag\n\n4. Dein Ladekabel liegt (hoffentlich) noch in der Fachschaft\n\n6. Viết thư cho Ngọc\n\n\nEdit nur in Legacy-App möglich :3","date":"2025-12-03","canceled":false}
{"trainKey":"s7|mathe|unknown|2025-12-03","linie":"S7","ziel":"Mathe","plan":"","actual":"","dauer":60,"stops":"","date":"2025-12-03","canceled":false}
{"trainKey":"s7|unknown|20:00|2025-12-06","linie":"S7","ziel":"","plan":"20:00","actual":"20:00","dauer":180,"stops":"","date":"2025-12-06","canceled":false}
{"trainKey":"s7|unknown|14:00|2025-12-04","linie":"S7","ziel":"","plan":"14:00","actual":"14:00","dauer":"90","stops":"Mengen, Gruppe, Ringe und Körper\n\nKomplexe Zahlen","date":"2025-12-04","canceled":true}
{"trainKey":"s7|mathe|14:00|2025-12-04","linie":"S7","ziel":"Mathe","plan":"14:00","actual":"14:00","dauer":60,"stops":"","date":"2025-12-04","canceled":false}
{"trainKey":"s7|mathematik i|08:30|2025-12-01","linie":"S7","ziel":"Mathematik I","plan":"08:30","actual":"08:40","dauer":50,"stops":"","date":"2025-12-01","canceled":false}
{"trainKey":"s2|zusatzeinkauf|18:34|2025-12-02","linie":"S2","ziel":"Zusatzeinkauf","plan":"18:34","actual":"18:34","dauer":"","stops":"","date":"2025-12-02","canceled":false}
{"trainKey":"s7|mathematik i|11:30|2025-12-02","linie":"S7","ziel":"Mathematik I","plan":"11:30","actual":"23:45","dauer":100,"stops":"","date":"2025-12-02","canceled":false}
{"trainKey":"s2|müll|07:55|2025-12-03","linie":"S2","ziel":"Müll","plan":"07:55","actual":"07:55","dauer":"","stops":"","date":"2025-12-03","canceled":false}
{"trainKey":"s2|müll |07:55|2025-12-04","linie":"S2","ziel":"Müll ","plan":"07:55","actual":"07:55","dauer":"","stops":"","date":"2025-12-04","canceled":false}
{"trainKey":"s7|mathematik i|20:00|2025-12-05","linie":"S7","ziel":"Mathematik I","plan":"20:00","actual":"20:30","dauer":180,"stops":"","date":"2025-12-05","canceled":false}
{"trainKey":"s4|flulachs|11:30|2025-12-06","linie":"S4","ziel":"FLULachs","plan":"11:30","actual":"11:30","dauer":"240","stops":"","date":"2025-12-06","canceled":false}
{"trainKey":"fex|chúc em thi tốt|16:00|2025-12-06","linie":"FEX","ziel":"Chúc em thi tốt","plan":"16:00","actual":"16:00","dauer":"","stops":"","date":"2025-12-06","canceled":false}
{"trainKey":"s2|wocheneinkauf|09:00|2025-12-06","linie":"S2","ziel":"Wocheneinkauf","plan":"09:00","actual":"18:30","dauer":60,"stops":"","date":"2025-12-06","canceled":false}
{"trainKey":"s7|experimentalphysik (übung)|17:00|2025-12-06","linie":"S7","ziel":"Experimentalphysik (Übung)","plan":"17:00","actual":"20:00","dauer":120,"stops":"","date":"2025-12-06","canceled":false}
{"trainKey":"s7|mathematik i|14:00|2025-12-06","linie":"S7","ziel":"Mathematik I","plan":"14:00","actual":"22:00","dauer":120,"stops":"","date":"2025-12-06","canceled":false}
{"trainKey":"s2|aufräumen|09:34|2025-12-07","linie":"S2","ziel":"Aufräumen","plan":"09:34","actual":"09:34","dauer":30,"stops":"","date":"2025-12-07","canceled":false}
{"trainKey":"s7|exphys|14:00|2025-12-07","linie":"S7","ziel":"ExPhys","plan":"14:00","actual":"14:00","dauer":180,"stops":"","date":"2025-12-07","canceled":false}
{"trainKey":"s7|scheinklausur i|19:50|2025-12-07","linie":"S7","ziel":"Scheinklausur I","plan":"19:50","actual":"19:50","dauer":60,"stops":"","date":"2025-12-07","canceled":false}
{"trainKey":"s7|scheinklausur ii|21:00|2025-12-07","linie":"S7","ziel":"Scheinklausur II","plan":"21:00","actual":"21:00","dauer":50,"stops":"","date":"2025-12-07","canceled":false}
{"trainKey":"s7|scheinklausur iii|22:00|2025-12-07","linie":"S7","ziel":"Scheinklausur III","plan":"22:00","actual":"22:00","dauer":50,"stops":"","date":"2025-12-07","canceled":false}
{"trainKey":"s7|scheinklausur iv|23:00|2025-12-07","linie":"S7","ziel":"Scheinklausur IV","plan":"23:00","actual":"23:00","dauer":60,"stops":"","date":"2025-12-07","canceled":false}
