{"trainKey":"s4|space night kick off|14:00|2025-10-29","linie":"S4","ziel":"Space Night Kick Off","plan":"14:00","actual":"14:00","dauer":"90","stops":"","date":"2025-10-29","canceled":false}
{"trainKey":"s45|flurus it sitzung|18:00|2025-10-30","linie":"S45","ziel":"FLURUS IT Sitzung","plan":"18:00","actual":"18:00","dauer":"360","stops":"PWR 27 - V27.Base","date":"2025-10-30","canceled":false}
{"trainKey":"s7|nachholtermin - technische mechanik (ü)|22:30|2025-10-27","linie":"S7","ziel":"Nachholtermin - Technische Mechanik (Ü)","plan":"22:30","actual":"22:30","dauer":"75","stops":"Dieser ist ein Nachholtermin für die S7 - Technische Mechanik (Übung) am 26.10.2025 um 14:00, verschoben und verkürzt nach 17:11 Uhr. ","date":"2025-10-27","canceled":false}
{"trainKey":"s7|nachholtermin - dt und ifb labor|11:30|2025-10-27","linie":"S7","ziel":"Nachholtermin - DT und IFB Labor","plan":"11:30","actual":"11:30","dauer":"90","stops":"Nachholtermin - DT und IFB Labor\n\nDieser ist ein Nachholtermin für die S7 - DT (Ü) + IFB Labor am 26.10.2025 um 19:00, verschoben und verkürzt nach 21:00 Uhr. ","date":"2025-10-27","canceled":false}
{"trainKey":"s46|flurus it|11:45|2025-10-28","linie":"S46","ziel":"FLURUS IT","plan":"11:45","actual":"23:45","dauer":"75","stops":"Zur Vorbereitung für die nächste Sitzung: OpenSense in VM Installieren, Wireguard einrichten, Videos anschauen. Viel Spaß!","date":"2025-10-28","canceled":true}
{"trainKey":"s2|ergänzungskauf|18:00|2025-10-27","linie":"S2","ziel":"Ergänzungskauf","plan":"18:00","actual":"18:00","dauer":"30","stops":"","date":"2025-10-27","canceled":false}
{"trainKey":"s7|nachholtermin - technische mechanik|22:00|2025-10-29","linie":"S7","ziel":"Nachholtermin - Technische Mechanik","plan":"22:00","actual":"25:30","dauer":"120","stops":"Nachholtermin - Technische Mechanik\n\nDieser ist ein Nachholtermin für die S7 - Technische Mechanik (Übung) am 29.10.2025 um 14:00 Uhr, ausgefallen wegen Space Night Kick Off","date":"2025-10-29","canceled":true}
{"trainKey":"s7|all-nighter!!!|22:00|2025-10-31","linie":"S7","ziel":"ALL-NIGHTER!!!","plan":"22:00","actual":"22:00","dauer":"480","stops":"Dieser Termin wurde aus freien Willen beantragt und vergeben. Because warum nicht?\n\nPlaylist zum Start: midnights chill (till the dawn)","date":"2025-10-31","canceled":true}
{"trainKey":"s1|pause|00:00|2025-11-01","linie":"S1","ziel":"Pause","plan":"00:00","actual":"00:00","dauer":"30","stops":"","date":"2025-11-01","canceled":true}
{"trainKey":"s1|pause|02:30|2025-11-01","linie":"S1","ziel":"Pause","plan":"02:30","actual":"02:30","dauer":"30","stops":"","date":"2025-11-01","canceled":true}
{"trainKey":"s1|pause|04:00|2025-11-01","linie":"S1","ziel":"Pause","plan":"04:00","actual":"04:00","dauer":"20","stops":"","date":"2025-11-01","canceled":true}
{"trainKey":"s1|pause|05:00|2025-11-01","linie":"S1","ziel":"Pause","plan":"05:00","actual":"05:00","dauer":"20","stops":"","date":"2025-11-01","canceled":true}
{"trainKey":"s2|ergänzungskauf|17:45|2025-10-28","linie":"S2","ziel":"Ergänzungskauf","plan":"17:45","actual":"17:45","dauer":"30","stops":"Kaufliste:\n\n- Auflaufform fürs Backen.\n- Papier und ggf. Bleistif fürs TZ","date":"2025-10-28","canceled":false}
{"trainKey":"s2|aufräumen|19:00|2025-10-28","linie":"S2","ziel":"Aufräumen","plan":"19:00","actual":"19:00","dauer":"30","stops":"","date":"2025-10-28","canceled":true}
{"trainKey":"s7|nachholtermin - technisches zeichnen|22:40|2025-10-28","linie":"S7","ziel":"Nachholtermin - Technisches Zeichnen","plan":"22:40","actual":"22:40","dauer":"60","stops":"Nachholtermin - Technisches Zeichnen","date":"2025-10-28","canceled":true}
{"trainKey":"s7|nachholtermin - darstellungstechnik|22:10|2025-10-29","linie":"S7","ziel":"Nachholtermin - Darstellungstechnik","plan":"22:10","actual":"22:10","dauer":"120","stops":"","date":"2025-10-29","canceled":true}
{"trainKey":"s46|nachholtermin - flurus it|00:30|2025-10-29","linie":"S46","ziel":"Nachholtermin - FLURUS IT","plan":"00:30","actual":"22:09","dauer":"120","stops":"","date":"2025-10-29","canceled":false}
{"trainKey":"s2|nachholtermin - aufräumen|12:07|2025-10-29","linie":"S2","ziel":"Nachholtermin - Aufräumen","plan":"12:07","actual":"17:32","dauer":"30","stops":"Seriously clean ur room big queen","date":"2025-10-29","canceled":false}
{"trainKey":"s7|nachholtermin - darstellungstechnik|07:30|2025-10-31","linie":"S7","ziel":"Nachholtermin - Darstellungstechnik","plan":"07:30","actual":"07:30","dauer":"110","stops":"","date":"2025-10-31","canceled":true}
{"trainKey":"s7|nachholtermin - darstellungstechnik|10:00|2025-11-01","linie":"S7","ziel":"Nachholtermin - Darstellungstechnik","plan":"10:00","actual":"10:00","dauer":"120","stops":"","date":"2025-11-01","canceled":false}
{"trainKey":"s45|[zusatzfahrt] flurus it|17:00|2025-10-31","linie":"S45","ziel":"[Zusatzfahrt] FLURUS IT","plan":"17:00","actual":"17:00","dauer":"540","stops":"PWR 27 - 27.Base","date":"2025-10-31","canceled":false}
{"trainKey":"s2|halbwocheneinkauf|13:00|2025-10-31","linie":"S2","ziel":"Halbwocheneinkauf","plan":"13:00","actual":"13:30","dauer":"60","stops":"","date":"2025-10-31","canceled":true}
