{"trainKey":"s5|fitness studio|20:00|2026-03-16","linie":"S5","ziel":"Fitness Studio","plan":"20:00","actual":"20:00","dauer":90,"stops":"","date":"2026-03-16","canceled":false,"schemaVersion":2,"loggedAt":"2026-04-11T19:08:18.803Z"}
{"trainKey":"s5|fitness studio|20:00|2026-03-17","linie":"S5","ziel":"Fitness Studio","plan":"20:00","actual":"20:00","dauer":90,"stops":"","date":"2026-03-17","canceled":false,"schemaVersion":2,"loggedAt":"2026-04-11T19:08:18.803Z"}
{"trainKey":"s5|fitness studio|20:00|2026-03-18","linie":"S5","ziel":"Fitness Studio","plan":"20:00","actual":"20:00","dauer":90,"stops":"","date":"2026-03-18","canceled":false,"schemaVersion":2,"loggedAt":"2026-04-11T19:08:18.803Z"}
{"trainKey":"s5|fitness studio|20:00|2026-03-19","linie":"S5","ziel":"Fitness Studio","plan":"20:00","actual":"20:00","dauer":90,"stops":"","date":"2026-03-19","canceled":false,"schemaVersion":2,"loggedAt":"2026-04-11T19:08:18.803Z"}
{"trainKey":"s5|fitness studio|20:00|2026-03-22","linie":"S5","ziel":"Fitness Studio","plan":"20:00","actual":"20:00","dauer":90,"stops":"","date":"2026-03-22","canceled":false,"schemaVersion":2,"loggedAt":"2026-04-11T19:08:18.803Z"}
{"trainKey":"s5|sleep|09:00|2026-03-16","linie":"S5","ziel":"Sleep","plan":"09:00","actual":"09:00","dauer":"","stops":"","date":"2026-03-16","canceled":false,"schemaVersion":2,"loggedAt":"2026-04-11T19:08:18.803Z"}
{"trainKey":"s5|sleep|09:00|2026-03-17","linie":"S5","ziel":"Sleep","plan":"09:00","actual":"09:00","dauer":"","stops":"","date":"2026-03-17","canceled":false,"schemaVersion":2,"loggedAt":"2026-04-11T19:08:18.803Z"}
{"trainKey":"s5|sleep|09:00|2026-03-18","linie":"S5","ziel":"Sleep","plan":"09:00","actual":"09:00","dauer":"","stops":"","date":"2026-03-18","canceled":false,"schemaVersion":2,"loggedAt":"2026-04-11T19:08:18.803Z"}
{"trainKey":"s5|sleep|09:00|2026-03-19","linie":"S5","ziel":"Sleep","plan":"09:00","actual":"09:00","dauer":"","stops":"","date":"2026-03-19","canceled":false,"schemaVersion":2,"loggedAt":"2026-04-11T19:08:18.803Z"}
{"trainKey":"s5|sleep|09:00|2026-03-20","linie":"S5","ziel":"Sleep","plan":"09:00","actual":"09:00","dauer":"","stops":"","date":"2026-03-20","canceled":false,"schemaVersion":2,"loggedAt":"2026-04-11T19:08:18.803Z"}
{"trainKey":"s5|sleep|09:00|2026-03-21","linie":"S5","ziel":"Sleep","plan":"09:00","actual":"09:00","dauer":"","stops":"","date":"2026-03-21","canceled":false,"schemaVersion":2,"loggedAt":"2026-04-11T19:08:18.803Z"}
{"trainKey":"s5|sleep|09:00|2026-03-22","linie":"S5","ziel":"Sleep","plan":"09:00","actual":"09:00","dauer":"","stops":"","date":"2026-03-22","canceled":false,"schemaVersion":2,"loggedAt":"2026-04-11T19:08:18.803Z"}
{"trainKey":"s6|sleep|09:00|2026-03-17","linie":"S6","ziel":"Sleep","plan":"09:00","actual":"09:00","dauer":"","stops":"","date":"2026-03-17","canceled":false,"schemaVersion":2,"loggedAt":"2026-04-11T19:08:18.803Z"}
{"trainKey":"s7|sleep|09:00|2026-03-16","linie":"S7","ziel":"Sleep","plan":"09:00","actual":"09:00","dauer":"","stops":"","date":"2026-03-16","canceled":false,"schemaVersion":2,"loggedAt":"2026-04-11T19:08:18.803Z"}
{"trainKey":"s7|sleep|09:00|2026-03-17","linie":"S7","ziel":"Sleep","plan":"09:00","actual":"09:00","dauer":"","stops":"","date":"2026-03-17","canceled":false,"schemaVersion":2,"loggedAt":"2026-04-11T19:08:18.803Z"}
{"trainKey":"s7|sleep|09:00|2026-03-18","linie":"S7","ziel":"Sleep","plan":"09:00","actual":"09:00","dauer":"","stops":"","date":"2026-03-18","canceled":false,"schemaVersion":2,"loggedAt":"2026-04-11T19:08:18.803Z"}
{"trainKey":"s7|sleep|09:00|2026-03-19","linie":"S7","ziel":"Sleep","plan":"09:00","actual":"09:00","dauer":"","stops":"","date":"2026-03-19","canceled":false,"schemaVersion":2,"loggedAt":"2026-04-11T19:08:18.803Z"}
{"trainKey":"s7|sleep|09:00|2026-03-20","linie":"S7","ziel":"Sleep","plan":"09:00","actual":"09:00","dauer":"","stops":"","date":"2026-03-20","canceled":false,"schemaVersion":2,"loggedAt":"2026-04-11T19:08:18.803Z"}
{"trainKey":"s7|sleep|09:00|2026-03-21","linie":"S7","ziel":"Sleep","plan":"09:00","actual":"09:00","dauer":"","stops":"","date":"2026-03-21","canceled":false,"schemaVersion":2,"loggedAt":"2026-04-11T19:08:18.803Z"}
{"trainKey":"s7|sleep|09:00|2026-03-22","linie":"S7","ziel":"Sleep","plan":"09:00","actual":"09:00","dauer":"","stops":"","date":"2026-03-22","canceled":false,"schemaVersion":2,"loggedAt":"2026-04-11T19:08:18.803Z"}
{"trainKey":"s8|sleep|09:00|2026-03-16","linie":"S8","ziel":"Sleep","plan":"09:00","actual":"09:00","dauer":120,"stops":"","date":"2026-03-16","canceled":false,"schemaVersion":2,"loggedAt":"2026-04-11T19:08:18.803Z"}
{"trainKey":"s8|sleep|09:00|2026-03-17","linie":"S8","ziel":"Sleep","plan":"09:00","actual":"09:00","dauer":120,"stops":"","date":"2026-03-17","canceled":false,"schemaVersion":2,"loggedAt":"2026-04-11T19:08:18.803Z"}
{"trainKey":"s8|sleep|09:00|2026-03-18","linie":"S8","ziel":"Sleep","plan":"09:00","actual":"09:00","dauer":120,"stops":"","date":"2026-03-18","canceled":false,"schemaVersion":2,"loggedAt":"2026-04-11T19:08:18.803Z"}
{"trainKey":"s8|sleep|09:00|2026-03-19","linie":"S8","ziel":"Sleep","plan":"09:00","actual":"09:00","dauer":120,"stops":"","date":"2026-03-19","canceled":false,"schemaVersion":2,"loggedAt":"2026-04-11T19:08:18.803Z"}
{"trainKey":"s8|sleep|09:00|2026-03-20","linie":"S8","ziel":"Sleep","plan":"09:00","actual":"09:00","dauer":120,"stops":"","date":"2026-03-20","canceled":false,"schemaVersion":2,"loggedAt":"2026-04-11T19:08:18.803Z"}
{"trainKey":"s8|sleep|09:00|2026-03-21","linie":"S8","ziel":"Sleep","plan":"09:00","actual":"09:00","dauer":120,"stops":"","date":"2026-03-21","canceled":false,"schemaVersion":2,"loggedAt":"2026-04-11T19:08:18.803Z"}
{"trainKey":"s8|sleep|09:00|2026-03-22","linie":"S8","ziel":"Sleep","plan":"09:00","actual":"09:00","dauer":120,"stops":"","date":"2026-03-22","canceled":false,"schemaVersion":2,"loggedAt":"2026-04-11T19:08:18.803Z"}
{"trainKey":"s1|eat|10:00|2026-03-16","linie":"S1","ziel":"Eat","plan":"10:00","actual":"10:00","dauer":120,"stops":"","date":"2026-03-16","canceled":false,"schemaVersion":2,"loggedAt":"2026-04-11T19:08:18.803Z"}
{"trainKey":"s1|eat|10:00|2026-03-17","linie":"S1","ziel":"Eat","plan":"10:00","actual":"10:00","dauer":120,"stops":"","date":"2026-03-17","canceled":false,"schemaVersion":2,"loggedAt":"2026-04-11T19:08:18.803Z"}
{"trainKey":"s1|eat|10:00|2026-03-18","linie":"S1","ziel":"Eat","plan":"10:00","actual":"10:00","dauer":120,"stops":"","date":"2026-03-18","canceled":false,"schemaVersion":2,"loggedAt":"2026-04-11T19:08:18.803Z"}
{"trainKey":"s1|eat|10:00|2026-03-19","linie":"S1","ziel":"Eat","plan":"10:00","actual":"10:00","dauer":120,"stops":"","date":"2026-03-19","canceled":false,"schemaVersion":2,"loggedAt":"2026-04-11T19:08:18.803Z"}
{"trainKey":"s1|eat|10:00|2026-03-20","linie":"S1","ziel":"Eat","plan":"10:00","actual":"10:00","dauer":120,"stops":"","date":"2026-03-20","canceled":false,"schemaVersion":2,"loggedAt":"2026-04-11T19:08:18.803Z"}
{"trainKey":"s1|eat|10:00|2026-03-21","linie":"S1","ziel":"Eat","plan":"10:00","actual":"10:00","dauer":120,"stops":"","date":"2026-03-21","canceled":false,"schemaVersion":2,"loggedAt":"2026-04-11T19:08:18.803Z"}
{"trainKey":"s1|eat|10:00|2026-03-22","linie":"S1","ziel":"Eat","plan":"10:00","actual":"10:00","dauer":120,"stops":"","date":"2026-03-22","canceled":false,"schemaVersion":2,"loggedAt":"2026-04-11T19:08:18.803Z"}
{"trainKey":"s2|sleep|12:12|2026-03-16","linie":"S2","ziel":"Sleep","plan":"12:12","actual":"12:12","dauer":"","stops":"","date":"2026-03-16","canceled":false,"schemaVersion":2,"loggedAt":"2026-04-11T19:08:18.803Z"}
{"trainKey":"s2|sleep|12:12|2026-03-17","linie":"S2","ziel":"Sleep","plan":"12:12","actual":"12:12","dauer":"","stops":"","date":"2026-03-17","canceled":false,"schemaVersion":2,"loggedAt":"2026-04-11T19:08:18.803Z"}
{"trainKey":"s2|sleep|12:12|2026-03-18","linie":"S2","ziel":"Sleep","plan":"12:12","actual":"12:12","dauer":"","stops":"","date":"2026-03-18","canceled":false,"schemaVersion":2,"loggedAt":"2026-04-11T19:08:18.803Z"}
{"trainKey":"s2|sleep|12:12|2026-03-19","linie":"S2","ziel":"Sleep","plan":"12:12","actual":"12:12","dauer":"","stops":"","date":"2026-03-19","canceled":false,"schemaVersion":2,"loggedAt":"2026-04-11T19:08:18.803Z"}
{"trainKey":"s2|sleep|12:12|2026-03-22","linie":"S2","ziel":"Sleep","plan":"12:12","actual":"12:12","dauer":"","stops":"","date":"2026-03-22","canceled":false,"schemaVersion":2,"loggedAt":"2026-04-11T19:08:18.804Z"}
{"trainKey":"s7|sleep|12:12|2026-03-16","linie":"S7","ziel":"Sleep","plan":"12:12","actual":"12:12","dauer":"","stops":"","date":"2026-03-16","canceled":false,"schemaVersion":2,"loggedAt":"2026-04-11T19:08:18.804Z"}
{"trainKey":"s7|sleep|12:12|2026-03-17","linie":"S7","ziel":"Sleep","plan":"12:12","actual":"12:12","dauer":"","stops":"","date":"2026-03-17","canceled":false,"schemaVersion":2,"loggedAt":"2026-04-11T19:08:18.804Z"}
{"trainKey":"s7|sleep|12:12|2026-03-18","linie":"S7","ziel":"Sleep","plan":"12:12","actual":"12:12","dauer":"","stops":"","date":"2026-03-18","canceled":false,"schemaVersion":2,"loggedAt":"2026-04-11T19:08:18.804Z"}
{"trainKey":"s7|sleep|12:12|2026-03-19","linie":"S7","ziel":"Sleep","plan":"12:12","actual":"12:12","dauer":"","stops":"","date":"2026-03-19","canceled":false,"schemaVersion":2,"loggedAt":"2026-04-11T19:08:18.804Z"}
{"trainKey":"s7|sleep|12:12|2026-03-22","linie":"S7","ziel":"Sleep","plan":"12:12","actual":"12:12","dauer":"","stops":"","date":"2026-03-22","canceled":false,"schemaVersion":2,"loggedAt":"2026-04-11T19:08:18.804Z"}
{"trainKey":"s7|sleep223rerg|12:12|2026-03-16","linie":"S7","ziel":"Sleep223rerg","plan":"12:12","actual":"12:12","dauer":"","stops":"","date":"2026-03-16","canceled":false,"schemaVersion":2,"loggedAt":"2026-04-11T19:08:18.804Z"}
{"trainKey":"s7|sleep 1|12:12|2026-03-17","linie":"S7","ziel":"Sleep 1","plan":"12:12","actual":"12:12","dauer":"","stops":"","date":"2026-03-17","canceled":false,"schemaVersion":2,"loggedAt":"2026-04-11T19:08:18.804Z"}
{"trainKey":"s7|sleep 1|12:12|2026-03-16","linie":"S7","ziel":"Sleep 1","plan":"12:12","actual":"12:12","dauer":"","stops":"","date":"2026-03-16","canceled":false,"schemaVersion":2,"loggedAt":"2026-04-11T19:08:18.804Z"}
{"trainKey":"s7|sleep 1|12:12|2026-03-18","linie":"S7","ziel":"Sleep 1","plan":"12:12","actual":"12:12","dauer":"","stops":"","date":"2026-03-18","canceled":false,"schemaVersion":2,"loggedAt":"2026-04-11T19:08:18.804Z"}
{"trainKey":"s7|sleep|unknown|2026-03-16","linie":"S7","ziel":"Sleep","plan":"","actual":"","dauer":"","stops":"","date":"2026-03-16","canceled":false,"schemaVersion":2,"loggedAt":"2026-04-11T19:08:18.804Z"}
{"trainKey":"s7|sleep|unknown|2026-03-17","linie":"S7","ziel":"Sleep","plan":"","actual":"","dauer":"","stops":"","date":"2026-03-17","canceled":false,"schemaVersion":2,"loggedAt":"2026-04-11T19:08:18.804Z"}
{"trainKey":"s7|sleep|unknown|2026-03-18","linie":"S7","ziel":"Sleep","plan":"","actual":"","dauer":"","stops":"","date":"2026-03-18","canceled":false,"schemaVersion":2,"loggedAt":"2026-04-11T19:08:18.804Z"}
{"trainKey":"s7|sleep|unknown|2026-03-19","linie":"S7","ziel":"Sleep","plan":"","actual":"","dauer":"","stops":"","date":"2026-03-19","canceled":false,"schemaVersion":2,"loggedAt":"2026-04-11T19:08:18.804Z"}
{"trainKey":"s7|sleep|unknown|2026-03-20","linie":"S7","ziel":"Sleep","plan":"","actual":"","dauer":"","stops":"","date":"2026-03-20","canceled":false,"schemaVersion":2,"loggedAt":"2026-04-11T19:08:18.804Z"}
{"trainKey":"s7|sleep|unknown|2026-03-21","linie":"S7","ziel":"Sleep","plan":"","actual":"","dauer":"","stops":"","date":"2026-03-21","canceled":false,"schemaVersion":2,"loggedAt":"2026-04-11T19:08:18.804Z"}
{"trainKey":"s7|sleep|unknown|2026-03-22","linie":"S7","ziel":"Sleep","plan":"","actual":"","dauer":"","stops":"","date":"2026-03-22","canceled":false,"schemaVersion":2,"loggedAt":"2026-04-11T19:08:18.804Z"}
{"trainKey":"s1|all aboard the stem train|00:00|2026-03-16","linie":"S1","ziel":"All aboard the stem train","plan":"00:00","actual":"00:00","dauer":"","stops":"","date":"2026-03-16","canceled":false,"schemaVersion":2,"loggedAt":"2026-04-11T19:08:18.804Z"}
{"trainKey":"s1|all aboard the stem train|00:00|2026-03-17","linie":"S1","ziel":"All aboard the stem train","plan":"00:00","actual":"00:00","dauer":"","stops":"","date":"2026-03-17","canceled":false,"schemaVersion":2,"loggedAt":"2026-04-11T19:08:18.804Z"}
{"trainKey":"s1|all aboard the stem train|00:00|2026-03-18","linie":"S1","ziel":"All aboard the stem train","plan":"00:00","actual":"00:00","dauer":"","stops":"","date":"2026-03-18","canceled":false,"schemaVersion":2,"loggedAt":"2026-04-11T19:08:18.804Z"}
{"trainKey":"s1|all aboard the stem train|00:00|2026-03-19","linie":"S1","ziel":"All aboard the stem train","plan":"00:00","actual":"00:00","dauer":"","stops":"","date":"2026-03-19","canceled":false,"schemaVersion":2,"loggedAt":"2026-04-11T19:08:18.804Z"}
{"trainKey":"s1|all aboard the stem train|00:00|2026-03-20","linie":"S1","ziel":"All aboard the stem train","plan":"00:00","actual":"00:00","dauer":"","stops":"","date":"2026-03-20","canceled":false,"schemaVersion":2,"loggedAt":"2026-04-11T19:08:18.804Z"}
{"trainKey":"s1|all aboard the stem train|00:00|2026-03-21","linie":"S1","ziel":"All aboard the stem train","plan":"00:00","actual":"00:00","dauer":"","stops":"","date":"2026-03-21","canceled":false,"schemaVersion":2,"loggedAt":"2026-04-11T19:08:18.804Z"}
{"trainKey":"s1|all aboard the stem train|00:00|2026-03-22","linie":"S1","ziel":"All aboard the stem train","plan":"00:00","actual":"00:00","dauer":"","stops":"","date":"2026-03-22","canceled":false,"schemaVersion":2,"loggedAt":"2026-04-11T19:08:18.804Z"}
{"schemaVersion":2,"scheduleType":"fixed","loggedAt":"2026-04-11T18:38:45.667Z","trainKey":"fixed|uid|stem_o9asst165_1772052470926","_uniqueId":"stem_o9asst165_1772052470926","_templateId":null,"projectId":null,"type":null,"linie":"S7","ziel":"Sleep 1","plan":"12:12","actual":"12:12","dauer":0,"zwischenhalte":[],"stops":"","date":"2026-03-18","plannedDate":"2026-03-18","canceled":false,"checkinTime":null,"checkoutTime":null,"recurrence":{"pattern":"weekly","days":[]},"startDate":"2026-03-18","skippedDates":["2026-02-25"]}
