{"trainKey":"s6|ergebnis hm1|00:00|2026-04-08","linie":"S6","ziel":"Ergebnis HM1","plan":"00:00","actual":"00:00","dauer":"","stops":"","date":"2026-04-08","canceled":false,"schemaVersion":2,"loggedAt":"2026-04-11T19:08:18.802Z"}
{"trainKey":"s6|elektrotechnik |08:00|2026-04-08","linie":"S6","ziel":"Elektrotechnik ","plan":"08:00","actual":"22:24","dauer":1,"stops":"","date":"2026-04-08","canceled":false,"schemaVersion":2,"loggedAt":"2026-04-11T19:08:18.802Z"}
{"trainKey":"s6|konstruktionslehre|08:00|2026-04-07","linie":"S6","ziel":"Konstruktionslehre","plan":"08:00","actual":"08:00","dauer":90,"stops":"","date":"2026-04-07","canceled":false,"schemaVersion":2,"loggedAt":"2026-04-11T19:08:18.802Z"}
{"trainKey":"s62|seminar konstruktionslehre|15:45|2026-04-08","linie":"S62","ziel":"Seminar Konstruktionslehre","plan":"15:45","actual":"22:24","dauer":1,"stops":"","date":"2026-04-08","canceled":false,"schemaVersion":2,"loggedAt":"2026-04-11T19:08:18.802Z"}
{"trainKey":"s60|übung konstruktionslehre|08:00|2026-04-07","linie":"S60","ziel":"Übung Konstruktionslehre","plan":"08:00","actual":"08:00","dauer":90,"stops":"","date":"2026-04-07","canceled":false,"schemaVersion":2,"loggedAt":"2026-04-11T19:08:18.802Z"}
{"trainKey":"s6|softwaretechnik|08:00|2026-04-09","linie":"S6","ziel":"Softwaretechnik","plan":"08:00","actual":"08:00","dauer":90,"stops":"","date":"2026-04-09","canceled":false,"schemaVersion":2,"loggedAt":"2026-04-11T19:08:18.802Z"}
{"trainKey":"s62|seminar softwaretechnik|09:45|2026-04-09","linie":"S62","ziel":"Seminar Softwaretechnik","plan":"09:45","actual":"09:45","dauer":90,"stops":"","date":"2026-04-09","canceled":false,"schemaVersion":2,"loggedAt":"2026-04-11T19:08:18.802Z"}
{"trainKey":"s6|technische mechanik ii|11:30|2026-04-07","linie":"S6","ziel":"Technische Mechanik II","plan":"11:30","actual":"11:30","dauer":90,"stops":"","date":"2026-04-07","canceled":false,"schemaVersion":2,"loggedAt":"2026-04-11T19:08:18.802Z"}
{"trainKey":"s62|vortragsübung technische mechanik ii|14:00|2026-04-10","linie":"S62","ziel":"Vortragsübung Technische Mechanik II","plan":"14:00","actual":"14:00","dauer":90,"stops":"","date":"2026-04-10","canceled":false,"schemaVersion":2,"loggedAt":"2026-04-11T19:08:18.802Z"}
{"trainKey":"s60|gruppenübung technische mechanik ii|17:30|2026-04-07","linie":"S60","ziel":"Gruppenübung Technische Mechanik II","plan":"17:30","actual":"17:30","dauer":90,"stops":"","date":"2026-04-07","canceled":false,"schemaVersion":2,"loggedAt":"2026-04-11T19:08:18.802Z"}
{"trainKey":"s6|höhere mathematik ii|15:45|2026-04-07","linie":"S6","ziel":"Höhere Mathematik II","plan":"15:45","actual":"15:45","dauer":90,"stops":"","date":"2026-04-07","canceled":false,"schemaVersion":2,"loggedAt":"2026-04-11T19:08:18.802Z"}
{"trainKey":"s5|fitness studio|20:00|2026-04-06","linie":"S5","ziel":"Fitness Studio","plan":"20:00","actual":"20:00","dauer":90,"stops":"","date":"2026-04-06","canceled":false,"schemaVersion":2,"loggedAt":"2026-04-11T19:08:18.802Z"}
{"trainKey":"s5|fitness studio|20:00|2026-04-07","linie":"S5","ziel":"Fitness Studio","plan":"20:00","actual":"20:00","dauer":90,"stops":"","date":"2026-04-07","canceled":false,"schemaVersion":2,"loggedAt":"2026-04-11T19:08:18.802Z"}
{"trainKey":"s5|fitness studio|20:00|2026-04-08","linie":"S5","ziel":"Fitness Studio","plan":"20:00","actual":"20:00","dauer":90,"stops":"","date":"2026-04-08","canceled":false,"schemaVersion":2,"loggedAt":"2026-04-11T19:08:18.802Z"}
{"trainKey":"s5|fitness studio|20:00|2026-04-09","linie":"S5","ziel":"Fitness Studio","plan":"20:00","actual":"20:00","dauer":90,"stops":"","date":"2026-04-09","canceled":false,"schemaVersion":2,"loggedAt":"2026-04-11T19:08:18.802Z"}
{"trainKey":"s5|fitness studio|20:00|2026-04-12","linie":"S5","ziel":"Fitness Studio","plan":"20:00","actual":"20:00","dauer":90,"stops":"","date":"2026-04-12","canceled":false,"schemaVersion":2,"loggedAt":"2026-04-11T19:08:18.802Z"}
{"trainKey":"s6|konstruktionslehre|08:00|2026-04-06","linie":"S6","ziel":"Konstruktionslehre","plan":"08:00","actual":"08:00","dauer":90,"stops":"","date":"2026-04-06","canceled":false,"schemaVersion":2,"loggedAt":"2026-04-11T19:08:18.802Z"}
{"trainKey":"s6|konstruktionslehre|08:00|2026-04-08","linie":"S6","ziel":"Konstruktionslehre","plan":"08:00","actual":"08:00","dauer":99,"stops":"","date":"2026-04-08","canceled":false,"schemaVersion":2,"loggedAt":"2026-04-11T19:08:18.802Z"}
{"trainKey":"s6|konstruktionslehre|08:00|2026-04-09","linie":"S6","ziel":"Konstruktionslehre","plan":"08:00","actual":"10:49","dauer":90,"stops":"","date":"2026-04-09","canceled":false,"schemaVersion":2,"loggedAt":"2026-04-11T19:08:18.802Z"}
{"trainKey":"s6|konstruktionslehre|08:00|2026-04-12","linie":"S6","ziel":"Konstruktionslehre","plan":"08:00","actual":"08:00","dauer":90,"stops":"","date":"2026-04-12","canceled":false,"schemaVersion":2,"loggedAt":"2026-04-11T19:08:18.802Z"}
{"trainKey":"s60|übung konstruktionslehre|08:00|2026-04-06","linie":"S60","ziel":"Übung Konstruktionslehre","plan":"08:00","actual":"08:00","dauer":90,"stops":"","date":"2026-04-06","canceled":false,"schemaVersion":2,"loggedAt":"2026-04-11T19:08:18.802Z"}
{"trainKey":"s60|übung konstruktionslehre|08:00|2026-04-08","linie":"S60","ziel":"Übung Konstruktionslehre","plan":"08:00","actual":"08:00","dauer":90,"stops":"","date":"2026-04-08","canceled":false,"schemaVersion":2,"loggedAt":"2026-04-11T19:08:18.802Z"}
{"trainKey":"s60|übung konstruktionslehre|08:00|2026-04-09","linie":"S60","ziel":"Übung Konstruktionslehre","plan":"08:00","actual":"08:00","dauer":90,"stops":"","date":"2026-04-09","canceled":false,"schemaVersion":2,"loggedAt":"2026-04-11T19:08:18.802Z"}
{"trainKey":"s60|übung konstruktionslehre|08:00|2026-04-10","linie":"S60","ziel":"Übung Konstruktionslehre","plan":"08:00","actual":"08:00","dauer":90,"stops":"","date":"2026-04-10","canceled":false,"schemaVersion":2,"loggedAt":"2026-04-11T19:08:18.802Z"}
{"trainKey":"s60|übung konstruktionslehre|08:00|2026-04-11","linie":"S60","ziel":"Übung Konstruktionslehre","plan":"08:00","actual":"08:00","dauer":90,"stops":"","date":"2026-04-11","canceled":false,"schemaVersion":2,"loggedAt":"2026-04-11T19:08:18.802Z"}
{"trainKey":"s60|übung konstruktionslehre|08:00|2026-04-12","linie":"S60","ziel":"Übung Konstruktionslehre","plan":"08:00","actual":"08:00","dauer":90,"stops":"","date":"2026-04-12","canceled":false,"schemaVersion":2,"loggedAt":"2026-04-11T19:08:18.802Z"}
{"trainKey":"s5|sleep|09:00|2026-04-06","linie":"S5","ziel":"Sleep","plan":"09:00","actual":"09:00","dauer":"","stops":"","date":"2026-04-06","canceled":false,"schemaVersion":2,"loggedAt":"2026-04-11T19:08:18.802Z"}
{"trainKey":"s5|sleep|09:00|2026-04-07","linie":"S5","ziel":"Sleep","plan":"09:00","actual":"09:00","dauer":"","stops":"","date":"2026-04-07","canceled":false,"schemaVersion":2,"loggedAt":"2026-04-11T19:08:18.802Z"}
{"trainKey":"s5|sleep|09:00|2026-04-08","linie":"S5","ziel":"Sleep","plan":"09:00","actual":"09:00","dauer":"","stops":"","date":"2026-04-08","canceled":false,"schemaVersion":2,"loggedAt":"2026-04-11T19:08:18.802Z"}
{"trainKey":"s5|sleep|09:00|2026-04-09","linie":"S5","ziel":"Sleep","plan":"09:00","actual":"09:00","dauer":"","stops":"","date":"2026-04-09","canceled":false,"schemaVersion":2,"loggedAt":"2026-04-11T19:08:18.802Z"}
{"trainKey":"s5|sleep|09:00|2026-04-10","linie":"S5","ziel":"Sleep","plan":"09:00","actual":"09:00","dauer":"","stops":"","date":"2026-04-10","canceled":false,"schemaVersion":2,"loggedAt":"2026-04-11T19:08:18.802Z"}
{"trainKey":"s5|sleep|09:00|2026-04-11","linie":"S5","ziel":"Sleep","plan":"09:00","actual":"09:00","dauer":"","stops":"","date":"2026-04-11","canceled":false,"schemaVersion":2,"loggedAt":"2026-04-11T19:08:18.802Z"}
{"trainKey":"s5|sleep|09:00|2026-04-12","linie":"S5","ziel":"Sleep","plan":"09:00","actual":"09:00","dauer":"","stops":"","date":"2026-04-12","canceled":false,"schemaVersion":2,"loggedAt":"2026-04-11T19:08:18.802Z"}
{"trainKey":"s6|sleep|09:00|2026-04-07","linie":"S6","ziel":"Sleep","plan":"09:00","actual":"09:00","dauer":"","stops":"","date":"2026-04-07","canceled":false,"schemaVersion":2,"loggedAt":"2026-04-11T19:08:18.802Z"}
{"trainKey":"s62|seminar konstruktionslehre|15:45|2026-04-07","linie":"S62","ziel":"Seminar Konstruktionslehre","plan":"15:45","actual":"15:45","dauer":90,"stops":"","date":"2026-04-07","canceled":false,"schemaVersion":2,"loggedAt":"2026-04-11T19:08:18.802Z"}
{"trainKey":"s7|sleep|09:00|2026-04-06","linie":"S7","ziel":"Sleep","plan":"09:00","actual":"09:00","dauer":"","stops":"","date":"2026-04-06","canceled":false,"schemaVersion":2,"loggedAt":"2026-04-11T19:08:18.802Z"}
{"trainKey":"s7|sleep|09:00|2026-04-07","linie":"S7","ziel":"Sleep","plan":"09:00","actual":"09:00","dauer":"","stops":"","date":"2026-04-07","canceled":false,"schemaVersion":2,"loggedAt":"2026-04-11T19:08:18.802Z"}
{"trainKey":"s7|sleep|09:00|2026-04-08","linie":"S7","ziel":"Sleep","plan":"09:00","actual":"09:00","dauer":"","stops":"","date":"2026-04-08","canceled":false,"schemaVersion":2,"loggedAt":"2026-04-11T19:08:18.802Z"}
{"trainKey":"s7|sleep|09:00|2026-04-09","linie":"S7","ziel":"Sleep","plan":"09:00","actual":"09:00","dauer":"","stops":"","date":"2026-04-09","canceled":false,"schemaVersion":2,"loggedAt":"2026-04-11T19:08:18.802Z"}
{"trainKey":"s7|sleep|09:00|2026-04-10","linie":"S7","ziel":"Sleep","plan":"09:00","actual":"09:00","dauer":"","stops":"","date":"2026-04-10","canceled":false,"schemaVersion":2,"loggedAt":"2026-04-11T19:08:18.802Z"}
{"trainKey":"s7|sleep|09:00|2026-04-11","linie":"S7","ziel":"Sleep","plan":"09:00","actual":"09:00","dauer":"","stops":"","date":"2026-04-11","canceled":false,"schemaVersion":2,"loggedAt":"2026-04-11T19:08:18.802Z"}
{"trainKey":"s7|sleep|09:00|2026-04-12","linie":"S7","ziel":"Sleep","plan":"09:00","actual":"09:00","dauer":"","stops":"","date":"2026-04-12","canceled":false,"schemaVersion":2,"loggedAt":"2026-04-11T19:08:18.802Z"}
{"trainKey":"s8|sleep|09:00|2026-04-06","linie":"S8","ziel":"Sleep","plan":"09:00","actual":"09:00","dauer":120,"stops":"","date":"2026-04-06","canceled":false,"schemaVersion":2,"loggedAt":"2026-04-11T19:08:18.802Z"}
{"trainKey":"s8|sleep|09:00|2026-04-07","linie":"S8","ziel":"Sleep","plan":"09:00","actual":"09:00","dauer":120,"stops":"","date":"2026-04-07","canceled":false,"schemaVersion":2,"loggedAt":"2026-04-11T19:08:18.802Z"}
{"trainKey":"s8|sleep|09:00|2026-04-08","linie":"S8","ziel":"Sleep","plan":"09:00","actual":"09:00","dauer":120,"stops":"","date":"2026-04-08","canceled":false,"schemaVersion":2,"loggedAt":"2026-04-11T19:08:18.802Z"}
{"trainKey":"s8|sleep|09:00|2026-04-09","linie":"S8","ziel":"Sleep","plan":"09:00","actual":"09:00","dauer":120,"stops":"","date":"2026-04-09","canceled":false,"schemaVersion":2,"loggedAt":"2026-04-11T19:08:18.802Z"}
{"trainKey":"s8|sleep|09:00|2026-04-10","linie":"S8","ziel":"Sleep","plan":"09:00","actual":"09:00","dauer":120,"stops":"","date":"2026-04-10","canceled":false,"schemaVersion":2,"loggedAt":"2026-04-11T19:08:18.802Z"}
{"trainKey":"s8|sleep|09:00|2026-04-11","linie":"S8","ziel":"Sleep","plan":"09:00","actual":"09:00","dauer":120,"stops":"","date":"2026-04-11","canceled":false,"schemaVersion":2,"loggedAt":"2026-04-11T19:08:18.802Z"}
{"trainKey":"s8|sleep|09:00|2026-04-12","linie":"S8","ziel":"Sleep","plan":"09:00","actual":"09:00","dauer":120,"stops":"","date":"2026-04-12","canceled":false,"schemaVersion":2,"loggedAt":"2026-04-11T19:08:18.802Z"}
{"trainKey":"s1|eat|10:00|2026-04-06","linie":"S1","ziel":"Eat","plan":"10:00","actual":"10:00","dauer":120,"stops":"","date":"2026-04-06","canceled":false,"schemaVersion":2,"loggedAt":"2026-04-11T19:08:18.802Z"}
{"trainKey":"s1|eat|10:00|2026-04-07","linie":"S1","ziel":"Eat","plan":"10:00","actual":"10:00","dauer":120,"stops":"","date":"2026-04-07","canceled":false,"schemaVersion":2,"loggedAt":"2026-04-11T19:08:18.802Z"}
{"trainKey":"s1|eat|10:00|2026-04-08","linie":"S1","ziel":"Eat","plan":"10:00","actual":"10:00","dauer":120,"stops":"","date":"2026-04-08","canceled":false,"schemaVersion":2,"loggedAt":"2026-04-11T19:08:18.802Z"}
{"trainKey":"s1|eat|10:00|2026-04-09","linie":"S1","ziel":"Eat","plan":"10:00","actual":"10:00","dauer":120,"stops":"","date":"2026-04-09","canceled":false,"schemaVersion":2,"loggedAt":"2026-04-11T19:08:18.802Z"}
{"trainKey":"s1|eat|10:00|2026-04-10","linie":"S1","ziel":"Eat","plan":"10:00","actual":"10:00","dauer":120,"stops":"","date":"2026-04-10","canceled":false,"schemaVersion":2,"loggedAt":"2026-04-11T19:08:18.802Z"}
{"trainKey":"s1|eat|10:00|2026-04-11","linie":"S1","ziel":"Eat","plan":"10:00","actual":"10:00","dauer":120,"stops":"","date":"2026-04-11","canceled":false,"schemaVersion":2,"loggedAt":"2026-04-11T19:08:18.802Z"}
{"trainKey":"s1|eat|10:00|2026-04-12","linie":"S1","ziel":"Eat","plan":"10:00","actual":"10:00","dauer":120,"stops":"","date":"2026-04-12","canceled":false,"schemaVersion":2,"loggedAt":"2026-04-11T19:08:18.802Z"}
{"trainKey":"s2|sleep|12:12|2026-04-06","linie":"S2","ziel":"Sleep","plan":"12:12","actual":"12:12","dauer":"","stops":"","date":"2026-04-06","canceled":false,"schemaVersion":2,"loggedAt":"2026-04-11T19:08:18.802Z"}
{"trainKey":"s2|sleep|12:12|2026-04-07","linie":"S2","ziel":"Sleep","plan":"12:12","actual":"12:12","dauer":"","stops":"","date":"2026-04-07","canceled":false,"schemaVersion":2,"loggedAt":"2026-04-11T19:08:18.802Z"}
{"trainKey":"s2|sleep|12:12|2026-04-08","linie":"S2","ziel":"Sleep","plan":"12:12","actual":"12:12","dauer":"","stops":"","date":"2026-04-08","canceled":false,"schemaVersion":2,"loggedAt":"2026-04-11T19:08:18.802Z"}
{"trainKey":"s2|sleep|12:12|2026-04-09","linie":"S2","ziel":"Sleep","plan":"12:12","actual":"12:12","dauer":"","stops":"","date":"2026-04-09","canceled":false,"schemaVersion":2,"loggedAt":"2026-04-11T19:08:18.802Z"}
{"trainKey":"s2|sleep|12:12|2026-04-12","linie":"S2","ziel":"Sleep","plan":"12:12","actual":"12:12","dauer":"","stops":"","date":"2026-04-12","canceled":false,"schemaVersion":2,"loggedAt":"2026-04-11T19:08:18.802Z"}
{"trainKey":"s7|sleep|12:12|2026-04-06","linie":"S7","ziel":"Sleep","plan":"12:12","actual":"12:12","dauer":"","stops":"","date":"2026-04-06","canceled":false,"schemaVersion":2,"loggedAt":"2026-04-11T19:08:18.802Z"}
{"trainKey":"s7|sleep|12:12|2026-04-07","linie":"S7","ziel":"Sleep","plan":"12:12","actual":"12:12","dauer":"","stops":"","date":"2026-04-07","canceled":false,"schemaVersion":2,"loggedAt":"2026-04-11T19:08:18.802Z"}
{"trainKey":"s7|sleep|12:12|2026-04-08","linie":"S7","ziel":"Sleep","plan":"12:12","actual":"12:12","dauer":"","stops":"","date":"2026-04-08","canceled":false,"schemaVersion":2,"loggedAt":"2026-04-11T19:08:18.802Z"}
{"trainKey":"s7|sleep|12:12|2026-04-09","linie":"S7","ziel":"Sleep","plan":"12:12","actual":"12:12","dauer":"","stops":"","date":"2026-04-09","canceled":false,"schemaVersion":2,"loggedAt":"2026-04-11T19:08:18.802Z"}
{"trainKey":"s7|sleep|12:12|2026-04-12","linie":"S7","ziel":"Sleep","plan":"12:12","actual":"12:12","dauer":"","stops":"","date":"2026-04-12","canceled":false,"schemaVersion":2,"loggedAt":"2026-04-11T19:08:18.802Z"}
{"trainKey":"s7|sleep 1|12:12|2026-04-07","linie":"S7","ziel":"Sleep 1","plan":"12:12","actual":"12:12","dauer":"","stops":"","date":"2026-04-07","canceled":false,"schemaVersion":2,"loggedAt":"2026-04-11T19:08:18.802Z"}
{"trainKey":"s7|sleep 1|12:12|2026-04-06","linie":"S7","ziel":"Sleep 1","plan":"12:12","actual":"12:12","dauer":"","stops":"","date":"2026-04-06","canceled":false,"schemaVersion":2,"loggedAt":"2026-04-11T19:08:18.802Z"}
{"trainKey":"s62|seminar konstruktionslehre|15:45|2026-04-09","linie":"S62","ziel":"Seminar Konstruktionslehre","plan":"15:45","actual":"10:49","dauer":90,"stops":"","date":"2026-04-09","canceled":false,"schemaVersion":2,"loggedAt":"2026-04-11T19:08:18.802Z"}
{"trainKey":"s62|seminar konstruktionslehre|15:45|2026-04-10","linie":"S62","ziel":"Seminar Konstruktionslehre","plan":"15:45","actual":"15:45","dauer":90,"stops":"","date":"2026-04-10","canceled":false,"schemaVersion":2,"loggedAt":"2026-04-11T19:08:18.802Z"}
{"trainKey":"s7|sleep 1|12:12|2026-04-08","linie":"S7","ziel":"Sleep 1","plan":"12:12","actual":"12:12","dauer":"","stops":"","date":"2026-04-08","canceled":false,"schemaVersion":2,"loggedAt":"2026-04-11T19:08:18.802Z"}
{"trainKey":"s6|konstruktionslehre|08:00|2026-04-10","linie":"S6","ziel":"Konstruktionslehre","plan":"08:00","actual":"08:00","dauer":90,"stops":"","date":"2026-04-10","canceled":false,"schemaVersion":2,"loggedAt":"2026-04-11T19:08:18.802Z"}
{"trainKey":"s6|konstruktionslehre|08:00|2026-04-11","linie":"S6","ziel":"Konstruktionslehre","plan":"08:00","actual":"08:00","dauer":90,"stops":"","date":"2026-04-11","canceled":false,"schemaVersion":2,"loggedAt":"2026-04-11T19:08:18.802Z"}
{"trainKey":"s7|sleep|unknown|2026-04-06","linie":"S7","ziel":"Sleep","plan":"","actual":"","dauer":"","stops":"","date":"2026-04-06","canceled":false,"schemaVersion":2,"loggedAt":"2026-04-11T19:08:18.802Z"}
{"trainKey":"s7|sleep|unknown|2026-04-07","linie":"S7","ziel":"Sleep","plan":"","actual":"","dauer":"","stops":"","date":"2026-04-07","canceled":false,"schemaVersion":2,"loggedAt":"2026-04-11T19:08:18.802Z"}
{"trainKey":"s7|sleep|unknown|2026-04-08","linie":"S7","ziel":"Sleep","plan":"","actual":"","dauer":"","stops":"","date":"2026-04-08","canceled":false,"schemaVersion":2,"loggedAt":"2026-04-11T19:08:18.802Z"}
{"trainKey":"s7|sleep|unknown|2026-04-09","linie":"S7","ziel":"Sleep","plan":"","actual":"","dauer":"","stops":"","date":"2026-04-09","canceled":false,"schemaVersion":2,"loggedAt":"2026-04-11T19:08:18.802Z"}
{"trainKey":"s7|sleep|unknown|2026-04-10","linie":"S7","ziel":"Sleep","plan":"","actual":"","dauer":"","stops":"","date":"2026-04-10","canceled":false,"schemaVersion":2,"loggedAt":"2026-04-11T19:08:18.802Z"}
{"trainKey":"s7|sleep|unknown|2026-04-11","linie":"S7","ziel":"Sleep","plan":"","actual":"","dauer":"","stops":"","date":"2026-04-11","canceled":false,"schemaVersion":2,"loggedAt":"2026-04-11T19:08:18.802Z"}
{"trainKey":"s7|sleep|unknown|2026-04-12","linie":"S7","ziel":"Sleep","plan":"","actual":"","dauer":"","stops":"","date":"2026-04-12","canceled":false,"schemaVersion":2,"loggedAt":"2026-04-11T19:08:18.802Z"}
{"trainKey":"s1|all aboard the stem train|00:00|2026-04-06","linie":"S1","ziel":"All aboard the stem train","plan":"00:00","actual":"03:10","dauer":90,"stops":"","date":"2026-04-06","canceled":true,"schemaVersion":2,"loggedAt":"2026-04-11T19:08:18.802Z"}
{"trainKey":"s1|all aboard the stem train|00:00|2026-04-07","linie":"S1","ziel":"All aboard the stem train","plan":"00:00","actual":"00:05","dauer":90,"stops":"","date":"2026-04-07","canceled":false,"schemaVersion":2,"loggedAt":"2026-04-11T19:08:18.802Z"}
{"trainKey":"s1|all aboard the stem train|00:00|2026-04-08","linie":"S1","ziel":"All aboard the stem train","plan":"00:00","actual":"00:00","dauer":"","stops":"","date":"2026-04-08","canceled":false,"schemaVersion":2,"loggedAt":"2026-04-11T19:08:18.802Z"}
{"trainKey":"s1|all aboard the stem train|00:00|2026-04-09","linie":"S1","ziel":"All aboard the stem train","plan":"00:00","actual":"10:50","dauer":650,"stops":"","date":"2026-04-09","canceled":false,"schemaVersion":2,"loggedAt":"2026-04-11T19:08:18.802Z"}
{"trainKey":"s1|all aboard the stem train|00:00|2026-04-10","linie":"S1","ziel":"All aboard the stem train","plan":"00:00","actual":"10:50","dauer":"","stops":"","date":"2026-04-10","canceled":false,"schemaVersion":2,"loggedAt":"2026-04-11T19:08:18.802Z"}
{"trainKey":"s1|all aboard the stem train|00:00|2026-04-11","linie":"S1","ziel":"All aboard the stem train","plan":"00:00","actual":"00:00","dauer":"","stops":"","date":"2026-04-11","canceled":false,"schemaVersion":2,"loggedAt":"2026-04-11T19:08:18.802Z"}
{"trainKey":"s1|all aboard the stem train|00:00|2026-04-12","linie":"S1","ziel":"All aboard the stem train","plan":"00:00","actual":"00:00","dauer":"","stops":"","date":"2026-04-12","canceled":false,"schemaVersion":2,"loggedAt":"2026-04-11T19:08:18.802Z"}
{"trainKey":"s95|fachschaftssitzung|17:30|2026-04-06","linie":"S95","ziel":"Fachschaftssitzung","plan":"17:30","actual":"17:30","dauer":40,"stops":"","date":"2026-04-06","canceled":false,"schemaVersion":2,"loggedAt":"2026-04-11T19:08:18.802Z"}
{"trainKey":"s95|fachschaftssitzung|17:30|2026-04-07","linie":"S95","ziel":"Fachschaftssitzung","plan":"17:30","actual":"17:30","dauer":40,"stops":"","date":"2026-04-07","canceled":true,"schemaVersion":2,"loggedAt":"2026-04-11T19:08:18.802Z"}
{"trainKey":"s95|fachschaftssitzung|17:30|2026-04-08","linie":"S95","ziel":"Fachschaftssitzung","plan":"17:30","actual":"11:47","dauer":17,"stops":"","date":"2026-04-08","canceled":false,"schemaVersion":2,"loggedAt":"2026-04-11T19:08:18.802Z"}
{"trainKey":"s95|fachschaftssitzung|17:30|2026-04-09","linie":"S95","ziel":"Fachschaftssitzung","plan":"17:30","actual":"10:50","dauer":40,"stops":"","date":"2026-04-09","canceled":false,"schemaVersion":2,"loggedAt":"2026-04-11T19:08:18.802Z"}
{"trainKey":"s95|fachschaftssitzung|17:30|2026-04-10","linie":"S95","ziel":"Fachschaftssitzung","plan":"17:30","actual":"17:30","dauer":40,"stops":"","date":"2026-04-10","canceled":false,"schemaVersion":2,"loggedAt":"2026-04-11T19:08:18.802Z"}
{"trainKey":"s95|fachschaftssitzung|17:30|2026-04-11","linie":"S95","ziel":"Fachschaftssitzung","plan":"17:30","actual":"17:30","dauer":40,"stops":"","date":"2026-04-11","canceled":false,"schemaVersion":2,"loggedAt":"2026-04-11T19:08:18.802Z"}
{"trainKey":"s95|fachschaftssitzung|17:30|2026-04-12","linie":"S95","ziel":"Fachschaftssitzung","plan":"17:30","actual":"17:30","dauer":40,"stops":"","date":"2026-04-12","canceled":false,"schemaVersion":2,"loggedAt":"2026-04-11T19:08:18.802Z"}
{"trainKey":"s7|a study session|09:00|2026-04-07","linie":"S7","ziel":"A study session","plan":"09:00","actual":"09:00","dauer":"","stops":"","date":"2026-04-07","canceled":false,"schemaVersion":2,"loggedAt":"2026-04-11T19:08:18.802Z"}
{"trainKey":"s62|seminar konstruktionslehre|15:45|unknown","linie":"S62","ziel":"Seminar Konstruktionslehre","plan":"15:45","actual":"15:45","dauer":90,"stops":"","date":"","canceled":false,"schemaVersion":2,"loggedAt":"2026-04-11T19:08:18.802Z"}
{"trainKey":"s7|sleep 1|12:12|unknown","linie":"S7","ziel":"Sleep 1","plan":"12:12","actual":"12:12","dauer":"","stops":"","date":"","canceled":false,"schemaVersion":2,"loggedAt":"2026-04-11T19:08:18.802Z"}
{"trainKey":"s6|konstruktionslehre|08:00|unknown","linie":"S6","ziel":"Konstruktionslehre","plan":"08:00","actual":"","dauer":90,"stops":"","date":"","canceled":false,"schemaVersion":2,"loggedAt":"2026-04-11T19:08:18.802Z"}
{"trainKey":"s7|sleep|unknown|unknown","linie":"S7","ziel":"Sleep","plan":"","actual":"","dauer":"","stops":"","date":"","canceled":false,"schemaVersion":2,"loggedAt":"2026-04-11T19:08:18.802Z"}
{"trainKey":"s1|all aboard the stem train|00:00|unknown","linie":"S1","ziel":"All aboard the stem train","plan":"00:00","actual":"00:00","dauer":"","stops":"","date":"","canceled":false,"schemaVersion":2,"loggedAt":"2026-04-11T19:08:18.802Z"}
{"trainKey":"s95|fachschaftssitzung|17:30|unknown","linie":"S95","ziel":"Fachschaftssitzung","plan":"17:30","actual":"","dauer":40,"stops":"","date":"","canceled":false,"schemaVersion":2,"loggedAt":"2026-04-11T19:08:18.802Z"}
{"trainKey":"s1|sleep now|unknown|unknown","linie":"S1","ziel":"Sleep now","plan":"","actual":"","dauer":"","stops":"","date":"","canceled":false,"schemaVersion":2,"loggedAt":"2026-04-11T19:08:18.802Z"}
{"trainKey":"t|unknown|unknown|unknown","linie":"t","ziel":"","plan":"","actual":"","dauer":"","stops":"","date":"","canceled":false,"schemaVersion":2,"loggedAt":"2026-04-11T19:08:18.802Z"}
{"trainKey":"s2|all aboard the stem train|00:00|2026-04-07","linie":"S2","ziel":"All aboard the stem train","plan":"00:00","actual":"00:00","dauer":90,"stops":"","date":"2026-04-07","canceled":true,"schemaVersion":2,"loggedAt":"2026-04-11T19:08:18.802Z"}
{"trainKey":"s7|a study session|09:45|2026-04-07","linie":"S7","ziel":"A study session","plan":"09:45","actual":"09:45","dauer":90,"stops":"","date":"2026-04-07","canceled":false,"schemaVersion":2,"loggedAt":"2026-04-11T19:08:18.802Z"}
{"trainKey":"s2|all aboard the stem train|00:00|2026-04-06","linie":"S2","ziel":"All aboard the stem train","plan":"00:00","actual":"00:00","dauer":90,"stops":"","date":"2026-04-06","canceled":false,"schemaVersion":2,"loggedAt":"2026-04-11T19:08:18.802Z"}
{"trainKey":"s25|all aboard the stem train|00:00|2026-04-06","linie":"S25","ziel":"All aboard the stem train","plan":"00:00","actual":"00:00","dauer":90,"stops":"","date":"2026-04-06","canceled":false,"schemaVersion":2,"loggedAt":"2026-04-11T19:08:18.802Z"}
{"trainKey":"s3|all aboard the stem train|00:00|2026-04-06","linie":"S3","ziel":"All aboard the stem train","plan":"00:00","actual":"00:00","dauer":90,"stops":"","date":"2026-04-06","canceled":false,"schemaVersion":2,"loggedAt":"2026-04-11T19:08:18.802Z"}
{"trainKey":"s4|all aboard the stem train|00:00|2026-04-06","linie":"S4","ziel":"All aboard the stem train","plan":"00:00","actual":"00:00","dauer":90,"stops":"","date":"2026-04-06","canceled":false,"schemaVersion":2,"loggedAt":"2026-04-11T19:08:18.802Z"}
{"trainKey":"s5|all aboard the stem train|00:00|2026-04-06","linie":"S5","ziel":"All aboard the stem train","plan":"00:00","actual":"00:00","dauer":90,"stops":"","date":"2026-04-06","canceled":false,"schemaVersion":2,"loggedAt":"2026-04-11T19:08:18.802Z"}
{"trainKey":"s6|all aboard the stem train|00:00|2026-04-06","linie":"S6","ziel":"All aboard the stem train","plan":"00:00","actual":"00:00","dauer":90,"stops":"","date":"2026-04-06","canceled":false,"schemaVersion":2,"loggedAt":"2026-04-11T19:08:18.802Z"}
{"trainKey":"s7|all aboard the stem train|00:00|2026-04-06","linie":"S7","ziel":"All aboard the stem train","plan":"00:00","actual":"00:00","dauer":90,"stops":"","date":"2026-04-06","canceled":false,"schemaVersion":2,"loggedAt":"2026-04-11T19:08:18.802Z"}
{"trainKey":"s75|all aboard the stem train|00:00|2026-04-06","linie":"S75","ziel":"All aboard the stem train","plan":"00:00","actual":"00:00","dauer":900,"stops":"","date":"2026-04-06","canceled":true,"schemaVersion":2,"loggedAt":"2026-04-11T19:08:18.802Z"}
{"trainKey":"s95|all aboard the stem train|00:00|2026-04-06","linie":"S95","ziel":"All aboard the stem train","plan":"00:00","actual":"00:00","dauer":90,"stops":"","date":"2026-04-06","canceled":false,"schemaVersion":2,"loggedAt":"2026-04-11T19:08:18.802Z"}
{"trainKey":"s8|all aboard the stem train|00:00|2026-04-06","linie":"S8","ziel":"All aboard the stem train","plan":"00:00","actual":"00:00","dauer":90,"stops":"","date":"2026-04-06","canceled":false,"schemaVersion":2,"loggedAt":"2026-04-11T19:08:18.802Z"}
{"trainKey":"s85|all aboard the stem train|00:00|2026-04-06","linie":"S85","ziel":"All aboard the stem train","plan":"00:00","actual":"00:00","dauer":90,"stops":"","date":"2026-04-06","canceled":false,"schemaVersion":2,"loggedAt":"2026-04-11T19:08:18.802Z"}
{"trainKey":"s5|fitness studio|06:00|2026-04-07","linie":"S5","ziel":"Fitness Studio","plan":"06:00","actual":"06:00","dauer":120,"stops":"","date":"2026-04-07","canceled":false,"schemaVersion":2,"loggedAt":"2026-04-11T19:08:18.802Z"}
{"trainKey":"s7|another study session|14:00|2026-04-07","linie":"S7","ziel":"Another study session","plan":"14:00","actual":"14:00","dauer":90,"stops":"","date":"2026-04-07","canceled":false,"schemaVersion":2,"loggedAt":"2026-04-11T19:08:18.802Z"}
{"trainKey":"s1|lunch break|13:00|2026-04-07","linie":"S1","ziel":"Lunch break","plan":"13:00","actual":"13:00","dauer":60,"stops":"","date":"2026-04-07","canceled":true,"schemaVersion":2,"loggedAt":"2026-04-11T19:08:18.802Z"}
{"trainKey":"s7|last study session|20:00|2026-04-07","linie":"S7","ziel":"Last study session","plan":"20:00","actual":"21:00","dauer":90,"stops":"","date":"2026-04-07","canceled":false,"schemaVersion":2,"loggedAt":"2026-04-11T19:08:18.802Z"}
{"trainKey":"s75|hahaha|01:35|2026-04-06","linie":"S75","ziel":"HAHAHA","plan":"01:35","actual":"01:35","dauer":999,"stops":"","date":"2026-04-06","canceled":true,"schemaVersion":2,"loggedAt":"2026-04-11T19:08:18.802Z"}
{"trainKey":"s5|hahaha|01:35|2026-04-06","linie":"S5","ziel":"HAHAHA","plan":"01:35","actual":"01:35","dauer":300,"stops":"","date":"2026-04-06","canceled":false,"schemaVersion":2,"loggedAt":"2026-04-11T19:08:18.802Z"}
{"trainKey":"s1|hahaha|01:35|2026-04-06","linie":"S1","ziel":"HAHAHA","plan":"01:35","actual":"01:35","dauer":300,"stops":"","date":"2026-04-06","canceled":false,"schemaVersion":2,"loggedAt":"2026-04-11T19:08:18.802Z"}
{"trainKey":"s7|study session 1|12:12|2026-04-08","linie":"S7","ziel":"Study session 1","plan":"12:12","actual":"22:24","dauer":1,"stops":"","date":"2026-04-08","canceled":false,"schemaVersion":2,"loggedAt":"2026-04-11T19:08:18.802Z"}
{"trainKey":"fex|all aboard the stem train|00:00|2026-04-06","linie":"FEX","ziel":"All aboard the stem train","plan":"00:00","actual":"00:00","dauer":900,"stops":"","date":"2026-04-06","canceled":false,"schemaVersion":2,"loggedAt":"2026-04-11T19:08:18.802Z"}
{"trainKey":"fex|konstruktionslehre|08:00|2026-04-07","linie":"fex","ziel":"Konstruktionslehre","plan":"08:00","actual":"08:00","dauer":90,"stops":"","date":"2026-04-07","canceled":false,"schemaVersion":2,"loggedAt":"2026-04-11T19:08:18.802Z"}
{"trainKey":"s5|fgg|unknown|unknown","linie":"S5","ziel":"Fgg","plan":"","actual":"","dauer":"","stops":"","date":"","canceled":false,"schemaVersion":2,"loggedAt":"2026-04-11T19:08:18.802Z"}
{"trainKey":"s5|5gg|unknown|unknown","linie":"S5","ziel":"5gg","plan":"","actual":"","dauer":"","stops":"","date":"","canceled":false,"schemaVersion":2,"loggedAt":"2026-04-11T19:08:18.802Z"}
{"trainKey":"s5|ggg|unknown|unknown","linie":"S5","ziel":"Ggg","plan":"","actual":"","dauer":"","stops":"","date":"","canceled":false,"schemaVersion":2,"loggedAt":"2026-04-11T19:08:18.802Z"}
{"trainKey":"s5|e|unknown|unknown","linie":"S5","ziel":"E","plan":"","actual":"","dauer":"","stops":"","date":"","canceled":false,"schemaVersion":2,"loggedAt":"2026-04-11T19:08:18.802Z"}
{"trainKey":"s5|furnfjdf|unknown|unknown","linie":"S5","ziel":"Furnfjdf","plan":"","actual":"","dauer":"","stops":"","date":"","canceled":false,"schemaVersion":2,"loggedAt":"2026-04-11T19:08:18.802Z"}
{"trainKey":"s6|unknown|12:00|2026-04-07","linie":"S6","ziel":"","plan":"12:00","actual":"12:00","dauer":6000,"stops":"","date":"2026-04-07","canceled":true,"schemaVersion":2,"loggedAt":"2026-04-11T19:08:18.802Z"}
{"trainKey":"s6|huh|00:00|2026-04-07","linie":"s6","ziel":"huh","plan":"00:00","actual":"00:00","dauer":10,"stops":"","date":"2026-04-07","canceled":false,"schemaVersion":2,"loggedAt":"2026-04-11T19:08:18.803Z"}
{"trainKey":"s1|whos laughing now bitcchhh|18:00|2026-04-06","linie":"S1","ziel":"whos laughing now bitcchhh","plan":"18:00","actual":"18:00","dauer":450,"stops":"","date":"2026-04-06","canceled":false,"schemaVersion":2,"loggedAt":"2026-04-11T19:08:18.803Z"}
{"trainKey":"s6|softwaretechnik|08:00|2026-04-08","linie":"S6","ziel":"Softwaretechnik","plan":"08:00","actual":"12:22","dauer":9,"stops":"","date":"2026-04-08","canceled":false,"schemaVersion":2,"loggedAt":"2026-04-11T19:08:18.803Z"}
{"trainKey":"s62|seminar softwaretechnik|09:45|2026-04-08","linie":"S62","ziel":"Seminar Softwaretechnik","plan":"09:45","actual":"12:29","dauer":2,"stops":"","date":"2026-04-08","canceled":false,"schemaVersion":2,"loggedAt":"2026-04-11T19:08:18.803Z"}
{"trainKey":"s1|lol help |10:10|2026-04-08","linie":"S1","ziel":"LOL help ","plan":"10:10","actual":"12:04","dauer":1,"stops":"","date":"2026-04-08","canceled":false,"schemaVersion":2,"loggedAt":"2026-04-11T19:08:18.803Z"}
{"trainKey":"s1|what|12:05|2026-04-08","linie":"S1","ziel":"what","plan":"12:05","actual":"12:04","dauer":468,"stops":"","date":"2026-04-08","canceled":false,"schemaVersion":2,"loggedAt":"2026-04-11T19:08:18.803Z"}
{"trainKey":"s5|nooo|12:50|2026-04-08","linie":"S5","ziel":"NOOO","plan":"12:50","actual":"12:05","dauer":2,"stops":"","date":"2026-04-08","canceled":false,"schemaVersion":2,"loggedAt":"2026-04-11T19:08:18.803Z"}
{"trainKey":"s5|no|12:00|2026-04-08","linie":"S5","ziel":"No","plan":"12:00","actual":"12:06","dauer":1,"stops":"","date":"2026-04-08","canceled":false,"schemaVersion":2,"loggedAt":"2026-04-11T19:08:18.803Z"}
{"trainKey":"s7|whyyy|12:12|2026-04-08","linie":"S7","ziel":"WHYYY","plan":"12:12","actual":"12:07","dauer":24,"stops":"","date":"2026-04-08","canceled":false,"schemaVersion":2,"loggedAt":"2026-04-11T19:08:18.803Z"}
{"trainKey":"1|1|11:11|2026-04-08","linie":"1","ziel":"1","plan":"11:11","actual":"12:07","dauer":24,"stops":"","date":"2026-04-08","canceled":false,"schemaVersion":2,"loggedAt":"2026-04-11T19:08:18.803Z"}
{"trainKey":"help |me|20:20|2026-04-08","linie":"HELP ","ziel":"ME","plan":"20:20","actual":"12:21","dauer":1,"stops":"","date":"2026-04-08","canceled":false,"schemaVersion":2,"loggedAt":"2026-04-11T19:08:18.803Z"}
{"trainKey":"s5|perfectttt|12:05|2026-04-08","linie":"S5","ziel":"Perfectttt","plan":"12:05","actual":"12:30","dauer":1,"stops":"","date":"2026-04-08","canceled":false,"schemaVersion":2,"loggedAt":"2026-04-11T19:08:18.803Z"}
{"trainKey":"1|1|13:00|2026-04-08","linie":"1","ziel":"1","plan":"13:00","actual":"12:32","dauer":10,"stops":"","date":"2026-04-08","canceled":false,"schemaVersion":2,"loggedAt":"2026-04-11T19:08:18.803Z"}
{"trainKey":"1|1|10:10|2026-04-08","linie":"1","ziel":"1","plan":"10:10","actual":"12:40","dauer":3,"stops":"","date":"2026-04-08","canceled":false,"schemaVersion":2,"loggedAt":"2026-04-11T19:08:18.803Z"}
{"trainKey":"twrtwrt|$§%|20:00|2026-04-08","linie":"TWRTWRT","ziel":"$§%","plan":"20:00","actual":"15:16","dauer":8,"stops":"","date":"2026-04-08","canceled":false,"schemaVersion":2,"loggedAt":"2026-04-11T19:08:18.803Z"}
{"trainKey":"1|1|20:00|2026-04-08","linie":"1","ziel":"1","plan":"20:00","actual":"20:15","dauer":1,"stops":"","date":"2026-04-08","canceled":false,"schemaVersion":2,"loggedAt":"2026-04-11T19:08:18.803Z"}
{"trainKey":"1|1|20:20|2026-04-08","linie":"1","ziel":"1","plan":"20:20","actual":"13:17","dauer":7,"stops":"","date":"2026-04-08","canceled":false,"schemaVersion":2,"loggedAt":"2026-04-11T19:08:18.803Z"}
{"trainKey":"1|21|20:00|2026-04-08","linie":"1","ziel":"21","plan":"20:00","actual":"13:17","dauer":7,"stops":"","date":"2026-04-08","canceled":false,"schemaVersion":2,"loggedAt":"2026-04-11T19:08:18.803Z"}
{"trainKey":"1|1|13:25|2026-04-08","linie":"1","ziel":"1","plan":"13:25","actual":"13:42","dauer":23,"stops":"","date":"2026-04-08","canceled":false,"schemaVersion":2,"loggedAt":"2026-04-11T19:08:18.803Z"}
{"trainKey":"1|^^|20:00|2026-04-08","linie":"1","ziel":"^^","plan":"20:00","actual":"13:45","dauer":6,"stops":"","date":"2026-04-08","canceled":false,"schemaVersion":2,"loggedAt":"2026-04-11T19:08:18.803Z"}
{"trainKey":"s6|die|20:20|2026-04-08","linie":"S6","ziel":"Die","plan":"20:20","actual":"15:09","dauer":1,"stops":"","date":"2026-04-08","canceled":false,"schemaVersion":2,"loggedAt":"2026-04-11T19:08:18.803Z"}
{"trainKey":"1|2|20:00|2026-04-08","linie":"1","ziel":"2","plan":"20:00","actual":"19:29","dauer":1,"stops":"","date":"2026-04-08","canceled":false,"schemaVersion":2,"loggedAt":"2026-04-11T19:08:18.803Z"}
{"trainKey":"s9|it workedddd|20:00|2026-04-08","linie":"S9","ziel":"IT WORKEDDDD","plan":"20:00","actual":"19:24","dauer":1,"stops":"","date":"2026-04-08","canceled":false,"schemaVersion":2,"loggedAt":"2026-04-11T19:08:18.803Z"}
{"trainKey":"1|1|10:00|2026-04-08","linie":"1","ziel":"1","plan":"10:00","actual":"22:24","dauer":1,"stops":"","date":"2026-04-08","canceled":false,"schemaVersion":2,"loggedAt":"2026-04-11T19:08:18.803Z"}
{"trainKey":"1|check in check out|19:50|2026-04-08","linie":"1","ziel":"check in check out","plan":"19:50","actual":"19:50","dauer":3,"stops":"","date":"2026-04-08","canceled":false,"schemaVersion":2,"loggedAt":"2026-04-11T19:08:18.803Z"}
{"trainKey":"2|check out check in|19:52|2026-04-08","linie":"2","ziel":"CHECK OUT CHECK IN","plan":"19:52","actual":"19:52","dauer":1,"stops":"","date":"2026-04-08","canceled":false,"schemaVersion":2,"loggedAt":"2026-04-11T19:08:18.803Z"}
{"trainKey":"s1|what lol|19:53|2026-04-08","linie":"S1","ziel":"WHAT LOL","plan":"19:53","actual":"19:53","dauer":23,"stops":"","date":"2026-04-08","canceled":false,"schemaVersion":2,"loggedAt":"2026-04-11T19:08:18.803Z"}
{"trainKey":"1|check outttt|unknown|2026-04-08","linie":"1","ziel":"CHECK OUTTTT","plan":"","actual":"","dauer":"","stops":"","date":"2026-04-08","canceled":false,"schemaVersion":2,"loggedAt":"2026-04-11T19:08:18.803Z"}
{"trainKey":"1|check outttt|20:00|2026-04-08","linie":"1","ziel":"CHECK OUTTTT","plan":"20:00","actual":"22:24","dauer":1,"stops":"","date":"2026-04-08","canceled":false,"schemaVersion":2,"loggedAt":"2026-04-11T19:08:18.803Z"}
{"trainKey":"2|12|20:00|2026-04-08","linie":"2","ziel":"12","plan":"20:00","actual":"20:18","dauer":1,"stops":"","date":"2026-04-08","canceled":false,"schemaVersion":2,"loggedAt":"2026-04-11T19:08:18.803Z"}
{"trainKey":"2|12|unknown|2026-04-08","linie":"2","ziel":"12","plan":"","actual":"20:18","dauer":1,"stops":"","date":"2026-04-08","canceled":false,"schemaVersion":2,"loggedAt":"2026-04-11T19:08:18.803Z"}
{"trainKey":"2|12woi4jnioet4h|unknown|2026-04-08","linie":"2","ziel":"12woi4jnioet4h","plan":"","actual":"20:18","dauer":1,"stops":"","date":"2026-04-08","canceled":false,"schemaVersion":2,"loggedAt":"2026-04-11T19:08:18.803Z"}
{"trainKey":"2|12woi4jnioet4h|20:18|2026-04-08","linie":"2","ziel":"12woi4jnioet4h","plan":"20:18","actual":"20:34","dauer":110,"stops":"","date":"2026-04-08","canceled":false,"schemaVersion":2,"loggedAt":"2026-04-11T19:08:18.803Z"}
{"trainKey":"1|1|20:18|2026-04-08","linie":"1","ziel":"1","plan":"20:18","actual":"20:18","dauer":1,"stops":"","date":"2026-04-08","canceled":false,"schemaVersion":2,"loggedAt":"2026-04-11T19:08:18.803Z"}
{"schemaVersion":2,"scheduleType":"fixed","loggedAt":"2026-04-11T18:38:45.667Z","trainKey":"fixed|uid|stem_l3nlk881y_1772051906345","_uniqueId":"stem_l3nlk881y_1772051906345","_templateId":null,"projectId":null,"type":null,"linie":"S62","ziel":"Seminar Konstruktionslehre","plan":"15:45","actual":"15:45","dauer":90,"zwischenhalte":[],"stops":"","date":"2026-04-08","plannedDate":"2026-04-08","canceled":false,"checkinTime":null,"checkoutTime":null,"recurrence":{"pattern":"weekdays","days":[]},"startDate":"2026-04-08","skippedDates":[]}
{"schemaVersion":2,"scheduleType":"fixed","loggedAt":"2026-04-11T18:38:45.667Z","trainKey":"fixed|uid|stem_x5kwy82hz_1772054002600","_uniqueId":"stem_x5kwy82hz_1772054002600","_templateId":null,"projectId":null,"type":null,"linie":"S6","ziel":"Konstruktionslehre","plan":"08:00","actual":"","dauer":90,"zwischenhalte":[],"stops":"","date":"2026-04-06","plannedDate":"2026-04-06","canceled":false,"checkinTime":null,"checkoutTime":null,"recurrence":{"pattern":"weekdays","days":[]},"startDate":"2026-04-06","skippedDates":["2026-04-06","2026-04-07"]}
{"schemaVersion":2,"scheduleType":"fixed","loggedAt":"2026-04-11T18:38:45.667Z","trainKey":"fixed|uid|stem_c5b05xd7h_1772054033691","_uniqueId":"stem_c5b05xd7h_1772054033691","_templateId":null,"projectId":null,"type":null,"linie":"S6","ziel":"Konstruktionslehre","plan":"08:00","actual":"","dauer":90,"zwischenhalte":[],"stops":"","date":"2026-04-07","plannedDate":"2026-04-07","canceled":false,"checkinTime":null,"checkoutTime":null,"recurrence":{"pattern":"daily","days":[]},"startDate":"2026-04-07","skippedDates":["2026-04-07"]}
{"schemaVersion":2,"scheduleType":"spontaneous","loggedAt":"2026-04-11T18:14:07.139Z","trainKey":"spontaneous|uid|train_14a2ye3ev_1772035280328","_uniqueId":"train_14a2ye3ev_1772035280328","_templateId":null,"projectId":null,"type":null,"linie":"S62","ziel":"Vortragsübung Technische Mechanik II","plan":"14:00","actual":"14:00","dauer":90,"zwischenhalte":[],"stops":"","date":"2026-04-10","plannedDate":"2026-04-10","canceled":false,"checkinTime":null,"checkoutTime":null,"recurrence":null,"startDate":null,"skippedDates":[]}
{"schemaVersion":2,"scheduleType":"spontaneous","loggedAt":"2026-04-11T18:38:45.667Z","trainKey":"spontaneous|uid|train_sl5ofqm15_1772056837560","_uniqueId":"train_sl5ofqm15_1772056837560","_templateId":"stem_tki7eyy2t_1772056862008","projectId":null,"type":null,"linie":"S1","ziel":"Sleep now","plan":"","actual":"","dauer":0,"zwischenhalte":[],"stops":"","date":"","plannedDate":"","canceled":false,"checkinTime":null,"checkoutTime":null,"recurrence":null,"startDate":null,"skippedDates":[]}
{"schemaVersion":2,"scheduleType":"spontaneous","loggedAt":"2026-04-11T18:38:45.667Z","trainKey":"spontaneous|uid|train_wjnznzmib_1772064856109","_uniqueId":"train_wjnznzmib_1772064856109","_templateId":null,"projectId":null,"type":null,"linie":"t","ziel":"","plan":"","actual":"","dauer":0,"zwischenhalte":[],"stops":"","date":"","plannedDate":"","canceled":false,"checkinTime":null,"checkoutTime":null,"recurrence":null,"startDate":null,"skippedDates":[]}
{"schemaVersion":2,"scheduleType":"spontaneous","loggedAt":"2026-04-11T18:14:07.139Z","trainKey":"spontaneous|uid|stem_l3nlk881y_1772051906345_2026-04-10","_uniqueId":"stem_l3nlk881y_1772051906345_2026-04-10","_templateId":"stem_l3nlk881y_1772051906345","projectId":null,"type":null,"linie":"S62","ziel":"Seminar Konstruktionslehre","plan":"15:45","actual":"15:45","dauer":90,"zwischenhalte":[],"stops":"","date":"2026-04-10","plannedDate":"2026-04-10","canceled":false,"checkinTime":null,"checkoutTime":null,"recurrence":null,"startDate":null,"skippedDates":[]}
{"schemaVersion":2,"scheduleType":"spontaneous","loggedAt":"2026-04-11T18:38:45.667Z","trainKey":"spontaneous|uid|stem_x5kwy82hz_1772054002600_2026-04-08","_uniqueId":"stem_x5kwy82hz_1772054002600_2026-04-08","_templateId":"stem_x5kwy82hz_1772054002600","projectId":"project_n9g8m6wi1_1775505696178","type":null,"linie":"S6","ziel":"Konstruktionslehre","plan":"08:00","actual":"11:44","dauer":2,"zwischenhalte":[],"stops":"","date":"2026-04-08","plannedDate":"2026-04-08","canceled":false,"checkinTime":"11:44","checkoutTime":"11:46","recurrence":null,"startDate":null,"skippedDates":[]}
{"schemaVersion":2,"scheduleType":"spontaneous","loggedAt":"2026-04-11T18:14:07.139Z","trainKey":"spontaneous|uid|stem_x5kwy82hz_1772054002600_2026-04-10","_uniqueId":"stem_x5kwy82hz_1772054002600_2026-04-10","_templateId":"stem_x5kwy82hz_1772054002600","projectId":null,"type":null,"linie":"S6","ziel":"Konstruktionslehre","plan":"08:00","actual":"08:00","dauer":90,"zwischenhalte":[],"stops":"","date":"2026-04-10","plannedDate":"2026-04-10","canceled":false,"checkinTime":null,"checkoutTime":null,"recurrence":null,"startDate":null,"skippedDates":[]}
{"schemaVersion":2,"scheduleType":"spontaneous","loggedAt":"2026-04-11T18:14:07.139Z","trainKey":"spontaneous|uid|stem_c5b05xd7h_1772054033691_2026-04-10","_uniqueId":"stem_c5b05xd7h_1772054033691_2026-04-10","_templateId":"stem_c5b05xd7h_1772054033691","projectId":null,"type":null,"linie":"S6","ziel":"Konstruktionslehre","plan":"08:00","actual":"08:00","dauer":90,"zwischenhalte":[],"stops":"","date":"2026-04-10","plannedDate":"2026-04-10","canceled":false,"checkinTime":null,"checkoutTime":null,"recurrence":null,"startDate":null,"skippedDates":[]}
{"schemaVersion":2,"scheduleType":"spontaneous","loggedAt":"2026-04-11T18:38:45.667Z","trainKey":"spontaneous|uid|stem_c5b05xd7h_1772054033691_2026-04-11","_uniqueId":"stem_c5b05xd7h_1772054033691_2026-04-11","_templateId":"stem_c5b05xd7h_1772054033691","projectId":null,"type":null,"linie":"S6","ziel":"Konstruktionslehre","plan":"08:00","actual":"20:25","dauer":1,"zwischenhalte":[],"stops":"","date":"2026-04-11","plannedDate":"2026-04-11","canceled":false,"checkinTime":"20:25","checkoutTime":"20:25","recurrence":null,"startDate":null,"skippedDates":[]}
{"schemaVersion":2,"scheduleType":"spontaneous","loggedAt":"2026-04-11T18:38:45.667Z","trainKey":"spontaneous|uid|stem_c5b05xd7h_1772054033691_2026-04-12","_uniqueId":"stem_c5b05xd7h_1772054033691_2026-04-12","_templateId":"stem_c5b05xd7h_1772054033691","projectId":null,"type":null,"linie":"S6","ziel":"Konstruktionslehre","plan":"08:00","actual":"08:00","dauer":90,"zwischenhalte":[],"stops":"","date":"2026-04-12","plannedDate":"2026-04-12","canceled":false,"checkinTime":null,"checkoutTime":null,"recurrence":null,"startDate":null,"skippedDates":[]}
{"schemaVersion":2,"scheduleType":"spontaneous","loggedAt":"2026-04-11T18:14:07.139Z","trainKey":"spontaneous|uid|stem_wiiqqj6zo_1772056524605_2026-04-10","_uniqueId":"stem_wiiqqj6zo_1772056524605_2026-04-10","_templateId":"stem_wiiqqj6zo_1772056524605","projectId":null,"type":null,"linie":"S7","ziel":"Sleep","plan":"","actual":"","dauer":0,"zwischenhalte":[],"stops":"","date":"2026-04-10","plannedDate":"2026-04-10","canceled":false,"checkinTime":null,"checkoutTime":null,"recurrence":null,"startDate":null,"skippedDates":[]}
{"schemaVersion":2,"scheduleType":"spontaneous","loggedAt":"2026-04-11T18:38:45.667Z","trainKey":"spontaneous|uid|stem_wiiqqj6zo_1772056524605_2026-04-11","_uniqueId":"stem_wiiqqj6zo_1772056524605_2026-04-11","_templateId":"stem_wiiqqj6zo_1772056524605","projectId":null,"type":null,"linie":"S7","ziel":"Sleep","plan":"","actual":"","dauer":0,"zwischenhalte":[],"stops":"","date":"2026-04-11","plannedDate":"2026-04-11","canceled":false,"checkinTime":null,"checkoutTime":null,"recurrence":null,"startDate":null,"skippedDates":[]}
{"schemaVersion":2,"scheduleType":"spontaneous","loggedAt":"2026-04-11T18:38:45.667Z","trainKey":"spontaneous|uid|stem_wiiqqj6zo_1772056524605_2026-04-12","_uniqueId":"stem_wiiqqj6zo_1772056524605_2026-04-12","_templateId":"stem_wiiqqj6zo_1772056524605","projectId":null,"type":null,"linie":"S7","ziel":"Sleep","plan":"","actual":"","dauer":0,"zwischenhalte":[],"stops":"","date":"2026-04-12","plannedDate":"2026-04-12","canceled":false,"checkinTime":null,"checkoutTime":null,"recurrence":null,"startDate":null,"skippedDates":[]}
{"schemaVersion":2,"scheduleType":"spontaneous","loggedAt":"2026-04-11T18:14:07.139Z","trainKey":"spontaneous|uid|stem_mnjj8dnec_1772057764071_2026-04-10","_uniqueId":"stem_mnjj8dnec_1772057764071_2026-04-10","_templateId":"stem_mnjj8dnec_1772057764071","projectId":null,"type":null,"linie":"S1","ziel":"All aboard the stem train","plan":"00:00","actual":"10:50","dauer":0,"zwischenhalte":[],"stops":"","date":"2026-04-10","plannedDate":"2026-04-10","canceled":false,"checkinTime":null,"checkoutTime":null,"recurrence":null,"startDate":null,"skippedDates":[]}
{"schemaVersion":2,"scheduleType":"spontaneous","loggedAt":"2026-04-11T18:38:45.667Z","trainKey":"spontaneous|uid|stem_mnjj8dnec_1772057764071_2026-04-11","_uniqueId":"stem_mnjj8dnec_1772057764071_2026-04-11","_templateId":"stem_mnjj8dnec_1772057764071","projectId":null,"type":null,"linie":"S1","ziel":"All aboard the stem train","plan":"00:00","actual":"00:00","dauer":0,"zwischenhalte":[],"stops":"","date":"2026-04-11","plannedDate":"2026-04-11","canceled":false,"checkinTime":null,"checkoutTime":null,"recurrence":null,"startDate":null,"skippedDates":[]}
{"schemaVersion":2,"scheduleType":"spontaneous","loggedAt":"2026-04-11T18:38:45.667Z","trainKey":"spontaneous|uid|stem_mnjj8dnec_1772057764071_2026-04-12","_uniqueId":"stem_mnjj8dnec_1772057764071_2026-04-12","_templateId":"stem_mnjj8dnec_1772057764071","projectId":null,"type":null,"linie":"S1","ziel":"All aboard the stem train","plan":"00:00","actual":"00:00","dauer":0,"zwischenhalte":[],"stops":"","date":"2026-04-12","plannedDate":"2026-04-12","canceled":false,"checkinTime":null,"checkoutTime":null,"recurrence":null,"startDate":null,"skippedDates":[]}
{"schemaVersion":2,"scheduleType":"spontaneous","loggedAt":"2026-04-11T18:14:07.139Z","trainKey":"spontaneous|uid|stem_fkti1oep0_1775379142172_2026-04-10","_uniqueId":"stem_fkti1oep0_1775379142172_2026-04-10","_templateId":"stem_fkti1oep0_1775379142172","projectId":null,"type":null,"linie":"S95","ziel":"Fachschaftssitzung","plan":"17:30","actual":"17:30","dauer":40,"zwischenhalte":[],"stops":"","date":"2026-04-10","plannedDate":"2026-04-10","canceled":false,"checkinTime":null,"checkoutTime":null,"recurrence":null,"startDate":null,"skippedDates":[]}
{"schemaVersion":2,"scheduleType":"spontaneous","loggedAt":"2026-04-11T18:38:45.667Z","trainKey":"spontaneous|uid|stem_fkti1oep0_1775379142172_2026-04-11","_uniqueId":"stem_fkti1oep0_1775379142172_2026-04-11","_templateId":"stem_fkti1oep0_1775379142172","projectId":null,"type":null,"linie":"S95","ziel":"Fachschaftssitzung","plan":"17:30","actual":"17:30","dauer":40,"zwischenhalte":[],"stops":"","date":"2026-04-11","plannedDate":"2026-04-11","canceled":false,"checkinTime":null,"checkoutTime":null,"recurrence":null,"startDate":null,"skippedDates":[]}
{"schemaVersion":2,"scheduleType":"spontaneous","loggedAt":"2026-04-11T18:38:45.667Z","trainKey":"spontaneous|uid|stem_fkti1oep0_1775379142172_2026-04-12","_uniqueId":"stem_fkti1oep0_1775379142172_2026-04-12","_templateId":"stem_fkti1oep0_1775379142172","projectId":null,"type":null,"linie":"S95","ziel":"Fachschaftssitzung","plan":"17:30","actual":"17:30","dauer":40,"zwischenhalte":[],"stops":"","date":"2026-04-12","plannedDate":"2026-04-12","canceled":false,"checkinTime":null,"checkoutTime":null,"recurrence":null,"startDate":null,"skippedDates":[]}
{"schemaVersion":2,"scheduleType":"spontaneous","loggedAt":"2026-04-11T18:38:45.668Z","trainKey":"spontaneous|uid|train_03h2pv0ad_1775508609909","_uniqueId":"train_03h2pv0ad_1775508609909","_templateId":null,"projectId":"project_bq8bhtcph_1772051967997","type":null,"linie":"S5","ziel":"Fgg","plan":"","actual":"","dauer":0,"zwischenhalte":[],"stops":"","date":"","plannedDate":"","canceled":false,"checkinTime":null,"checkoutTime":null,"recurrence":null,"startDate":null,"skippedDates":[]}
{"schemaVersion":2,"scheduleType":"spontaneous","loggedAt":"2026-04-11T18:38:45.668Z","trainKey":"spontaneous|uid|train_53l2q942h_1775508611004","_uniqueId":"train_53l2q942h_1775508611004","_templateId":null,"projectId":"project_bq8bhtcph_1772051967997","type":null,"linie":"S5","ziel":"5gg","plan":"","actual":"","dauer":0,"zwischenhalte":[],"stops":"","date":"","plannedDate":"","canceled":false,"checkinTime":null,"checkoutTime":null,"recurrence":null,"startDate":null,"skippedDates":[]}
{"schemaVersion":2,"scheduleType":"spontaneous","loggedAt":"2026-04-11T18:38:45.668Z","trainKey":"spontaneous|uid|train_18xdpex7j_1775508612414","_uniqueId":"train_18xdpex7j_1775508612414","_templateId":null,"projectId":"project_bq8bhtcph_1772051967997","type":null,"linie":"S5","ziel":"Ggg","plan":"","actual":"","dauer":0,"zwischenhalte":[],"stops":"","date":"","plannedDate":"","canceled":false,"checkinTime":null,"checkoutTime":null,"recurrence":null,"startDate":null,"skippedDates":[]}
{"schemaVersion":2,"scheduleType":"spontaneous","loggedAt":"2026-04-11T18:38:45.668Z","trainKey":"spontaneous|uid|train_9snudmu7c_1775508613263","_uniqueId":"train_9snudmu7c_1775508613263","_templateId":null,"projectId":"project_bq8bhtcph_1772051967997","type":null,"linie":"S5","ziel":"E","plan":"","actual":"","dauer":0,"zwischenhalte":[],"stops":"","date":"","plannedDate":"","canceled":false,"checkinTime":null,"checkoutTime":null,"recurrence":null,"startDate":null,"skippedDates":[]}
{"schemaVersion":2,"scheduleType":"spontaneous","loggedAt":"2026-04-11T18:38:45.668Z","trainKey":"spontaneous|uid|train_byysz45n0_1775508623165","_uniqueId":"train_byysz45n0_1775508623165","_templateId":null,"projectId":"project_bq8bhtcph_1772051967997","type":null,"linie":"S5","ziel":"Furnfjdf","plan":"","actual":"","dauer":0,"zwischenhalte":[],"stops":"","date":"","plannedDate":"","canceled":false,"checkinTime":null,"checkoutTime":null,"recurrence":null,"startDate":null,"skippedDates":[]}
{"schemaVersion":2,"scheduleType":"spontaneous","loggedAt":"2026-04-11T18:14:07.139Z","trainKey":"spontaneous|uid|train_mi0zzpurn_1775515012874","_uniqueId":"train_mi0zzpurn_1775515012874","_templateId":null,"projectId":null,"type":null,"linie":"S6","ziel":"","plan":"12:00","actual":"12:00","dauer":6000,"zwischenhalte":[],"stops":"","date":"2026-04-07","plannedDate":"2026-04-07","canceled":true,"checkinTime":null,"checkoutTime":null,"recurrence":null,"startDate":null,"skippedDates":[]}
{"schemaVersion":2,"scheduleType":"spontaneous","loggedAt":"2026-04-11T18:14:07.139Z","trainKey":"spontaneous|uid|train_hcn520biw_1775772778148","_uniqueId":"train_hcn520biw_1775772778148","_templateId":null,"projectId":null,"type":null,"linie":"S2","ziel":"Watcha doing","plan":"20:00","actual":"20:00","dauer":120,"zwischenhalte":[],"stops":"","date":"2026-04-10","plannedDate":"2026-04-10","canceled":false,"checkinTime":null,"checkoutTime":null,"recurrence":null,"startDate":null,"skippedDates":[]}
{"schemaVersion":2,"scheduleType":"spontaneous","loggedAt":"2026-04-11T18:38:45.668Z","trainKey":"spontaneous|uid|train_lg9r3ks2y_1775930911110","_uniqueId":"train_lg9r3ks2y_1775930911110","_templateId":"stem_g82dqltem_1775931246799","projectId":"project_bq8bhtcph_1772051967997","type":"duration-only","linie":"S1","ziel":"Read Me","plan":"","actual":"","dauer":0,"zwischenhalte":[],"stops":"","date":"2026-04-11","plannedDate":"2026-04-11","canceled":false,"checkinTime":null,"checkoutTime":"20:38","recurrence":null,"startDate":null,"skippedDates":[]}
{"schemaVersion":2,"scheduleType":"fixed","loggedAt":"2026-04-11T18:38:45.667Z","trainKey":"fixed|uid|stem_g82dqltem_1775931246799","_uniqueId":"stem_g82dqltem_1775931246799","_templateId":null,"projectId":"project_bq8bhtcph_1772051967997","type":"duration-only","linie":"S1","ziel":"Read Me","plan":"","actual":"","dauer":10,"zwischenhalte":[],"stops":"","date":"2026-04-11","plannedDate":"2026-04-11","canceled":false,"checkinTime":null,"checkoutTime":null,"recurrence":{"pattern":"daily","days":[]},"startDate":"2026-04-11","skippedDates":["2026-04-11"]}
{"schemaVersion":2,"scheduleType":"spontaneous","loggedAt":"2026-04-11T18:38:45.668Z","trainKey":"spontaneous|uid|stem_g82dqltem_1775931246799_2026-04-12","_uniqueId":"stem_g82dqltem_1775931246799_2026-04-12","_templateId":"stem_g82dqltem_1775931246799","projectId":"project_bq8bhtcph_1772051967997","type":"duration-only","linie":"S1","ziel":"Read Me","plan":"","actual":"","dauer":10,"zwischenhalte":[],"stops":"","date":"2026-04-12","plannedDate":"2026-04-12","canceled":false,"checkinTime":null,"checkoutTime":null,"recurrence":null,"startDate":null,"skippedDates":[]}
