{"trainKey":"s6|[prü] wk + ft|09:00|2026-01-24","linie":"S6","ziel":"[PRÜ] WK + FT","plan":"09:00","actual":"09:00","dauer":"","stops":"Qualitätsprüfung\n\nZeit: 90 Minuten\n\n Form: Multiple Choice. \n\nInhalt: Altklausur, ausgenommen sind nicht abgedeckte Themen.","date":"2026-01-24","canceled":false}
{"trainKey":"s6|[prü] technische mechanik|09:00|2026-01-24","linie":"S6","ziel":"[PRÜ] Technische Mechanik","plan":"09:00","actual":"15:00","dauer":"","stops":"Qualitätsprüfung\n\nZeit: 90 Minuten\n\n Form: Multiple Choice. \n\nInhalt: Altklausur, ausgenommen sind nicht abgedeckte Themen.","date":"2026-01-24","canceled":false}
{"trainKey":"s6|[prü] physik abschlusstest|00:00|2026-01-19","linie":"S6","ziel":"[PRÜ] Physik Abschlusstest","plan":"00:00","actual":"00:00","dauer":"","stops":"","date":"2026-01-19","canceled":false}
{"trainKey":"s6|einführung i.d. physik|07:45|2026-01-19","linie":"S6","ziel":"Einführung i.d. Physik","plan":"07:45","actual":"07:45","dauer":45,"stops":"PWR 53 - V53.01","date":"2026-01-19","canceled":false}
{"trainKey":"s7|technische mechanik i (übung)|14:00|2026-01-19","linie":"S7","ziel":"Technische Mechanik I (Übung)","plan":"14:00","actual":"14:00","dauer":90,"stops":"Einsatzort: Zuhause\n\nDieser Termin is für die folgenden Aufgaben vorgesehen\n\n- Mathe: Übungen zu Kapitel 1 bis einschließlich komplexen Zahlen. (2h)\n\n- Technische Mechanik I: Übungen bis einschließlich Kapitel 4: Schwerpunkt. (45m)","date":"2026-01-19","canceled":false}
{"trainKey":"s6|werkstoffkunde|11:30|2026-01-19","linie":"S6","ziel":"Werkstoffkunde","plan":"11:30","actual":"11:30","dauer":"90","stops":"PWR 07 - V 7.02","date":"2026-01-19","canceled":false}
{"trainKey":"s1|mittagspause|13:00|2026-01-19","linie":"S1","ziel":"Mittagspause","plan":"13:00","actual":"13:00","dauer":45,"stops":"","date":"2026-01-19","canceled":false}
{"trainKey":"s62|tm1 tutorium|09:45|2026-01-19","linie":"S62","ziel":"TM1 Tutorium","plan":"09:45","actual":"09:45","dauer":"90","stops":"PWR 06H - V 6.02 (PF06HEGV 6.02)","date":"2026-01-19","canceled":false}
{"trainKey":"s60|technische mechanik|15:45|2026-01-19","linie":"S60","ziel":"Technische Mechanik","plan":"15:45","actual":"15:45","dauer":90,"stops":"PWR 57 - V57.03\n\nDieser Termin ist als Vortragsübung angeboten.","date":"2026-01-19","canceled":false}
{"trainKey":"s45|flurus fachschaftssitzung|17:30|2026-01-19","linie":"S45","ziel":"FLURUS Fachschaftssitzung","plan":"17:30","actual":"17:30","dauer":30,"stops":"PWR 27 - V27.03\n\nDer Termin findet ab nächste Woche (W44) statt.","date":"2026-01-19","canceled":false}
{"trainKey":"s5|volleyball|20:00|2026-01-19","linie":"S5","ziel":"Volleyball","plan":"20:00","actual":"20:00","dauer":"90","stops":"","date":"2026-01-19","canceled":false}
{"trainKey":"s3|room decor|22:00|2026-01-19","linie":"S3","ziel":"Room Decor","plan":"22:00","actual":"20:02","dauer":"120","stops":"","date":"2026-01-19","canceled":false}
{"trainKey":"s60|seminar zur softwaretechnik|08:00|2026-01-20","linie":"S60","ziel":"Seminar zur Softwaretechnik","plan":"08:00","actual":"08:00","dauer":90,"stops":"","date":"2026-01-20","canceled":false}
{"trainKey":"s7|tz aufgabe 2 anfangen|09:45|2026-01-20","linie":"S7","ziel":"TZ Aufgabe 2 Anfangen","plan":"09:45","actual":"09:45","dauer":105,"stops":"","date":"2026-01-20","canceled":false}
{"trainKey":"s1|mittagspause|13:00|2026-01-20","linie":"S1","ziel":"Mittagspause","plan":"13:00","actual":"13:00","dauer":60,"stops":"","date":"2026-01-20","canceled":false}
{"trainKey":"s62|hm1 - gruppenübung|14:00|2026-01-20","linie":"S62","ziel":"HM1 - Gruppenübung","plan":"14:00","actual":"14:00","dauer":"90","stops":"PWR 09 - V 0.208 (PF09EGV 0.208)\n\nGruppe: Gruppe 43\nLehrveranstaltung: 010500104 Gruppenübung D zu Höhere Mathematik 1 für Ingenieurstudiengänge (2SSt UE, WS 2025/26)\nStudium: 1590 82 057 1 Luft- und Raumfahrttechnik\nStudienplankontext: Keine Zuordnung\n\n\nFÄLLT DIESE WOCHE AUS. ÜBERLAPPUNG MIT CAD KURS:","date":"2026-01-20","canceled":false}
{"trainKey":"s6|darstellungstechnik|15:45|2026-01-20","linie":"S6","ziel":"Darstellungstechnik","plan":"15:45","actual":"15:45","dauer":"90","stops":"PWR 47 - V47. 01","date":"2026-01-20","canceled":false}
{"trainKey":"s5|fitness studio|17:45|2026-01-20","linie":"S5","ziel":"Fitness Studio","plan":"17:45","actual":"17:45","dauer":"90","stops":"Achtung: Anmeldung noch nicht erfolgt.","date":"2026-01-20","canceled":true}
{"trainKey":"s7|mathematik i|20:00|2026-01-20","linie":"S7","ziel":"Mathematik I","plan":"20:00","actual":"20:00","dauer":180,"stops":"","date":"2026-01-20","canceled":false}
{"trainKey":"s3|room decor|22:00|2026-01-20","linie":"S3","ziel":"Room Decor","plan":"22:00","actual":"23:22","dauer":50,"stops":"","date":"2026-01-20","canceled":false}
{"trainKey":"s5|fitness studio|17:00|2026-01-21","linie":"S5","ziel":"Fitness Studio","plan":"17:00","actual":"11:00","dauer":"90","stops":"Achtung: Anmeldung noch nicht abgeschlossen!\n\nAb diese Woche um 17 Uhr, falls [HM1] Vortragsübung stattfindet, sonst als [Zusatzfahrt] um 7:30 Uhr angeboten. Dieser Termin fällt demzufolge aus.","date":"2026-01-21","canceled":false}
{"trainKey":"s60|hm1 vortragsübung|08:00|2026-01-21","linie":"S60","ziel":"HM1 Vortragsübung","plan":"08:00","actual":"08:00","dauer":"90","stops":"Vortragsübung zu Höhere Mathematik 1 für bewe, geod, lrt, mach, verk ZV, Standardgruppe\n\nPWR 53 - V 53.01 (PF5301V 53.01)","date":"2026-01-21","canceled":false}
{"trainKey":"s6|höhere mathematik i|09:45|2026-01-21","linie":"S6","ziel":"Höhere Mathematik I","plan":"09:45","actual":"09:20","dauer":"90","stops":"PWR 53 - V 53.01","date":"2026-01-21","canceled":false}
{"trainKey":"s1|mittagspause/sprechstunde tz|11:30|2026-01-21","linie":"S1","ziel":"Mittagspause/Sprechstunde TZ","plan":"11:30","actual":"10:40","dauer":"60","stops":"","date":"2026-01-21","canceled":false}
{"trainKey":"s3|room decor|22:00|2026-01-21","linie":"S3","ziel":"Room Decor","plan":"22:00","actual":"12:00","dauer":120,"stops":"","date":"2026-01-21","canceled":false}
{"trainKey":"s6|einführung i.d. physik|08:00|2026-01-22","linie":"S6","ziel":"Einführung i.d. Physik","plan":"08:00","actual":"08:00","dauer":"90","stops":"PWR 53 - V 53.01","date":"2026-01-22","canceled":false}
{"trainKey":"s6|softwarewerkzeuge|09:45|2026-01-22","linie":"S6","ziel":"Softwarewerkzeuge","plan":"09:45","actual":"09:45","dauer":"90","stops":"PWR 57 - V 57.03","date":"2026-01-22","canceled":false}
{"trainKey":"s6|fertigungstechnik|11:30|2026-01-22","linie":"S6","ziel":"Fertigungstechnik","plan":"11:30","actual":"11:30","dauer":"90","stops":"PWR 47 - V 47.02","date":"2026-01-22","canceled":false}
{"trainKey":"s1|mittagspause|13:00|2026-01-22","linie":"S1","ziel":"Mittagspause","plan":"13:00","actual":"13:15","dauer":45,"stops":"","date":"2026-01-22","canceled":false}
{"trainKey":"s7|unknown|14:00|2026-01-22","linie":"S7","ziel":"","plan":"14:00","actual":"14:00","dauer":"90","stops":"Mengen, Gruppe, Ringe und Körper\n\nKomplexe Zahlen","date":"2026-01-22","canceled":true}
{"trainKey":"s6|technische mechanik i|15:45|2026-01-22","linie":"S6","ziel":"Technische Mechanik I","plan":"15:45","actual":"15:45","dauer":"90","stops":"PWR 07 - V 07.02","date":"2026-01-22","canceled":false}
{"trainKey":"s7|tm1 - hörsaaltest|20:00|2026-01-22","linie":"S7","ziel":"TM1 - Hörsaaltest","plan":"20:00","actual":"20:00","dauer":120,"stops":"","date":"2026-01-22","canceled":true}
{"trainKey":"s3|movie night prep|22:00|2026-01-22","linie":"S3","ziel":"Movie Night Prep","plan":"22:00","actual":"21:10","dauer":180,"stops":"","date":"2026-01-22","canceled":true}
{"trainKey":"s6|tm1 - hörsaaltest 3|00:00|2026-01-19","linie":"S6","ziel":"TM1 - Hörsaaltest 3","plan":"00:00","actual":"00:00","dauer":"","stops":"","date":"2026-01-19","canceled":false}
{"trainKey":"s9|eagle sprechstunde|14:00|2026-01-19","linie":"S9","ziel":"EAGLE Sprechstunde","plan":"14:00","actual":"14:00","dauer":60,"stops":"","date":"2026-01-19","canceled":false}
{"trainKey":"s7|tz|18:00|2026-01-19","linie":"S7","ziel":"TZ","plan":"18:00","actual":"18:00","dauer":100,"stops":"","date":"2026-01-19","canceled":false}
{"trainKey":"s2|kochen|19:30|2026-01-20","linie":"S2","ziel":"Kochen","plan":"19:30","actual":"18:30","dauer":30,"stops":"","date":"2026-01-20","canceled":false}
{"trainKey":"s7|tz|22:00|2026-01-20","linie":"S7","ziel":"TZ","plan":"22:00","actual":"22:00","dauer":120,"stops":"","date":"2026-01-20","canceled":false}
{"trainKey":"s7|tz|16:00|2026-01-21","linie":"S7","ziel":"Tz","plan":"16:00","actual":"16:00","dauer":180,"stops":"","date":"2026-01-21","canceled":false}
{"trainKey":"s7|tz|20:00|2026-01-21","linie":"S7","ziel":"Tz","plan":"20:00","actual":"20:00","dauer":300,"stops":"","date":"2026-01-21","canceled":false}
