{"trainKey":"s7|[zusatzfahrt] übungsblatt hm1|20:00|2025-10-21","linie":"S7","ziel":"[Zusatzfahrt] Übungsblatt HM1","plan":"20:00","actual":"21:00","dauer":"120","stops":"[Zusatzfahrt] Übungsblatt HM1","date":"2025-10-21","canceled":false}
{"trainKey":"s6|cad crashkurs|13:30|2025-10-22","linie":"S6","ziel":"CAD Crashkurs","plan":"13:30","actual":"13:30","dauer":"180","stops":"StutCAD: PWR 9, 0.229\n\nLehrveranstaltung: StutCAD - CAD-Kurse: Siemens NX - Grundlagen LRT & EE","date":"2025-10-22","canceled":true}
{"trainKey":"s4|ksat einführungsevent|15:00|2025-10-22","linie":"S4","ziel":"KSat Einführungsevent","plan":"15:00","actual":"15:00","dauer":"60","stops":"","date":"2025-10-22","canceled":true}
{"trainKey":"s1|pause|15:00|2025-10-22","linie":"S1","ziel":"Pause","plan":"15:00","actual":"15:25","dauer":"10","stops":"Es ist empfohlen, dass du jetzt eine kleine Pause machen. Kein Druck, mach weiter wenn es dir lieber.","date":"2025-10-22","canceled":false}
{"trainKey":"s1|pause|16:00|2025-10-22","linie":"S1","ziel":"Pause","plan":"16:00","actual":"16:20","dauer":"10","stops":"Diese Pause musst du ernst nehmen, weil du jetzt bestimmt schon fertig mit dem Übungsblatt bist.","date":"2025-10-22","canceled":false}
{"trainKey":"s3|[zusatzfahrt] boarding light installation|19:00|2025-10-22","linie":"S3","ziel":"[Zusatzfahrt] Boarding Light Installation","plan":"19:00","actual":"19:00","dauer":"180","stops":"[Zusatzfahrt] Boarding Light Installation","date":"2025-10-22","canceled":true}
{"trainKey":"s7|[zusatzfahrt] selbststudium|21:00|2025-10-22","linie":"S7","ziel":"[Zusatzfahrt] Selbststudium","plan":"21:00","actual":"21:00","dauer":"30","stops":"Mathe. ","date":"2025-10-22","canceled":false}
{"trainKey":"s6|cad crashkurs|13:30|2025-10-23","linie":"S6","ziel":"CAD Crashkurs","plan":"13:30","actual":"13:30","dauer":"1801","stops":"StutCAD: PWR 9, 0.229\n\nLehrveranstaltung: StutCAD - CAD-Kurse: Siemens NX - Grundlagen LRT & EE","date":"2025-10-23","canceled":true}
{"trainKey":"s5|[zusatzfahrt] fitness studio|17:30|2025-10-23","linie":"S5","ziel":"[Zusatzfahrt] Fitness Studio","plan":"17:30","actual":"17:30","dauer":"90","stops":"DIESER TERMIN WURDE INSGESAMT 5 MAL VERSCHOBEN. \n\nAnmeldung noch nicht abgeschlossen!","date":"2025-10-23","canceled":true}
{"trainKey":"s4|flurus it einführung|17:45|2025-10-23","linie":"S4","ziel":"FLURUS IT Einführung","plan":"17:45","actual":"17:45","dauer":"60","stops":"V27.Base\n\nHi,\n\nDu hast Interesse an IT und kannst dir vorstellen bei der FLURUS IT\nmitzumachen, dann komm morgen zur Einführung!\n\nWann? Morgen, 23. Oktober, ab 17:45 Uhr\n\nFür wen? Alle Interessierten – Ihr braucht keinerlei Vorwissen!\n\nWo? In den FLURUS Räumen (V27 im UG)\n\n\nWir freuen uns auf euch!\n\nMarek","date":"2025-10-23","canceled":false}
{"trainKey":"s3|[zusatzfahrt] boarding light installation|19:00|2025-10-23","linie":"S3","ziel":"[Zusatzfahrt] Boarding Light Installation","plan":"19:00","actual":"20:30","dauer":"180","stops":"[Zusatzfahrt] Boarding Light Installation","date":"2025-10-23","canceled":true}
{"trainKey":"s6|cad crashkurs|13:30|2025-10-24","linie":"S6","ziel":"CAD Crashkurs","plan":"13:30","actual":"13:30","dauer":"180","stops":"StutCAD: PWR 9, 0.229\n\nLehrveranstaltung: StutCAD - CAD-Kurse: Siemens NX - Grundlagen LRT & EE","date":"2025-10-24","canceled":true}
{"trainKey":"s2|allg. aufräumen|13:50|2025-10-24","linie":"S2","ziel":"Allg. Aufräumen","plan":"13:50","actual":"13:50","dauer":"70","stops":"Clean ur room big queen","date":"2025-10-24","canceled":false}
{"trainKey":"s45|akamodell anmeldung|17:00|2025-10-24","linie":"S45","ziel":"AkaModell Anmeldung","plan":"17:00","actual":"17:00","dauer":"15","stops":"Mach es bevor es zu spät ist. ","date":"2025-10-24","canceled":true}
{"trainKey":"s2|einkaufen|17:00|2025-10-24","linie":"S2","ziel":"Einkaufen","plan":"17:00","actual":"17:00","dauer":"60","stops":"","date":"2025-10-24","canceled":true}
{"trainKey":"s3|[zusatzfahrt] boarding light installation|19:00|2025-10-24","linie":"S3","ziel":"[Zusatzfahrt] Boarding Light Installation","plan":"19:00","actual":"19:00","dauer":"180","stops":"[Zusatzfahrt] Boarding Light Installation","date":"2025-10-24","canceled":false}
{"trainKey":"s7|[zusatzfahrt] sls - faserverbundlabor|09:00|2025-10-25","linie":"S7","ziel":"[Zusatzfahrt] SLS - Faserverbundlabor","plan":"09:00","actual":"10:00","dauer":"120","stops":"Dieser Termin ist zur Vorbereitung für das Faserverbundlabor vorgesehen.","date":"2025-10-25","canceled":true}
{"trainKey":"s2|einkaufen|12:00|2025-10-25","linie":"S2","ziel":"Einkaufen","plan":"12:00","actual":"13:00","dauer":"60","stops":"","date":"2025-10-25","canceled":false}
{"trainKey":"s7|[zusatzfahrt] selbstlernen|15:00|2025-10-25","linie":"S7","ziel":"[Zusatzfahrt] Selbstlernen","plan":"15:00","actual":"15:10","dauer":"120","stops":"Einsatzort: Zuhause\n\nInhalt:\n\n- Faserverbundlabor - Notizen vervollständigen\n\n- HM 1: Komplexe Zahlen + Übungen.\n\nGrund für die Verspätung: The coffein is not working yall ","date":"2025-10-25","canceled":true}
{"trainKey":"s5|[zusatzfahrt] fitness studio|07:30|2025-10-26","linie":"S5","ziel":"[Zusatzfahrt] Fitness Studio","plan":"07:30","actual":"07:30","dauer":"90","stops":"DIESER TERMIN WURDE INSGESAMT 7 MAL VERSCHOBEN !!!!","date":"2025-10-26","canceled":true}
{"trainKey":"s2|wäsche entnehmen|15:40|2025-10-25","linie":"S2","ziel":"Wäsche entnehmen","plan":"15:40","actual":"15:41","dauer":"20","stops":"","date":"2025-10-25","canceled":false}
{"trainKey":"s2|[zusatzfahrt] abendpause|20:00|2025-10-25","linie":"S2","ziel":"[Zusatzfahrt] Abendpause","plan":"20:00","actual":"20:00","dauer":"15","stops":"Zeit zum Kochen und Essen.\n\nFahrplanänderung: Wegen fehlendem Werkzeug verspätet sich das Abendessen um 60 Minuten. ","date":"2025-10-25","canceled":false}
{"trainKey":"s1|pause|10:40|2025-10-26","linie":"S1","ziel":"Pause","plan":"10:40","actual":"10:40","dauer":"15","stops":"","date":"2025-10-26","canceled":false}
{"trainKey":"s2|wäsche abholen|21:00|2025-10-26","linie":"S2","ziel":"Wäsche abholen","plan":"21:00","actual":"21:00","dauer":"5","stops":"","date":"2025-10-26","canceled":false}
